[2025-06-24 01:11:33Z INFO HostContext] No proxy settings were found based on environmental variables (http_proxy/https_proxy/HTTP_PROXY/HTTPS_PROXY)
[2025-06-24 01:11:33Z INFO HostContext] Well known directory 'Bin': 'E:\học tập\01.AnNDB\Docker\fullstack-docker-app\actions-runner\bin'
[2025-06-24 01:11:33Z INFO HostContext] Well known directory 'Root': 'E:\học tập\01.AnNDB\Docker\fullstack-docker-app\actions-runner'
[2025-06-24 01:11:33Z INFO HostContext] Well known config file 'Credentials': 'E:\học tập\01.AnNDB\Docker\fullstack-docker-app\actions-runner\.credentials'
[2025-06-24 01:11:34Z INFO HostContext] Well known directory 'Bin': 'E:\học tập\01.AnNDB\Docker\fullstack-docker-app\actions-runner\bin'
[2025-06-24 01:11:34Z INFO HostContext] Well known directory 'Root': 'E:\học tập\01.AnNDB\Docker\fullstack-docker-app\actions-runner'
[2025-06-24 01:11:34Z INFO HostContext] Well known config file 'Runner': 'E:\học tập\01.AnNDB\Docker\fullstack-docker-app\actions-runner\.runner'
[2025-06-24 01:11:34Z INFO Listener] Runner is built for Windows (X64) - win-x64.
[2025-06-24 01:11:34Z INFO Listener] RuntimeInformation: Microsoft Windows 10.0.22631.
[2025-06-24 01:11:34Z INFO Listener] Version: 2.325.0
[2025-06-24 01:11:34Z INFO Listener] Commit: 71ed7cd46223bd5d61633445946813012b502d54
[2025-06-24 01:11:34Z INFO Listener] Culture: en-US
[2025-06-24 01:11:34Z INFO Listener] UI Culture: en-US
[2025-06-24 01:11:34Z INFO HostContext] Well known directory 'Bin': 'E:\học tập\01.AnNDB\Docker\fullstack-docker-app\actions-runner\bin'
[2025-06-24 01:11:34Z INFO HostContext] Well known directory 'Root': 'E:\học tập\01.AnNDB\Docker\fullstack-docker-app\actions-runner'
[2025-06-24 01:11:34Z INFO Listener] Validating directory permissions for: 'E:\học tập\01.AnNDB\Docker\fullstack-docker-app\actions-runner'
[2025-06-24 01:11:34Z INFO CommandLineParser] Parse
[2025-06-24 01:11:34Z INFO CommandLineParser] Parsing 1 args
[2025-06-24 01:11:34Z INFO CommandLineParser] parsing argument
[2025-06-24 01:11:34Z INFO CommandLineParser] HasArgs: False
[2025-06-24 01:11:34Z INFO CommandLineParser] Adding Command: run
[2025-06-24 01:11:34Z INFO Listener] Arguments parsed
[2025-06-24 01:11:34Z INFO Runner] ExecuteCommand
[2025-06-24 01:11:34Z INFO ConfigurationStore] currentAssemblyLocation: E:\học tập\01.AnNDB\Docker\fullstack-docker-app\actions-runner\bin\Runner.Listener.dll
[2025-06-24 01:11:34Z INFO HostContext] Well known directory 'Bin': 'E:\học tập\01.AnNDB\Docker\fullstack-docker-app\actions-runner\bin'
[2025-06-24 01:11:34Z INFO ConfigurationStore] binPath: E:\học tập\01.AnNDB\Docker\fullstack-docker-app\actions-runner\bin
[2025-06-24 01:11:34Z INFO HostContext] Well known directory 'Bin': 'E:\học tập\01.AnNDB\Docker\fullstack-docker-app\actions-runner\bin'
[2025-06-24 01:11:34Z INFO HostContext] Well known directory 'Root': 'E:\học tập\01.AnNDB\Docker\fullstack-docker-app\actions-runner'
[2025-06-24 01:11:34Z INFO ConfigurationStore] RootFolder: E:\học tập\01.AnNDB\Docker\fullstack-docker-app\actions-runner
[2025-06-24 01:11:34Z INFO HostContext] Well known directory 'Bin': 'E:\học tập\01.AnNDB\Docker\fullstack-docker-app\actions-runner\bin'
[2025-06-24 01:11:34Z INFO HostContext] Well known directory 'Root': 'E:\học tập\01.AnNDB\Docker\fullstack-docker-app\actions-runner'
[2025-06-24 01:11:34Z INFO HostContext] Well known config file 'Runner': 'E:\học tập\01.AnNDB\Docker\fullstack-docker-app\actions-runner\.runner'
[2025-06-24 01:11:34Z INFO ConfigurationStore] ConfigFilePath: E:\học tập\01.AnNDB\Docker\fullstack-docker-app\actions-runner\.runner
[2025-06-24 01:11:34Z INFO HostContext] Well known directory 'Bin': 'E:\học tập\01.AnNDB\Docker\fullstack-docker-app\actions-runner\bin'
[2025-06-24 01:11:34Z INFO HostContext] Well known directory 'Root': 'E:\học tập\01.AnNDB\Docker\fullstack-docker-app\actions-runner'
[2025-06-24 01:11:34Z INFO HostContext] Well known config file 'MigratedRunner': 'E:\học tập\01.AnNDB\Docker\fullstack-docker-app\actions-runner\.runner_migrated'
[2025-06-24 01:11:34Z INFO ConfigurationStore] MigratedConfigFilePath: E:\học tập\01.AnNDB\Docker\fullstack-docker-app\actions-runner\.runner_migrated
[2025-06-24 01:11:34Z INFO HostContext] Well known directory 'Bin': 'E:\học tập\01.AnNDB\Docker\fullstack-docker-app\actions-runner\bin'
[2025-06-24 01:11:34Z INFO HostContext] Well known directory 'Root': 'E:\học tập\01.AnNDB\Docker\fullstack-docker-app\actions-runner'
[2025-06-24 01:11:34Z INFO HostContext] Well known config file 'Credentials': 'E:\học tập\01.AnNDB\Docker\fullstack-docker-app\actions-runner\.credentials'
[2025-06-24 01:11:34Z INFO ConfigurationStore] CredFilePath: E:\học tập\01.AnNDB\Docker\fullstack-docker-app\actions-runner\.credentials
[2025-06-24 01:11:34Z INFO HostContext] Well known directory 'Bin': 'E:\học tập\01.AnNDB\Docker\fullstack-docker-app\actions-runner\bin'
[2025-06-24 01:11:34Z INFO HostContext] Well known directory 'Root': 'E:\học tập\01.AnNDB\Docker\fullstack-docker-app\actions-runner'
[2025-06-24 01:11:34Z INFO HostContext] Well known config file 'MigratedCredentials': 'E:\học tập\01.AnNDB\Docker\fullstack-docker-app\actions-runner\.credentials_migrated'
[2025-06-24 01:11:34Z INFO ConfigurationStore] MigratedCredFilePath: E:\học tập\01.AnNDB\Docker\fullstack-docker-app\actions-runner\.credentials_migrated
[2025-06-24 01:11:34Z INFO HostContext] Well known directory 'Bin': 'E:\học tập\01.AnNDB\Docker\fullstack-docker-app\actions-runner\bin'
[2025-06-24 01:11:34Z INFO HostContext] Well known directory 'Root': 'E:\học tập\01.AnNDB\Docker\fullstack-docker-app\actions-runner'
[2025-06-24 01:11:34Z INFO HostContext] Well known config file 'Service': 'E:\học tập\01.AnNDB\Docker\fullstack-docker-app\actions-runner\.service'
[2025-06-24 01:11:34Z INFO ConfigurationStore] ServiceConfigFilePath: E:\học tập\01.AnNDB\Docker\fullstack-docker-app\actions-runner\.service
[2025-06-24 01:11:34Z INFO CommandSettings] Flag 'help': 'False'
[2025-06-24 01:11:34Z INFO CommandSettings] Flag 'version': 'False'
[2025-06-24 01:11:34Z INFO CommandSettings] Flag 'commit': 'False'
[2025-06-24 01:11:34Z INFO CommandSettings] Flag 'check': 'False'
[2025-06-24 01:11:34Z INFO CommandSettings] Command 'configure': 'False'
[2025-06-24 01:11:34Z INFO CommandSettings] Command 'remove': 'False'
[2025-06-24 01:11:34Z INFO CommandSettings] Command 'warmup': 'False'
[2025-06-24 01:11:34Z INFO ConfigurationManager] LoadSettings
[2025-06-24 01:11:34Z INFO ConfigurationStore] IsConfigured()
[2025-06-24 01:11:34Z INFO ConfigurationStore] IsConfigured: True
[2025-06-24 01:11:34Z INFO ConfigurationManager] Is configured: True
[2025-06-24 01:11:34Z INFO ConfigurationStore] Read setting file: 407 chars
[2025-06-24 01:11:34Z INFO ConfigurationManager] Settings Loaded
[2025-06-24 01:11:34Z INFO ConfigurationStore] IsServiceConfigured()
[2025-06-24 01:11:34Z INFO ConfigurationStore] IsServiceConfigured: False
[2025-06-24 01:11:34Z INFO CommandSettings] Command 'run': 'True'
[2025-06-24 01:11:34Z INFO ConfigurationStore] IsConfigured()
[2025-06-24 01:11:34Z INFO ConfigurationStore] IsConfigured: True
[2025-06-24 01:11:34Z INFO ConfigurationManager] Is configured: True
[2025-06-24 01:11:34Z INFO Runner] Could not parse the argument value '' for StartupType. Defaulting to Manual
[2025-06-24 01:11:34Z INFO Runner] Set runner startup type - Manual
[2025-06-24 01:11:34Z INFO CommandSettings] Flag 'once': 'False'
[2025-06-24 01:11:34Z INFO CommandSettings] Flag 'once': 'False'
[2025-06-24 01:11:34Z INFO Runner] RunAsync
[2025-06-24 01:11:34Z INFO ConfigurationManager] LoadMigratedSettings
[2025-06-24 01:11:34Z INFO ConfigurationStore] IsMigratedConfigured()
[2025-06-24 01:11:34Z INFO ConfigurationStore] IsMigratedConfigured: False
[2025-06-24 01:11:34Z INFO Runner] Failed to load migrated settings: No migrated configuration found.
[2025-06-24 01:11:34Z INFO Runner] Falling back to original .runner settings
[2025-06-24 01:11:34Z INFO Runner] Using BrokerMessageListener
[2025-06-24 01:11:34Z INFO BrokerMessageListener] Using provided settings
[2025-06-24 01:11:34Z INFO BrokerMessageListener] {
  "AgentId": 2,
  "AgentName": "DESKTOP-OGODPTI",
  "PoolId": 1,
  "PoolName": "Default",
  "ServerUrl": "https://pipelinesghubeus13.actions.githubusercontent.com/A6Y7R78ZVKCHxkndIiZtdg1wY82cXOe3yYPHOqPAmW9jp5hA94/",
  "GitHubUrl": "https://github.com/adusimp/fullstack-docker-app",
  "WorkFolder": "_work",
  "UseV2Flow": true,
  "ServerUrlV2": "https://broker.actions.githubusercontent.com/"
}
[2025-06-24 01:11:34Z INFO BrokerMessageListener] Loading Credentials
[2025-06-24 01:11:34Z INFO ConfigurationStore] HasCredentials()
[2025-06-24 01:11:34Z INFO ConfigurationStore] stored True
[2025-06-24 01:11:34Z INFO CredentialManager] GetCredentialProvider
[2025-06-24 01:11:34Z INFO CredentialManager] Creating type OAuth
[2025-06-24 01:11:34Z INFO CredentialManager] Creating credential type: OAuth
[2025-06-24 01:11:34Z INFO HostContext] Well known directory 'Bin': 'E:\học tập\01.AnNDB\Docker\fullstack-docker-app\actions-runner\bin'
[2025-06-24 01:11:34Z INFO HostContext] Well known directory 'Root': 'E:\học tập\01.AnNDB\Docker\fullstack-docker-app\actions-runner'
[2025-06-24 01:11:34Z INFO HostContext] Well known config file 'RSACredentials': 'E:\học tập\01.AnNDB\Docker\fullstack-docker-app\actions-runner\.credentials_rsaparams'
[2025-06-24 01:11:34Z INFO RSAEncryptedFileKeyManager] Loading RSA key parameters from file E:\học tập\01.AnNDB\Docker\fullstack-docker-app\actions-runner\.credentials_rsaparams
[2025-06-24 01:11:34Z INFO BrokerMessageListener] Attempt to create session.
[2025-06-24 01:11:34Z INFO BrokerMessageListener] Connecting to the Broker Server...
[2025-06-24 01:11:34Z INFO ConfigurationStore] HasCredentials()
[2025-06-24 01:11:34Z INFO ConfigurationStore] stored True
[2025-06-24 01:11:34Z INFO CredentialManager] GetCredentialProvider
[2025-06-24 01:11:34Z INFO CredentialManager] Creating type OAuth
[2025-06-24 01:11:34Z INFO CredentialManager] Creating credential type: OAuth
[2025-06-24 01:11:34Z INFO RSAEncryptedFileKeyManager] Loading RSA key parameters from file E:\học tập\01.AnNDB\Docker\fullstack-docker-app\actions-runner\.credentials_rsaparams
[2025-06-24 01:11:34Z INFO BrokerMessageListener] VssConnection created
[2025-06-24 01:11:34Z INFO BrokerMessageListener] Connecting to the Runner server...
[2025-06-24 01:11:34Z INFO RunnerServer] EstablishVssConnection
[2025-06-24 01:11:34Z INFO RunnerServer] Establish connection with 100 seconds timeout.
[2025-06-24 01:11:34Z INFO GitHubActionsService] Starting operation Location.GetConnectionData
[2025-06-24 01:11:34Z INFO RunnerServer] EstablishVssConnection
[2025-06-24 01:11:34Z INFO RunnerServer] Establish connection with 60 seconds timeout.
[2025-06-24 01:11:34Z INFO GitHubActionsService] Starting operation Location.GetConnectionData
[2025-06-24 01:11:34Z INFO RunnerServer] EstablishVssConnection
[2025-06-24 01:11:34Z INFO RunnerServer] Establish connection with 60 seconds timeout.
[2025-06-24 01:11:34Z INFO GitHubActionsService] Starting operation Location.GetConnectionData
[2025-06-24 01:11:35Z INFO GitHubActionsService] Finished operation Location.GetConnectionData
[2025-06-24 01:11:35Z INFO GitHubActionsService] Finished operation Location.GetConnectionData
[2025-06-24 01:11:35Z INFO GitHubActionsService] Finished operation Location.GetConnectionData
[2025-06-24 01:11:36Z INFO BrokerMessageListener] VssConnection created
[2025-06-24 01:11:36Z INFO Terminal] WRITE LINE: 
[2025-06-24 01:11:36Z INFO Terminal] WRITE LINE: 
[2025-06-24 01:11:36Z INFO RSAEncryptedFileKeyManager] Loading RSA key parameters from file E:\học tập\01.AnNDB\Docker\fullstack-docker-app\actions-runner\.credentials_rsaparams
[2025-06-24 01:11:36Z INFO RSAEncryptedFileKeyManager] Loading RSA key parameters from file E:\học tập\01.AnNDB\Docker\fullstack-docker-app\actions-runner\.credentials_rsaparams
[2025-06-24 01:11:37Z INFO GitHubActionsService] AAD Correlation ID for this token request: Unknown
[2025-06-24 01:11:38Z INFO BrokerMessageListener] Session created.
[2025-06-24 01:11:38Z INFO Terminal] WRITE LINE: Current runner version: '2.325.0'
[2025-06-24 01:11:38Z INFO Terminal] WRITE LINE: 2025-06-24 01:11:38Z: Listening for Jobs
[2025-06-24 01:11:38Z INFO JobDispatcher] Set runner/worker IPC timeout to 30 seconds.
[2025-06-24 01:13:39Z INFO ConfigurationStore] HasCredentials()
[2025-06-24 01:13:39Z INFO ConfigurationStore] stored True
[2025-06-24 01:13:39Z INFO CredentialManager] GetCredentialProvider
[2025-06-24 01:13:39Z INFO CredentialManager] Creating type OAuth
[2025-06-24 01:13:39Z INFO CredentialManager] Creating credential type: OAuth
[2025-06-24 01:13:39Z INFO RSAEncryptedFileKeyManager] Loading RSA key parameters from file E:\học tập\01.AnNDB\Docker\fullstack-docker-app\actions-runner\.credentials_rsaparams
[2025-06-24 01:13:39Z INFO RSAEncryptedFileKeyManager] Loading RSA key parameters from file E:\học tập\01.AnNDB\Docker\fullstack-docker-app\actions-runner\.credentials_rsaparams
[2025-06-24 01:13:39Z INFO RSAEncryptedFileKeyManager] Loading RSA key parameters from file E:\học tập\01.AnNDB\Docker\fullstack-docker-app\actions-runner\.credentials_rsaparams
[2025-06-24 01:13:40Z INFO GitHubActionsService] AAD Correlation ID for this token request: Unknown
[2025-06-24 01:13:41Z INFO JobDispatcher] Job request 0 for plan 04258073-12dd-4a7e-ae96-63f179e64b0d job 39084ca6-db82-513c-9b52-6a0370732224 received.
[2025-06-24 01:13:41Z INFO BrokerMessageListener] Received job status event. JobState: Busy
[2025-06-24 01:13:41Z INFO BrokerMessageListener] _getMessagesTokenSource is already disposed.
[2025-06-24 01:13:41Z INFO Terminal] WRITE LINE: 2025-06-24 01:13:41Z: Running job: build_push_pull_run
[2025-06-24 01:13:41Z INFO JobDispatcher] Start renew job request 0 for job 39084ca6-db82-513c-9b52-6a0370732224.
[2025-06-24 01:13:42Z INFO JobDispatcher] Successfully renew job 39084ca6-db82-513c-9b52-6a0370732224, job is valid till 6/24/2025 1:23:42 AM
[2025-06-24 01:13:42Z INFO HostContext] Well known directory 'Bin': 'E:\học tập\01.AnNDB\Docker\fullstack-docker-app\actions-runner\bin'
[2025-06-24 01:13:42Z INFO ProcessInvokerWrapper] Starting process:
[2025-06-24 01:13:42Z INFO ProcessInvokerWrapper]   File name: 'E:\học tập\01.AnNDB\Docker\fullstack-docker-app\actions-runner\bin\Runner.Worker.exe'
[2025-06-24 01:13:42Z INFO ProcessInvokerWrapper]   Arguments: 'spawnclient 1180 2308'
[2025-06-24 01:13:42Z INFO ProcessInvokerWrapper]   Working directory: 'E:\học tập\01.AnNDB\Docker\fullstack-docker-app\actions-runner\bin'
[2025-06-24 01:13:42Z INFO ProcessInvokerWrapper]   Require exit code zero: 'False'
[2025-06-24 01:13:42Z INFO ProcessInvokerWrapper]   Encoding web name:  ; code page: ''
[2025-06-24 01:13:42Z INFO ProcessInvokerWrapper]   Force kill process on cancellation: 'True'
[2025-06-24 01:13:42Z INFO ProcessInvokerWrapper]   Redirected STDIN: 'False'
[2025-06-24 01:13:42Z INFO ProcessInvokerWrapper]   Persist current code page: 'False'
[2025-06-24 01:13:42Z INFO ProcessInvokerWrapper]   Keep redirected STDIN open: 'False'
[2025-06-24 01:13:42Z INFO ProcessInvokerWrapper]   High priority process: 'True'
[2025-06-24 01:13:42Z INFO ProcessInvokerWrapper] Process started with process id 13448, waiting for process exit.
[2025-06-24 01:13:42Z INFO JobDispatcher] Send job request message to worker for job 39084ca6-db82-513c-9b52-6a0370732224.
[2025-06-24 01:13:42Z INFO ProcessChannel] Sending message of length 22941, with hash '091f797f7850628c3a91affb848a856914e5863cea67a7bf134cadf8a292d710'
[2025-06-24 01:13:42Z INFO JobNotification] Entering JobStarted Notification
[2025-06-24 01:13:42Z INFO JobNotification] Entering StartMonitor
[2025-06-24 01:14:31Z INFO ProcessInvokerWrapper] STDOUT/STDERR stream read finished.
[2025-06-24 01:14:31Z INFO ProcessInvokerWrapper] STDOUT/STDERR stream read finished.
[2025-06-24 01:14:31Z INFO ProcessInvokerWrapper] Finished process 13448 with exit code 102, and elapsed time 00:00:48.7871626.
[2025-06-24 01:14:31Z INFO JobDispatcher] Worker finished for job 39084ca6-db82-513c-9b52-6a0370732224. Code: 102
[2025-06-24 01:14:31Z INFO JobDispatcher] finish job request for job 39084ca6-db82-513c-9b52-6a0370732224 with result: Failed
[2025-06-24 01:14:31Z INFO Terminal] WRITE LINE: 2025-06-24 01:14:31Z: Job build_push_pull_run completed with result: Failed
[2025-06-24 01:14:31Z INFO JobDispatcher] Stop renew job request for job 39084ca6-db82-513c-9b52-6a0370732224.
[2025-06-24 01:14:31Z INFO JobDispatcher] job renew has been cancelled, stop renew job 39084ca6-db82-513c-9b52-6a0370732224.
[2025-06-24 01:14:31Z INFO JobNotification] Entering JobCompleted Notification
[2025-06-24 01:14:31Z INFO JobNotification] Entering EndMonitor
[2025-06-24 01:14:31Z INFO BrokerMessageListener] Received job status event. JobState: Online
[2025-06-24 01:14:31Z WARN GitHubActionsService] GET request to https://broker.actions.githubusercontent.com/message?sessionId=ce4b2de4-41d5-4237-8dc8-92cc584c1dcc&status=Busy&runnerVersion=2.325.0&os=Windows&architecture=X64&disableUpdate=false has been cancelled.
[2025-06-24 01:14:31Z ERR  BrokerServer] Catch exception during request
[2025-06-24 01:14:31Z ERR  BrokerServer] System.Threading.Tasks.TaskCanceledException: The operation was canceled.
 ---> System.Threading.Tasks.TaskCanceledException: The operation was canceled.
 ---> System.IO.IOException: Unable to read data from the transport connection: The I/O operation has been aborted because of either a thread exit or an application request..
 ---> System.Net.Sockets.SocketException (995): The I/O operation has been aborted because of either a thread exit or an application request.
   --- End of inner exception stack trace ---
   at System.Net.Sockets.Socket.AwaitableSocketAsyncEventArgs.ThrowException(SocketError error, CancellationToken cancellationToken)
   at System.Net.Sockets.Socket.AwaitableSocketAsyncEventArgs.System.Threading.Tasks.Sources.IValueTaskSource<System.Int32>.GetResult(Int16 token)
   at System.Net.Security.SslStream.EnsureFullTlsFrameAsync[TIOAdapter](CancellationToken cancellationToken, Int32 estimatedSize)
   at System.Runtime.CompilerServices.PoolingAsyncValueTaskMethodBuilder`1.StateMachineBox`1.System.Threading.Tasks.Sources.IValueTaskSource<TResult>.GetResult(Int16 token)
   at System.Net.Security.SslStream.ReadAsyncInternal[TIOAdapter](Memory`1 buffer, CancellationToken cancellationToken)
   at System.Runtime.CompilerServices.PoolingAsyncValueTaskMethodBuilder`1.StateMachineBox`1.System.Threading.Tasks.Sources.IValueTaskSource<TResult>.GetResult(Int16 token)
   at System.Net.Http.HttpConnection.SendAsync(HttpRequestMessage request, Boolean async, CancellationToken cancellationToken)
   --- End of inner exception stack trace ---
   at System.Net.Http.HttpConnection.SendAsync(HttpRequestMessage request, Boolean async, CancellationToken cancellationToken)
   at System.Net.Http.AuthenticationHelper.SendWithNtAuthAsync(HttpRequestMessage request, Uri authUri, Boolean async, ICredentials credentials, Boolean isProxyAuth, HttpConnection connection, HttpConnectionPool connectionPool, CancellationToken cancellationToken)
   at System.Net.Http.HttpConnectionPool.SendWithVersionDetectionAndRetryAsync(HttpRequestMessage request, Boolean async, Boolean doRequestAuth, CancellationToken cancellationToken)
   at System.Net.Http.AuthenticationHelper.SendWithAuthAsync(HttpRequestMessage request, Uri authUri, Boolean async, ICredentials credentials, Boolean preAuthenticate, Boolean isProxyAuth, Boolean doRequestAuth, HttpConnectionPool pool, CancellationToken cancellationToken)
   at System.Net.Http.RedirectHandler.SendAsync(HttpRequestMessage request, Boolean async, CancellationToken cancellationToken)
   at GitHub.Services.Common.RawHttpMessageHandler.SendAsync(HttpRequestMessage request, CancellationToken cancellationToken)
   at GitHub.Services.Common.VssHttpRetryMessageHandler.SendAsync(HttpRequestMessage request, CancellationToken cancellationToken)
   at System.Net.Http.HttpClient.<SendAsync>g__Core|83_0(HttpRequestMessage request, HttpCompletionOption completionOption, CancellationTokenSource cts, Boolean disposeCts, CancellationTokenSource pendingRequestsCts, CancellationToken originalCancellationToken)
   --- End of inner exception stack trace ---
   at System.Net.Http.HttpClient.HandleFailure(Exception e, Boolean telemetryStarted, HttpResponseMessage response, CancellationTokenSource cts, CancellationToken cancellationToken, CancellationTokenSource pendingRequestsCts)
   at System.Net.Http.HttpClient.<SendAsync>g__Core|83_0(HttpRequestMessage request, HttpCompletionOption completionOption, CancellationTokenSource cts, Boolean disposeCts, CancellationTokenSource pendingRequestsCts, CancellationToken originalCancellationToken)
   at Sdk.WebApi.WebApi.RawHttpClientBase.SendAsync(HttpRequestMessage message, HttpCompletionOption completionOption, Object userState, CancellationToken cancellationToken)
   at Sdk.WebApi.WebApi.RawHttpClientBase.SendAsync[T](HttpRequestMessage message, Boolean readErrorBody, Object userState, CancellationToken cancellationToken)
   at Sdk.WebApi.WebApi.RawHttpClientBase.SendAsync[T](HttpMethod method, IEnumerable`1 additionalHeaders, Uri requestUri, HttpContent content, IEnumerable`1 queryParameters, Boolean readErrorBody, Object userState, CancellationToken cancellationToken)
   at GitHub.Actions.RunService.WebApi.BrokerHttpClient.GetRunnerMessageAsync(Nullable`1 sessionId, String runnerVersion, Nullable`1 status, String os, String architecture, Nullable`1 disableUpdate, CancellationToken cancellationToken)
   at GitHub.Runner.Common.BrokerServer.<>c__DisplayClass7_0.<<GetRunnerMessageAsync>b__0>d.MoveNext()
--- End of stack trace from previous location ---
   at GitHub.Runner.Common.RunnerService.RetryRequest[T](Func`1 func, CancellationToken cancellationToken, Int32 maxRetryAttemptsCount, Func`2 shouldRetry)
[2025-06-24 01:14:31Z ERR  BrokerServer] #####################################################
[2025-06-24 01:14:31Z ERR  BrokerServer] System.Threading.Tasks.TaskCanceledException: The operation was canceled.
 ---> System.IO.IOException: Unable to read data from the transport connection: The I/O operation has been aborted because of either a thread exit or an application request..
 ---> System.Net.Sockets.SocketException (995): The I/O operation has been aborted because of either a thread exit or an application request.
   --- End of inner exception stack trace ---
   at System.Net.Sockets.Socket.AwaitableSocketAsyncEventArgs.ThrowException(SocketError error, CancellationToken cancellationToken)
   at System.Net.Sockets.Socket.AwaitableSocketAsyncEventArgs.System.Threading.Tasks.Sources.IValueTaskSource<System.Int32>.GetResult(Int16 token)
   at System.Net.Security.SslStream.EnsureFullTlsFrameAsync[TIOAdapter](CancellationToken cancellationToken, Int32 estimatedSize)
   at System.Runtime.CompilerServices.PoolingAsyncValueTaskMethodBuilder`1.StateMachineBox`1.System.Threading.Tasks.Sources.IValueTaskSource<TResult>.GetResult(Int16 token)
   at System.Net.Security.SslStream.ReadAsyncInternal[TIOAdapter](Memory`1 buffer, CancellationToken cancellationToken)
   at System.Runtime.CompilerServices.PoolingAsyncValueTaskMethodBuilder`1.StateMachineBox`1.System.Threading.Tasks.Sources.IValueTaskSource<TResult>.GetResult(Int16 token)
   at System.Net.Http.HttpConnection.SendAsync(HttpRequestMessage request, Boolean async, CancellationToken cancellationToken)
   --- End of inner exception stack trace ---
   at System.Net.Http.HttpConnection.SendAsync(HttpRequestMessage request, Boolean async, CancellationToken cancellationToken)
   at System.Net.Http.AuthenticationHelper.SendWithNtAuthAsync(HttpRequestMessage request, Uri authUri, Boolean async, ICredentials credentials, Boolean isProxyAuth, HttpConnection connection, HttpConnectionPool connectionPool, CancellationToken cancellationToken)
   at System.Net.Http.HttpConnectionPool.SendWithVersionDetectionAndRetryAsync(HttpRequestMessage request, Boolean async, Boolean doRequestAuth, CancellationToken cancellationToken)
   at System.Net.Http.AuthenticationHelper.SendWithAuthAsync(HttpRequestMessage request, Uri authUri, Boolean async, ICredentials credentials, Boolean preAuthenticate, Boolean isProxyAuth, Boolean doRequestAuth, HttpConnectionPool pool, CancellationToken cancellationToken)
   at System.Net.Http.RedirectHandler.SendAsync(HttpRequestMessage request, Boolean async, CancellationToken cancellationToken)
   at GitHub.Services.Common.RawHttpMessageHandler.SendAsync(HttpRequestMessage request, CancellationToken cancellationToken)
   at GitHub.Services.Common.VssHttpRetryMessageHandler.SendAsync(HttpRequestMessage request, CancellationToken cancellationToken)
   at System.Net.Http.HttpClient.<SendAsync>g__Core|83_0(HttpRequestMessage request, HttpCompletionOption completionOption, CancellationTokenSource cts, Boolean disposeCts, CancellationTokenSource pendingRequestsCts, CancellationToken originalCancellationToken)
[2025-06-24 01:14:31Z ERR  BrokerServer] #####################################################
[2025-06-24 01:14:31Z ERR  BrokerServer] System.IO.IOException: Unable to read data from the transport connection: The I/O operation has been aborted because of either a thread exit or an application request..
 ---> System.Net.Sockets.SocketException (995): The I/O operation has been aborted because of either a thread exit or an application request.
   --- End of inner exception stack trace ---
   at System.Net.Sockets.Socket.AwaitableSocketAsyncEventArgs.ThrowException(SocketError error, CancellationToken cancellationToken)
   at System.Net.Sockets.Socket.AwaitableSocketAsyncEventArgs.System.Threading.Tasks.Sources.IValueTaskSource<System.Int32>.GetResult(Int16 token)
   at System.Net.Security.SslStream.EnsureFullTlsFrameAsync[TIOAdapter](CancellationToken cancellationToken, Int32 estimatedSize)
   at System.Runtime.CompilerServices.PoolingAsyncValueTaskMethodBuilder`1.StateMachineBox`1.System.Threading.Tasks.Sources.IValueTaskSource<TResult>.GetResult(Int16 token)
   at System.Net.Security.SslStream.ReadAsyncInternal[TIOAdapter](Memory`1 buffer, CancellationToken cancellationToken)
   at System.Runtime.CompilerServices.PoolingAsyncValueTaskMethodBuilder`1.StateMachineBox`1.System.Threading.Tasks.Sources.IValueTaskSource<TResult>.GetResult(Int16 token)
   at System.Net.Http.HttpConnection.SendAsync(HttpRequestMessage request, Boolean async, CancellationToken cancellationToken)
[2025-06-24 01:14:31Z ERR  BrokerServer] #####################################################
[2025-06-24 01:14:31Z ERR  BrokerServer] System.Net.Sockets.SocketException (995): The I/O operation has been aborted because of either a thread exit or an application request.
[2025-06-24 01:14:31Z WARN BrokerServer] Back off 7.742 seconds before next retry. 4 attempt left.
[2025-06-24 01:14:31Z INFO BrokerMessageListener] Get messages has been cancelled using local token source. Continue to get messages with new status.
[2025-06-24 01:20:56Z INFO ConfigurationStore] HasCredentials()
[2025-06-24 01:20:56Z INFO ConfigurationStore] stored True
[2025-06-24 01:20:56Z INFO CredentialManager] GetCredentialProvider
[2025-06-24 01:20:56Z INFO CredentialManager] Creating type OAuth
[2025-06-24 01:20:56Z INFO CredentialManager] Creating credential type: OAuth
[2025-06-24 01:20:56Z INFO RSAEncryptedFileKeyManager] Loading RSA key parameters from file E:\học tập\01.AnNDB\Docker\fullstack-docker-app\actions-runner\.credentials_rsaparams
[2025-06-24 01:20:56Z INFO RSAEncryptedFileKeyManager] Loading RSA key parameters from file E:\học tập\01.AnNDB\Docker\fullstack-docker-app\actions-runner\.credentials_rsaparams
[2025-06-24 01:20:56Z INFO RSAEncryptedFileKeyManager] Loading RSA key parameters from file E:\học tập\01.AnNDB\Docker\fullstack-docker-app\actions-runner\.credentials_rsaparams
[2025-06-24 01:20:56Z INFO GitHubActionsService] AAD Correlation ID for this token request: Unknown
[2025-06-24 01:20:58Z INFO JobDispatcher] Job request 0 for plan 816f09f4-dc9e-4294-bdb4-cec2557e203d job 13cc8782-f665-55ae-8082-af13296cf690 received.
[2025-06-24 01:20:58Z INFO BrokerMessageListener] Received job status event. JobState: Busy
[2025-06-24 01:20:58Z INFO BrokerMessageListener] _getMessagesTokenSource is already disposed.
[2025-06-24 01:20:58Z INFO JobDispatcher] Job request 39084ca6-db82-513c-9b52-6a0370732224 processed succeed.
[2025-06-24 01:20:58Z INFO Terminal] WRITE LINE: 2025-06-24 01:20:58Z: Running job: build_push_pull_run
[2025-06-24 01:20:58Z INFO JobDispatcher] Start renew job request 0 for job 13cc8782-f665-55ae-8082-af13296cf690.
[2025-06-24 01:20:59Z INFO JobDispatcher] Successfully renew job 13cc8782-f665-55ae-8082-af13296cf690, job is valid till 6/24/2025 1:30:58 AM
[2025-06-24 01:20:59Z INFO HostContext] Well known directory 'Bin': 'E:\học tập\01.AnNDB\Docker\fullstack-docker-app\actions-runner\bin'
[2025-06-24 01:20:59Z INFO ProcessInvokerWrapper] Starting process:
[2025-06-24 01:20:59Z INFO ProcessInvokerWrapper]   File name: 'E:\học tập\01.AnNDB\Docker\fullstack-docker-app\actions-runner\bin\Runner.Worker.exe'
[2025-06-24 01:20:59Z INFO ProcessInvokerWrapper]   Arguments: 'spawnclient 2432 2444'
[2025-06-24 01:20:59Z INFO ProcessInvokerWrapper]   Working directory: 'E:\học tập\01.AnNDB\Docker\fullstack-docker-app\actions-runner\bin'
[2025-06-24 01:20:59Z INFO ProcessInvokerWrapper]   Require exit code zero: 'False'
[2025-06-24 01:20:59Z INFO ProcessInvokerWrapper]   Encoding web name:  ; code page: ''
[2025-06-24 01:20:59Z INFO ProcessInvokerWrapper]   Force kill process on cancellation: 'True'
[2025-06-24 01:20:59Z INFO ProcessInvokerWrapper]   Redirected STDIN: 'False'
[2025-06-24 01:20:59Z INFO ProcessInvokerWrapper]   Persist current code page: 'False'
[2025-06-24 01:20:59Z INFO ProcessInvokerWrapper]   Keep redirected STDIN open: 'False'
[2025-06-24 01:20:59Z INFO ProcessInvokerWrapper]   High priority process: 'True'
[2025-06-24 01:20:59Z INFO ProcessInvokerWrapper] Process started with process id 6976, waiting for process exit.
[2025-06-24 01:20:59Z INFO JobDispatcher] Send job request message to worker for job 13cc8782-f665-55ae-8082-af13296cf690.
[2025-06-24 01:20:59Z INFO ProcessChannel] Sending message of length 23639, with hash '649724dc115a9cb29da688293469067f522eaa3b1fd837d428c1b31a5405a921'
[2025-06-24 01:20:59Z INFO JobNotification] Entering JobStarted Notification
[2025-06-24 01:20:59Z INFO JobNotification] Entering StartMonitor
[2025-06-24 01:21:08Z INFO ProcessInvokerWrapper] STDOUT/STDERR stream read finished.
[2025-06-24 01:21:08Z INFO ProcessInvokerWrapper] STDOUT/STDERR stream read finished.
[2025-06-24 01:21:08Z INFO ProcessInvokerWrapper] Finished process 6976 with exit code 102, and elapsed time 00:00:09.6388552.
[2025-06-24 01:21:08Z INFO JobDispatcher] Worker finished for job 13cc8782-f665-55ae-8082-af13296cf690. Code: 102
[2025-06-24 01:21:08Z INFO JobDispatcher] finish job request for job 13cc8782-f665-55ae-8082-af13296cf690 with result: Failed
[2025-06-24 01:21:08Z INFO Terminal] WRITE LINE: 2025-06-24 01:21:08Z: Job build_push_pull_run completed with result: Failed
[2025-06-24 01:21:08Z INFO JobDispatcher] Stop renew job request for job 13cc8782-f665-55ae-8082-af13296cf690.
[2025-06-24 01:21:08Z INFO JobDispatcher] job renew has been cancelled, stop renew job 13cc8782-f665-55ae-8082-af13296cf690.
[2025-06-24 01:21:08Z INFO JobNotification] Entering JobCompleted Notification
[2025-06-24 01:21:08Z INFO JobNotification] Entering EndMonitor
[2025-06-24 01:21:08Z INFO BrokerMessageListener] Received job status event. JobState: Online
[2025-06-24 01:21:08Z WARN GitHubActionsService] GET request to https://broker.actions.githubusercontent.com/message?sessionId=ce4b2de4-41d5-4237-8dc8-92cc584c1dcc&status=Busy&runnerVersion=2.325.0&os=Windows&architecture=X64&disableUpdate=false has been cancelled.
[2025-06-24 01:21:08Z ERR  BrokerServer] Catch exception during request
[2025-06-24 01:21:08Z ERR  BrokerServer] System.Threading.Tasks.TaskCanceledException: The operation was canceled.
 ---> System.Threading.Tasks.TaskCanceledException: The operation was canceled.
 ---> System.IO.IOException: Unable to read data from the transport connection: The I/O operation has been aborted because of either a thread exit or an application request..
 ---> System.Net.Sockets.SocketException (995): The I/O operation has been aborted because of either a thread exit or an application request.
   --- End of inner exception stack trace ---
   at System.Net.Sockets.Socket.AwaitableSocketAsyncEventArgs.ThrowException(SocketError error, CancellationToken cancellationToken)
   at System.Net.Sockets.Socket.AwaitableSocketAsyncEventArgs.System.Threading.Tasks.Sources.IValueTaskSource<System.Int32>.GetResult(Int16 token)
   at System.Net.Security.SslStream.EnsureFullTlsFrameAsync[TIOAdapter](CancellationToken cancellationToken, Int32 estimatedSize)
   at System.Runtime.CompilerServices.PoolingAsyncValueTaskMethodBuilder`1.StateMachineBox`1.System.Threading.Tasks.Sources.IValueTaskSource<TResult>.GetResult(Int16 token)
   at System.Net.Security.SslStream.ReadAsyncInternal[TIOAdapter](Memory`1 buffer, CancellationToken cancellationToken)
   at System.Runtime.CompilerServices.PoolingAsyncValueTaskMethodBuilder`1.StateMachineBox`1.System.Threading.Tasks.Sources.IValueTaskSource<TResult>.GetResult(Int16 token)
   at System.Net.Http.HttpConnection.SendAsync(HttpRequestMessage request, Boolean async, CancellationToken cancellationToken)
   --- End of inner exception stack trace ---
   at System.Net.Http.HttpConnection.SendAsync(HttpRequestMessage request, Boolean async, CancellationToken cancellationToken)
   at System.Net.Http.AuthenticationHelper.SendWithNtAuthAsync(HttpRequestMessage request, Uri authUri, Boolean async, ICredentials credentials, Boolean isProxyAuth, HttpConnection connection, HttpConnectionPool connectionPool, CancellationToken cancellationToken)
   at System.Net.Http.HttpConnectionPool.SendWithVersionDetectionAndRetryAsync(HttpRequestMessage request, Boolean async, Boolean doRequestAuth, CancellationToken cancellationToken)
   at System.Net.Http.AuthenticationHelper.SendWithAuthAsync(HttpRequestMessage request, Uri authUri, Boolean async, ICredentials credentials, Boolean preAuthenticate, Boolean isProxyAuth, Boolean doRequestAuth, HttpConnectionPool pool, CancellationToken cancellationToken)
   at System.Net.Http.RedirectHandler.SendAsync(HttpRequestMessage request, Boolean async, CancellationToken cancellationToken)
   at GitHub.Services.Common.RawHttpMessageHandler.SendAsync(HttpRequestMessage request, CancellationToken cancellationToken)
   at GitHub.Services.Common.VssHttpRetryMessageHandler.SendAsync(HttpRequestMessage request, CancellationToken cancellationToken)
   at System.Net.Http.HttpClient.<SendAsync>g__Core|83_0(HttpRequestMessage request, HttpCompletionOption completionOption, CancellationTokenSource cts, Boolean disposeCts, CancellationTokenSource pendingRequestsCts, CancellationToken originalCancellationToken)
   --- End of inner exception stack trace ---
   at System.Net.Http.HttpClient.HandleFailure(Exception e, Boolean telemetryStarted, HttpResponseMessage response, CancellationTokenSource cts, CancellationToken cancellationToken, CancellationTokenSource pendingRequestsCts)
   at System.Net.Http.HttpClient.<SendAsync>g__Core|83_0(HttpRequestMessage request, HttpCompletionOption completionOption, CancellationTokenSource cts, Boolean disposeCts, CancellationTokenSource pendingRequestsCts, CancellationToken originalCancellationToken)
   at Sdk.WebApi.WebApi.RawHttpClientBase.SendAsync(HttpRequestMessage message, HttpCompletionOption completionOption, Object userState, CancellationToken cancellationToken)
   at Sdk.WebApi.WebApi.RawHttpClientBase.SendAsync[T](HttpRequestMessage message, Boolean readErrorBody, Object userState, CancellationToken cancellationToken)
   at Sdk.WebApi.WebApi.RawHttpClientBase.SendAsync[T](HttpMethod method, IEnumerable`1 additionalHeaders, Uri requestUri, HttpContent content, IEnumerable`1 queryParameters, Boolean readErrorBody, Object userState, CancellationToken cancellationToken)
   at GitHub.Actions.RunService.WebApi.BrokerHttpClient.GetRunnerMessageAsync(Nullable`1 sessionId, String runnerVersion, Nullable`1 status, String os, String architecture, Nullable`1 disableUpdate, CancellationToken cancellationToken)
   at GitHub.Runner.Common.BrokerServer.<>c__DisplayClass7_0.<<GetRunnerMessageAsync>b__0>d.MoveNext()
--- End of stack trace from previous location ---
   at GitHub.Runner.Common.RunnerService.RetryRequest[T](Func`1 func, CancellationToken cancellationToken, Int32 maxRetryAttemptsCount, Func`2 shouldRetry)
[2025-06-24 01:21:08Z ERR  BrokerServer] #####################################################
[2025-06-24 01:21:08Z ERR  BrokerServer] System.Threading.Tasks.TaskCanceledException: The operation was canceled.
 ---> System.IO.IOException: Unable to read data from the transport connection: The I/O operation has been aborted because of either a thread exit or an application request..
 ---> System.Net.Sockets.SocketException (995): The I/O operation has been aborted because of either a thread exit or an application request.
   --- End of inner exception stack trace ---
   at System.Net.Sockets.Socket.AwaitableSocketAsyncEventArgs.ThrowException(SocketError error, CancellationToken cancellationToken)
   at System.Net.Sockets.Socket.AwaitableSocketAsyncEventArgs.System.Threading.Tasks.Sources.IValueTaskSource<System.Int32>.GetResult(Int16 token)
   at System.Net.Security.SslStream.EnsureFullTlsFrameAsync[TIOAdapter](CancellationToken cancellationToken, Int32 estimatedSize)
   at System.Runtime.CompilerServices.PoolingAsyncValueTaskMethodBuilder`1.StateMachineBox`1.System.Threading.Tasks.Sources.IValueTaskSource<TResult>.GetResult(Int16 token)
   at System.Net.Security.SslStream.ReadAsyncInternal[TIOAdapter](Memory`1 buffer, CancellationToken cancellationToken)
   at System.Runtime.CompilerServices.PoolingAsyncValueTaskMethodBuilder`1.StateMachineBox`1.System.Threading.Tasks.Sources.IValueTaskSource<TResult>.GetResult(Int16 token)
   at System.Net.Http.HttpConnection.SendAsync(HttpRequestMessage request, Boolean async, CancellationToken cancellationToken)
   --- End of inner exception stack trace ---
   at System.Net.Http.HttpConnection.SendAsync(HttpRequestMessage request, Boolean async, CancellationToken cancellationToken)
   at System.Net.Http.AuthenticationHelper.SendWithNtAuthAsync(HttpRequestMessage request, Uri authUri, Boolean async, ICredentials credentials, Boolean isProxyAuth, HttpConnection connection, HttpConnectionPool connectionPool, CancellationToken cancellationToken)
   at System.Net.Http.HttpConnectionPool.SendWithVersionDetectionAndRetryAsync(HttpRequestMessage request, Boolean async, Boolean doRequestAuth, CancellationToken cancellationToken)
   at System.Net.Http.AuthenticationHelper.SendWithAuthAsync(HttpRequestMessage request, Uri authUri, Boolean async, ICredentials credentials, Boolean preAuthenticate, Boolean isProxyAuth, Boolean doRequestAuth, HttpConnectionPool pool, CancellationToken cancellationToken)
   at System.Net.Http.RedirectHandler.SendAsync(HttpRequestMessage request, Boolean async, CancellationToken cancellationToken)
   at GitHub.Services.Common.RawHttpMessageHandler.SendAsync(HttpRequestMessage request, CancellationToken cancellationToken)
   at GitHub.Services.Common.VssHttpRetryMessageHandler.SendAsync(HttpRequestMessage request, CancellationToken cancellationToken)
   at System.Net.Http.HttpClient.<SendAsync>g__Core|83_0(HttpRequestMessage request, HttpCompletionOption completionOption, CancellationTokenSource cts, Boolean disposeCts, CancellationTokenSource pendingRequestsCts, CancellationToken originalCancellationToken)
[2025-06-24 01:21:08Z ERR  BrokerServer] #####################################################
[2025-06-24 01:21:08Z ERR  BrokerServer] System.IO.IOException: Unable to read data from the transport connection: The I/O operation has been aborted because of either a thread exit or an application request..
 ---> System.Net.Sockets.SocketException (995): The I/O operation has been aborted because of either a thread exit or an application request.
   --- End of inner exception stack trace ---
   at System.Net.Sockets.Socket.AwaitableSocketAsyncEventArgs.ThrowException(SocketError error, CancellationToken cancellationToken)
   at System.Net.Sockets.Socket.AwaitableSocketAsyncEventArgs.System.Threading.Tasks.Sources.IValueTaskSource<System.Int32>.GetResult(Int16 token)
   at System.Net.Security.SslStream.EnsureFullTlsFrameAsync[TIOAdapter](CancellationToken cancellationToken, Int32 estimatedSize)
   at System.Runtime.CompilerServices.PoolingAsyncValueTaskMethodBuilder`1.StateMachineBox`1.System.Threading.Tasks.Sources.IValueTaskSource<TResult>.GetResult(Int16 token)
   at System.Net.Security.SslStream.ReadAsyncInternal[TIOAdapter](Memory`1 buffer, CancellationToken cancellationToken)
   at System.Runtime.CompilerServices.PoolingAsyncValueTaskMethodBuilder`1.StateMachineBox`1.System.Threading.Tasks.Sources.IValueTaskSource<TResult>.GetResult(Int16 token)
   at System.Net.Http.HttpConnection.SendAsync(HttpRequestMessage request, Boolean async, CancellationToken cancellationToken)
[2025-06-24 01:21:08Z ERR  BrokerServer] #####################################################
[2025-06-24 01:21:08Z ERR  BrokerServer] System.Net.Sockets.SocketException (995): The I/O operation has been aborted because of either a thread exit or an application request.
[2025-06-24 01:21:08Z WARN BrokerServer] Back off 5.701 seconds before next retry. 4 attempt left.
[2025-06-24 01:21:08Z INFO BrokerMessageListener] Get messages has been cancelled using local token source. Continue to get messages with new status.
[2025-06-24 01:22:32Z INFO ConfigurationStore] HasCredentials()
[2025-06-24 01:22:32Z INFO ConfigurationStore] stored True
[2025-06-24 01:22:32Z INFO CredentialManager] GetCredentialProvider
[2025-06-24 01:22:32Z INFO CredentialManager] Creating type OAuth
[2025-06-24 01:22:32Z INFO CredentialManager] Creating credential type: OAuth
[2025-06-24 01:22:32Z INFO RSAEncryptedFileKeyManager] Loading RSA key parameters from file E:\học tập\01.AnNDB\Docker\fullstack-docker-app\actions-runner\.credentials_rsaparams
[2025-06-24 01:22:32Z INFO RSAEncryptedFileKeyManager] Loading RSA key parameters from file E:\học tập\01.AnNDB\Docker\fullstack-docker-app\actions-runner\.credentials_rsaparams
[2025-06-24 01:22:32Z INFO RSAEncryptedFileKeyManager] Loading RSA key parameters from file E:\học tập\01.AnNDB\Docker\fullstack-docker-app\actions-runner\.credentials_rsaparams
[2025-06-24 01:22:33Z INFO GitHubActionsService] AAD Correlation ID for this token request: Unknown
[2025-06-24 01:22:34Z INFO JobDispatcher] Job request 0 for plan 0dec11b8-e0ac-464d-a212-a9c72567a051 job 44666a50-674c-50c8-96c3-d4e319113ecd received.
[2025-06-24 01:22:34Z INFO BrokerMessageListener] Received job status event. JobState: Busy
[2025-06-24 01:22:34Z INFO BrokerMessageListener] _getMessagesTokenSource is already disposed.
[2025-06-24 01:22:34Z INFO JobDispatcher] Job request 13cc8782-f665-55ae-8082-af13296cf690 processed succeed.
[2025-06-24 01:22:34Z INFO Terminal] WRITE LINE: 2025-06-24 01:22:34Z: Running job: build_push_pull_run
[2025-06-24 01:22:34Z INFO JobDispatcher] Start renew job request 0 for job 44666a50-674c-50c8-96c3-d4e319113ecd.
[2025-06-24 01:22:35Z INFO JobDispatcher] Successfully renew job 44666a50-674c-50c8-96c3-d4e319113ecd, job is valid till 6/24/2025 1:32:35 AM
[2025-06-24 01:22:35Z INFO HostContext] Well known directory 'Bin': 'E:\học tập\01.AnNDB\Docker\fullstack-docker-app\actions-runner\bin'
[2025-06-24 01:22:35Z INFO ProcessInvokerWrapper] Starting process:
[2025-06-24 01:22:35Z INFO ProcessInvokerWrapper]   File name: 'E:\học tập\01.AnNDB\Docker\fullstack-docker-app\actions-runner\bin\Runner.Worker.exe'
[2025-06-24 01:22:35Z INFO ProcessInvokerWrapper]   Arguments: 'spawnclient 2632 2644'
[2025-06-24 01:22:35Z INFO ProcessInvokerWrapper]   Working directory: 'E:\học tập\01.AnNDB\Docker\fullstack-docker-app\actions-runner\bin'
[2025-06-24 01:22:35Z INFO ProcessInvokerWrapper]   Require exit code zero: 'False'
[2025-06-24 01:22:35Z INFO ProcessInvokerWrapper]   Encoding web name:  ; code page: ''
[2025-06-24 01:22:35Z INFO ProcessInvokerWrapper]   Force kill process on cancellation: 'True'
[2025-06-24 01:22:35Z INFO ProcessInvokerWrapper]   Redirected STDIN: 'False'
[2025-06-24 01:22:35Z INFO ProcessInvokerWrapper]   Persist current code page: 'False'
[2025-06-24 01:22:35Z INFO ProcessInvokerWrapper]   Keep redirected STDIN open: 'False'
[2025-06-24 01:22:35Z INFO ProcessInvokerWrapper]   High priority process: 'True'
[2025-06-24 01:22:35Z INFO ProcessInvokerWrapper] Process started with process id 17616, waiting for process exit.
[2025-06-24 01:22:35Z INFO JobDispatcher] Send job request message to worker for job 44666a50-674c-50c8-96c3-d4e319113ecd.
[2025-06-24 01:22:35Z INFO ProcessChannel] Sending message of length 23646, with hash 'd2c77d2e5f5700509ad7ae80fc2a7449ad3c8f63eaa4805c604565ad0d076b6f'
[2025-06-24 01:22:35Z INFO JobNotification] Entering JobStarted Notification
[2025-06-24 01:22:35Z INFO JobNotification] Entering StartMonitor
[2025-06-24 01:22:44Z INFO ProcessInvokerWrapper] STDOUT/STDERR stream read finished.
[2025-06-24 01:22:44Z INFO ProcessInvokerWrapper] STDOUT/STDERR stream read finished.
[2025-06-24 01:22:44Z INFO ProcessInvokerWrapper] Finished process 17616 with exit code 102, and elapsed time 00:00:09.1258697.
[2025-06-24 01:22:44Z INFO JobDispatcher] Worker finished for job 44666a50-674c-50c8-96c3-d4e319113ecd. Code: 102
[2025-06-24 01:22:44Z INFO JobDispatcher] finish job request for job 44666a50-674c-50c8-96c3-d4e319113ecd with result: Failed
[2025-06-24 01:22:44Z INFO Terminal] WRITE LINE: 2025-06-24 01:22:44Z: Job build_push_pull_run completed with result: Failed
[2025-06-24 01:22:44Z INFO JobDispatcher] Stop renew job request for job 44666a50-674c-50c8-96c3-d4e319113ecd.
[2025-06-24 01:22:44Z INFO JobDispatcher] job renew has been cancelled, stop renew job 44666a50-674c-50c8-96c3-d4e319113ecd.
[2025-06-24 01:22:44Z INFO JobNotification] Entering JobCompleted Notification
[2025-06-24 01:22:44Z INFO JobNotification] Entering EndMonitor
[2025-06-24 01:22:44Z INFO BrokerMessageListener] Received job status event. JobState: Online
[2025-06-24 01:22:44Z WARN GitHubActionsService] GET request to https://broker.actions.githubusercontent.com/message?sessionId=ce4b2de4-41d5-4237-8dc8-92cc584c1dcc&status=Busy&runnerVersion=2.325.0&os=Windows&architecture=X64&disableUpdate=false has been cancelled.
[2025-06-24 01:22:44Z ERR  BrokerServer] Catch exception during request
[2025-06-24 01:22:44Z ERR  BrokerServer] System.Threading.Tasks.TaskCanceledException: The operation was canceled.
 ---> System.Threading.Tasks.TaskCanceledException: The operation was canceled.
 ---> System.IO.IOException: Unable to read data from the transport connection: The I/O operation has been aborted because of either a thread exit or an application request..
 ---> System.Net.Sockets.SocketException (995): The I/O operation has been aborted because of either a thread exit or an application request.
   --- End of inner exception stack trace ---
   at System.Net.Sockets.Socket.AwaitableSocketAsyncEventArgs.System.Threading.Tasks.Sources.IValueTaskSource<System.Int32>.GetResult(Int16 token)
   at System.Net.Security.SslStream.EnsureFullTlsFrameAsync[TIOAdapter](CancellationToken cancellationToken, Int32 estimatedSize)
   at System.Runtime.CompilerServices.PoolingAsyncValueTaskMethodBuilder`1.StateMachineBox`1.System.Threading.Tasks.Sources.IValueTaskSource<TResult>.GetResult(Int16 token)
   at System.Net.Security.SslStream.ReadAsyncInternal[TIOAdapter](Memory`1 buffer, CancellationToken cancellationToken)
   at System.Runtime.CompilerServices.PoolingAsyncValueTaskMethodBuilder`1.StateMachineBox`1.System.Threading.Tasks.Sources.IValueTaskSource<TResult>.GetResult(Int16 token)
   at System.Net.Http.HttpConnection.SendAsync(HttpRequestMessage request, Boolean async, CancellationToken cancellationToken)
   --- End of inner exception stack trace ---
   at System.Net.Http.HttpConnection.SendAsync(HttpRequestMessage request, Boolean async, CancellationToken cancellationToken)
   at System.Net.Http.AuthenticationHelper.SendWithNtAuthAsync(HttpRequestMessage request, Uri authUri, Boolean async, ICredentials credentials, Boolean isProxyAuth, HttpConnection connection, HttpConnectionPool connectionPool, CancellationToken cancellationToken)
   at System.Net.Http.HttpConnectionPool.SendWithVersionDetectionAndRetryAsync(HttpRequestMessage request, Boolean async, Boolean doRequestAuth, CancellationToken cancellationToken)
   at System.Net.Http.AuthenticationHelper.SendWithAuthAsync(HttpRequestMessage request, Uri authUri, Boolean async, ICredentials credentials, Boolean preAuthenticate, Boolean isProxyAuth, Boolean doRequestAuth, HttpConnectionPool pool, CancellationToken cancellationToken)
   at System.Net.Http.RedirectHandler.SendAsync(HttpRequestMessage request, Boolean async, CancellationToken cancellationToken)
   at GitHub.Services.Common.RawHttpMessageHandler.SendAsync(HttpRequestMessage request, CancellationToken cancellationToken)
   at GitHub.Services.Common.VssHttpRetryMessageHandler.SendAsync(HttpRequestMessage request, CancellationToken cancellationToken)
   at System.Net.Http.HttpClient.<SendAsync>g__Core|83_0(HttpRequestMessage request, HttpCompletionOption completionOption, CancellationTokenSource cts, Boolean disposeCts, CancellationTokenSource pendingRequestsCts, CancellationToken originalCancellationToken)
   --- End of inner exception stack trace ---
   at System.Net.Http.HttpClient.HandleFailure(Exception e, Boolean telemetryStarted, HttpResponseMessage response, CancellationTokenSource cts, CancellationToken cancellationToken, CancellationTokenSource pendingRequestsCts)
   at System.Net.Http.HttpClient.<SendAsync>g__Core|83_0(HttpRequestMessage request, HttpCompletionOption completionOption, CancellationTokenSource cts, Boolean disposeCts, CancellationTokenSource pendingRequestsCts, CancellationToken originalCancellationToken)
   at Sdk.WebApi.WebApi.RawHttpClientBase.SendAsync(HttpRequestMessage message, HttpCompletionOption completionOption, Object userState, CancellationToken cancellationToken)
   at Sdk.WebApi.WebApi.RawHttpClientBase.SendAsync[T](HttpRequestMessage message, Boolean readErrorBody, Object userState, CancellationToken cancellationToken)
   at Sdk.WebApi.WebApi.RawHttpClientBase.SendAsync[T](HttpMethod method, IEnumerable`1 additionalHeaders, Uri requestUri, HttpContent content, IEnumerable`1 queryParameters, Boolean readErrorBody, Object userState, CancellationToken cancellationToken)
   at GitHub.Actions.RunService.WebApi.BrokerHttpClient.GetRunnerMessageAsync(Nullable`1 sessionId, String runnerVersion, Nullable`1 status, String os, String architecture, Nullable`1 disableUpdate, CancellationToken cancellationToken)
   at GitHub.Runner.Common.BrokerServer.<>c__DisplayClass7_0.<<GetRunnerMessageAsync>b__0>d.MoveNext()
--- End of stack trace from previous location ---
   at GitHub.Runner.Common.RunnerService.RetryRequest[T](Func`1 func, CancellationToken cancellationToken, Int32 maxRetryAttemptsCount, Func`2 shouldRetry)
[2025-06-24 01:22:44Z ERR  BrokerServer] #####################################################
[2025-06-24 01:22:44Z ERR  BrokerServer] System.Threading.Tasks.TaskCanceledException: The operation was canceled.
 ---> System.IO.IOException: Unable to read data from the transport connection: The I/O operation has been aborted because of either a thread exit or an application request..
 ---> System.Net.Sockets.SocketException (995): The I/O operation has been aborted because of either a thread exit or an application request.
   --- End of inner exception stack trace ---
   at System.Net.Sockets.Socket.AwaitableSocketAsyncEventArgs.System.Threading.Tasks.Sources.IValueTaskSource<System.Int32>.GetResult(Int16 token)
   at System.Net.Security.SslStream.EnsureFullTlsFrameAsync[TIOAdapter](CancellationToken cancellationToken, Int32 estimatedSize)
   at System.Runtime.CompilerServices.PoolingAsyncValueTaskMethodBuilder`1.StateMachineBox`1.System.Threading.Tasks.Sources.IValueTaskSource<TResult>.GetResult(Int16 token)
   at System.Net.Security.SslStream.ReadAsyncInternal[TIOAdapter](Memory`1 buffer, CancellationToken cancellationToken)
   at System.Runtime.CompilerServices.PoolingAsyncValueTaskMethodBuilder`1.StateMachineBox`1.System.Threading.Tasks.Sources.IValueTaskSource<TResult>.GetResult(Int16 token)
   at System.Net.Http.HttpConnection.SendAsync(HttpRequestMessage request, Boolean async, CancellationToken cancellationToken)
   --- End of inner exception stack trace ---
   at System.Net.Http.HttpConnection.SendAsync(HttpRequestMessage request, Boolean async, CancellationToken cancellationToken)
   at System.Net.Http.AuthenticationHelper.SendWithNtAuthAsync(HttpRequestMessage request, Uri authUri, Boolean async, ICredentials credentials, Boolean isProxyAuth, HttpConnection connection, HttpConnectionPool connectionPool, CancellationToken cancellationToken)
   at System.Net.Http.HttpConnectionPool.SendWithVersionDetectionAndRetryAsync(HttpRequestMessage request, Boolean async, Boolean doRequestAuth, CancellationToken cancellationToken)
   at System.Net.Http.AuthenticationHelper.SendWithAuthAsync(HttpRequestMessage request, Uri authUri, Boolean async, ICredentials credentials, Boolean preAuthenticate, Boolean isProxyAuth, Boolean doRequestAuth, HttpConnectionPool pool, CancellationToken cancellationToken)
   at System.Net.Http.RedirectHandler.SendAsync(HttpRequestMessage request, Boolean async, CancellationToken cancellationToken)
   at GitHub.Services.Common.RawHttpMessageHandler.SendAsync(HttpRequestMessage request, CancellationToken cancellationToken)
   at GitHub.Services.Common.VssHttpRetryMessageHandler.SendAsync(HttpRequestMessage request, CancellationToken cancellationToken)
   at System.Net.Http.HttpClient.<SendAsync>g__Core|83_0(HttpRequestMessage request, HttpCompletionOption completionOption, CancellationTokenSource cts, Boolean disposeCts, CancellationTokenSource pendingRequestsCts, CancellationToken originalCancellationToken)
[2025-06-24 01:22:44Z ERR  BrokerServer] #####################################################
[2025-06-24 01:22:44Z ERR  BrokerServer] System.IO.IOException: Unable to read data from the transport connection: The I/O operation has been aborted because of either a thread exit or an application request..
 ---> System.Net.Sockets.SocketException (995): The I/O operation has been aborted because of either a thread exit or an application request.
   --- End of inner exception stack trace ---
   at System.Net.Sockets.Socket.AwaitableSocketAsyncEventArgs.System.Threading.Tasks.Sources.IValueTaskSource<System.Int32>.GetResult(Int16 token)
   at System.Net.Security.SslStream.EnsureFullTlsFrameAsync[TIOAdapter](CancellationToken cancellationToken, Int32 estimatedSize)
   at System.Runtime.CompilerServices.PoolingAsyncValueTaskMethodBuilder`1.StateMachineBox`1.System.Threading.Tasks.Sources.IValueTaskSource<TResult>.GetResult(Int16 token)
   at System.Net.Security.SslStream.ReadAsyncInternal[TIOAdapter](Memory`1 buffer, CancellationToken cancellationToken)
   at System.Runtime.CompilerServices.PoolingAsyncValueTaskMethodBuilder`1.StateMachineBox`1.System.Threading.Tasks.Sources.IValueTaskSource<TResult>.GetResult(Int16 token)
   at System.Net.Http.HttpConnection.SendAsync(HttpRequestMessage request, Boolean async, CancellationToken cancellationToken)
[2025-06-24 01:22:44Z ERR  BrokerServer] #####################################################
[2025-06-24 01:22:44Z ERR  BrokerServer] System.Net.Sockets.SocketException (995): The I/O operation has been aborted because of either a thread exit or an application request.
[2025-06-24 01:22:44Z WARN BrokerServer] Back off 5.507 seconds before next retry. 4 attempt left.
[2025-06-24 01:22:44Z INFO BrokerMessageListener] Get messages has been cancelled using local token source. Continue to get messages with new status.
[2025-06-24 01:23:26Z INFO ConfigurationStore] HasCredentials()
[2025-06-24 01:23:26Z INFO ConfigurationStore] stored True
[2025-06-24 01:23:26Z INFO CredentialManager] GetCredentialProvider
[2025-06-24 01:23:26Z INFO CredentialManager] Creating type OAuth
[2025-06-24 01:23:26Z INFO CredentialManager] Creating credential type: OAuth
[2025-06-24 01:23:26Z INFO RSAEncryptedFileKeyManager] Loading RSA key parameters from file E:\học tập\01.AnNDB\Docker\fullstack-docker-app\actions-runner\.credentials_rsaparams
[2025-06-24 01:23:26Z INFO RSAEncryptedFileKeyManager] Loading RSA key parameters from file E:\học tập\01.AnNDB\Docker\fullstack-docker-app\actions-runner\.credentials_rsaparams
[2025-06-24 01:23:26Z INFO RSAEncryptedFileKeyManager] Loading RSA key parameters from file E:\học tập\01.AnNDB\Docker\fullstack-docker-app\actions-runner\.credentials_rsaparams
[2025-06-24 01:23:27Z INFO GitHubActionsService] AAD Correlation ID for this token request: Unknown
[2025-06-24 01:23:28Z INFO JobDispatcher] Job request 0 for plan 1c84b75e-3096-40bc-a34d-a01b3ec527cd job b5208d6f-935a-5c1b-8420-8f5f25340020 received.
[2025-06-24 01:23:28Z INFO BrokerMessageListener] Received job status event. JobState: Busy
[2025-06-24 01:23:28Z INFO BrokerMessageListener] _getMessagesTokenSource is already disposed.
[2025-06-24 01:23:28Z INFO JobDispatcher] Job request 44666a50-674c-50c8-96c3-d4e319113ecd processed succeed.
[2025-06-24 01:23:28Z INFO Terminal] WRITE LINE: 2025-06-24 01:23:28Z: Running job: build_push_pull_run
[2025-06-24 01:23:28Z INFO JobDispatcher] Start renew job request 0 for job b5208d6f-935a-5c1b-8420-8f5f25340020.
[2025-06-24 01:23:29Z INFO JobDispatcher] Successfully renew job b5208d6f-935a-5c1b-8420-8f5f25340020, job is valid till 6/24/2025 1:33:28 AM
[2025-06-24 01:23:29Z INFO HostContext] Well known directory 'Bin': 'E:\học tập\01.AnNDB\Docker\fullstack-docker-app\actions-runner\bin'
[2025-06-24 01:23:29Z INFO ProcessInvokerWrapper] Starting process:
[2025-06-24 01:23:29Z INFO ProcessInvokerWrapper]   File name: 'E:\học tập\01.AnNDB\Docker\fullstack-docker-app\actions-runner\bin\Runner.Worker.exe'
[2025-06-24 01:23:29Z INFO ProcessInvokerWrapper]   Arguments: 'spawnclient 2724 2728'
[2025-06-24 01:23:29Z INFO ProcessInvokerWrapper]   Working directory: 'E:\học tập\01.AnNDB\Docker\fullstack-docker-app\actions-runner\bin'
[2025-06-24 01:23:29Z INFO ProcessInvokerWrapper]   Require exit code zero: 'False'
[2025-06-24 01:23:29Z INFO ProcessInvokerWrapper]   Encoding web name:  ; code page: ''
[2025-06-24 01:23:29Z INFO ProcessInvokerWrapper]   Force kill process on cancellation: 'True'
[2025-06-24 01:23:29Z INFO ProcessInvokerWrapper]   Redirected STDIN: 'False'
[2025-06-24 01:23:29Z INFO ProcessInvokerWrapper]   Persist current code page: 'False'
[2025-06-24 01:23:29Z INFO ProcessInvokerWrapper]   Keep redirected STDIN open: 'False'
[2025-06-24 01:23:29Z INFO ProcessInvokerWrapper]   High priority process: 'True'
[2025-06-24 01:23:29Z INFO ProcessInvokerWrapper] Process started with process id 13716, waiting for process exit.
[2025-06-24 01:23:29Z INFO JobDispatcher] Send job request message to worker for job b5208d6f-935a-5c1b-8420-8f5f25340020.
[2025-06-24 01:23:29Z INFO ProcessChannel] Sending message of length 23285, with hash '9eb3b3675a03decdf0e3f9ca399ac04ce12275034385d8d381b20e7d7443332b'
[2025-06-24 01:23:29Z INFO JobNotification] Entering JobStarted Notification
[2025-06-24 01:23:29Z INFO JobNotification] Entering StartMonitor
[2025-06-24 01:24:05Z INFO ProcessInvokerWrapper] STDOUT/STDERR stream read finished.
[2025-06-24 01:24:05Z INFO ProcessInvokerWrapper] STDOUT/STDERR stream read finished.
[2025-06-24 01:24:05Z INFO ProcessInvokerWrapper] Finished process 13716 with exit code 102, and elapsed time 00:00:36.1109776.
[2025-06-24 01:24:05Z INFO JobDispatcher] Worker finished for job b5208d6f-935a-5c1b-8420-8f5f25340020. Code: 102
[2025-06-24 01:24:05Z INFO JobDispatcher] finish job request for job b5208d6f-935a-5c1b-8420-8f5f25340020 with result: Failed
[2025-06-24 01:24:05Z INFO Terminal] WRITE LINE: 2025-06-24 01:24:05Z: Job build_push_pull_run completed with result: Failed
[2025-06-24 01:24:05Z INFO JobDispatcher] Stop renew job request for job b5208d6f-935a-5c1b-8420-8f5f25340020.
[2025-06-24 01:24:05Z INFO JobDispatcher] job renew has been cancelled, stop renew job b5208d6f-935a-5c1b-8420-8f5f25340020.
[2025-06-24 01:24:05Z INFO JobNotification] Entering JobCompleted Notification
[2025-06-24 01:24:05Z INFO JobNotification] Entering EndMonitor
[2025-06-24 01:24:05Z INFO BrokerMessageListener] Received job status event. JobState: Online
[2025-06-24 01:24:05Z WARN GitHubActionsService] GET request to https://broker.actions.githubusercontent.com/message?sessionId=ce4b2de4-41d5-4237-8dc8-92cc584c1dcc&status=Busy&runnerVersion=2.325.0&os=Windows&architecture=X64&disableUpdate=false has been cancelled.
[2025-06-24 01:24:05Z ERR  BrokerServer] Catch exception during request
[2025-06-24 01:24:05Z ERR  BrokerServer] System.Threading.Tasks.TaskCanceledException: The operation was canceled.
 ---> System.Threading.Tasks.TaskCanceledException: The operation was canceled.
 ---> System.IO.IOException: Unable to read data from the transport connection: The I/O operation has been aborted because of either a thread exit or an application request..
 ---> System.Net.Sockets.SocketException (995): The I/O operation has been aborted because of either a thread exit or an application request.
   --- End of inner exception stack trace ---
   at System.Net.Sockets.Socket.AwaitableSocketAsyncEventArgs.System.Threading.Tasks.Sources.IValueTaskSource<System.Int32>.GetResult(Int16 token)
   at System.Net.Security.SslStream.EnsureFullTlsFrameAsync[TIOAdapter](CancellationToken cancellationToken, Int32 estimatedSize)
   at System.Runtime.CompilerServices.PoolingAsyncValueTaskMethodBuilder`1.StateMachineBox`1.System.Threading.Tasks.Sources.IValueTaskSource<TResult>.GetResult(Int16 token)
   at System.Net.Security.SslStream.ReadAsyncInternal[TIOAdapter](Memory`1 buffer, CancellationToken cancellationToken)
   at System.Runtime.CompilerServices.PoolingAsyncValueTaskMethodBuilder`1.StateMachineBox`1.System.Threading.Tasks.Sources.IValueTaskSource<TResult>.GetResult(Int16 token)
   at System.Net.Http.HttpConnection.SendAsync(HttpRequestMessage request, Boolean async, CancellationToken cancellationToken)
   --- End of inner exception stack trace ---
   at System.Net.Http.HttpConnection.SendAsync(HttpRequestMessage request, Boolean async, CancellationToken cancellationToken)
   at System.Net.Http.AuthenticationHelper.SendWithNtAuthAsync(HttpRequestMessage request, Uri authUri, Boolean async, ICredentials credentials, Boolean isProxyAuth, HttpConnection connection, HttpConnectionPool connectionPool, CancellationToken cancellationToken)
   at System.Net.Http.HttpConnectionPool.SendWithVersionDetectionAndRetryAsync(HttpRequestMessage request, Boolean async, Boolean doRequestAuth, CancellationToken cancellationToken)
   at System.Net.Http.AuthenticationHelper.SendWithAuthAsync(HttpRequestMessage request, Uri authUri, Boolean async, ICredentials credentials, Boolean preAuthenticate, Boolean isProxyAuth, Boolean doRequestAuth, HttpConnectionPool pool, CancellationToken cancellationToken)
   at System.Net.Http.RedirectHandler.SendAsync(HttpRequestMessage request, Boolean async, CancellationToken cancellationToken)
   at GitHub.Services.Common.RawHttpMessageHandler.SendAsync(HttpRequestMessage request, CancellationToken cancellationToken)
   at GitHub.Services.Common.VssHttpRetryMessageHandler.SendAsync(HttpRequestMessage request, CancellationToken cancellationToken)
   at System.Net.Http.HttpClient.<SendAsync>g__Core|83_0(HttpRequestMessage request, HttpCompletionOption completionOption, CancellationTokenSource cts, Boolean disposeCts, CancellationTokenSource pendingRequestsCts, CancellationToken originalCancellationToken)
   --- End of inner exception stack trace ---
   at System.Net.Http.HttpClient.HandleFailure(Exception e, Boolean telemetryStarted, HttpResponseMessage response, CancellationTokenSource cts, CancellationToken cancellationToken, CancellationTokenSource pendingRequestsCts)
   at System.Net.Http.HttpClient.<SendAsync>g__Core|83_0(HttpRequestMessage request, HttpCompletionOption completionOption, CancellationTokenSource cts, Boolean disposeCts, CancellationTokenSource pendingRequestsCts, CancellationToken originalCancellationToken)
   at Sdk.WebApi.WebApi.RawHttpClientBase.SendAsync(HttpRequestMessage message, HttpCompletionOption completionOption, Object userState, CancellationToken cancellationToken)
   at Sdk.WebApi.WebApi.RawHttpClientBase.SendAsync[T](HttpRequestMessage message, Boolean readErrorBody, Object userState, CancellationToken cancellationToken)
   at Sdk.WebApi.WebApi.RawHttpClientBase.SendAsync[T](HttpMethod method, IEnumerable`1 additionalHeaders, Uri requestUri, HttpContent content, IEnumerable`1 queryParameters, Boolean readErrorBody, Object userState, CancellationToken cancellationToken)
   at GitHub.Actions.RunService.WebApi.BrokerHttpClient.GetRunnerMessageAsync(Nullable`1 sessionId, String runnerVersion, Nullable`1 status, String os, String architecture, Nullable`1 disableUpdate, CancellationToken cancellationToken)
   at GitHub.Runner.Common.BrokerServer.<>c__DisplayClass7_0.<<GetRunnerMessageAsync>b__0>d.MoveNext()
--- End of stack trace from previous location ---
   at GitHub.Runner.Common.RunnerService.RetryRequest[T](Func`1 func, CancellationToken cancellationToken, Int32 maxRetryAttemptsCount, Func`2 shouldRetry)
[2025-06-24 01:24:05Z ERR  BrokerServer] #####################################################
[2025-06-24 01:24:05Z ERR  BrokerServer] System.Threading.Tasks.TaskCanceledException: The operation was canceled.
 ---> System.IO.IOException: Unable to read data from the transport connection: The I/O operation has been aborted because of either a thread exit or an application request..
 ---> System.Net.Sockets.SocketException (995): The I/O operation has been aborted because of either a thread exit or an application request.
   --- End of inner exception stack trace ---
   at System.Net.Sockets.Socket.AwaitableSocketAsyncEventArgs.System.Threading.Tasks.Sources.IValueTaskSource<System.Int32>.GetResult(Int16 token)
   at System.Net.Security.SslStream.EnsureFullTlsFrameAsync[TIOAdapter](CancellationToken cancellationToken, Int32 estimatedSize)
   at System.Runtime.CompilerServices.PoolingAsyncValueTaskMethodBuilder`1.StateMachineBox`1.System.Threading.Tasks.Sources.IValueTaskSource<TResult>.GetResult(Int16 token)
   at System.Net.Security.SslStream.ReadAsyncInternal[TIOAdapter](Memory`1 buffer, CancellationToken cancellationToken)
   at System.Runtime.CompilerServices.PoolingAsyncValueTaskMethodBuilder`1.StateMachineBox`1.System.Threading.Tasks.Sources.IValueTaskSource<TResult>.GetResult(Int16 token)
   at System.Net.Http.HttpConnection.SendAsync(HttpRequestMessage request, Boolean async, CancellationToken cancellationToken)
   --- End of inner exception stack trace ---
   at System.Net.Http.HttpConnection.SendAsync(HttpRequestMessage request, Boolean async, CancellationToken cancellationToken)
   at System.Net.Http.AuthenticationHelper.SendWithNtAuthAsync(HttpRequestMessage request, Uri authUri, Boolean async, ICredentials credentials, Boolean isProxyAuth, HttpConnection connection, HttpConnectionPool connectionPool, CancellationToken cancellationToken)
   at System.Net.Http.HttpConnectionPool.SendWithVersionDetectionAndRetryAsync(HttpRequestMessage request, Boolean async, Boolean doRequestAuth, CancellationToken cancellationToken)
   at System.Net.Http.AuthenticationHelper.SendWithAuthAsync(HttpRequestMessage request, Uri authUri, Boolean async, ICredentials credentials, Boolean preAuthenticate, Boolean isProxyAuth, Boolean doRequestAuth, HttpConnectionPool pool, CancellationToken cancellationToken)
   at System.Net.Http.RedirectHandler.SendAsync(HttpRequestMessage request, Boolean async, CancellationToken cancellationToken)
   at GitHub.Services.Common.RawHttpMessageHandler.SendAsync(HttpRequestMessage request, CancellationToken cancellationToken)
   at GitHub.Services.Common.VssHttpRetryMessageHandler.SendAsync(HttpRequestMessage request, CancellationToken cancellationToken)
   at System.Net.Http.HttpClient.<SendAsync>g__Core|83_0(HttpRequestMessage request, HttpCompletionOption completionOption, CancellationTokenSource cts, Boolean disposeCts, CancellationTokenSource pendingRequestsCts, CancellationToken originalCancellationToken)
[2025-06-24 01:24:05Z ERR  BrokerServer] #####################################################
[2025-06-24 01:24:05Z ERR  BrokerServer] System.IO.IOException: Unable to read data from the transport connection: The I/O operation has been aborted because of either a thread exit or an application request..
 ---> System.Net.Sockets.SocketException (995): The I/O operation has been aborted because of either a thread exit or an application request.
   --- End of inner exception stack trace ---
   at System.Net.Sockets.Socket.AwaitableSocketAsyncEventArgs.System.Threading.Tasks.Sources.IValueTaskSource<System.Int32>.GetResult(Int16 token)
   at System.Net.Security.SslStream.EnsureFullTlsFrameAsync[TIOAdapter](CancellationToken cancellationToken, Int32 estimatedSize)
   at System.Runtime.CompilerServices.PoolingAsyncValueTaskMethodBuilder`1.StateMachineBox`1.System.Threading.Tasks.Sources.IValueTaskSource<TResult>.GetResult(Int16 token)
   at System.Net.Security.SslStream.ReadAsyncInternal[TIOAdapter](Memory`1 buffer, CancellationToken cancellationToken)
   at System.Runtime.CompilerServices.PoolingAsyncValueTaskMethodBuilder`1.StateMachineBox`1.System.Threading.Tasks.Sources.IValueTaskSource<TResult>.GetResult(Int16 token)
   at System.Net.Http.HttpConnection.SendAsync(HttpRequestMessage request, Boolean async, CancellationToken cancellationToken)
[2025-06-24 01:24:05Z ERR  BrokerServer] #####################################################
[2025-06-24 01:24:05Z ERR  BrokerServer] System.Net.Sockets.SocketException (995): The I/O operation has been aborted because of either a thread exit or an application request.
[2025-06-24 01:24:05Z WARN BrokerServer] Back off 5.021 seconds before next retry. 4 attempt left.
[2025-06-24 01:24:05Z INFO BrokerMessageListener] Get messages has been cancelled using local token source. Continue to get messages with new status.
[2025-06-24 01:53:10Z INFO HostContext] Runner will be shutdown for UserCancelled
[2025-06-24 01:53:10Z WARN GitHubActionsService] GET request to https://broker.actions.githubusercontent.com/message?sessionId=ce4b2de4-41d5-4237-8dc8-92cc584c1dcc&status=Online&runnerVersion=2.325.0&os=Windows&architecture=X64&disableUpdate=false has been cancelled.
[2025-06-24 01:53:10Z ERR  BrokerServer] Catch exception during request
[2025-06-24 01:53:10Z ERR  BrokerServer] System.Threading.Tasks.TaskCanceledException: The operation was canceled.
 ---> System.Threading.Tasks.TaskCanceledException: The operation was canceled.
 ---> System.IO.IOException: Unable to read data from the transport connection: The I/O operation has been aborted because of either a thread exit or an application request..
 ---> System.Net.Sockets.SocketException (995): The I/O operation has been aborted because of either a thread exit or an application request.
   --- End of inner exception stack trace ---
   at System.Net.Sockets.Socket.AwaitableSocketAsyncEventArgs.System.Threading.Tasks.Sources.IValueTaskSource<System.Int32>.GetResult(Int16 token)
   at System.Net.Security.SslStream.EnsureFullTlsFrameAsync[TIOAdapter](CancellationToken cancellationToken, Int32 estimatedSize)
   at System.Runtime.CompilerServices.PoolingAsyncValueTaskMethodBuilder`1.StateMachineBox`1.System.Threading.Tasks.Sources.IValueTaskSource<TResult>.GetResult(Int16 token)
   at System.Net.Security.SslStream.ReadAsyncInternal[TIOAdapter](Memory`1 buffer, CancellationToken cancellationToken)
   at System.Runtime.CompilerServices.PoolingAsyncValueTaskMethodBuilder`1.StateMachineBox`1.System.Threading.Tasks.Sources.IValueTaskSource<TResult>.GetResult(Int16 token)
   at System.Net.Http.HttpConnection.SendAsync(HttpRequestMessage request, Boolean async, CancellationToken cancellationToken)
   --- End of inner exception stack trace ---
   at System.Net.Http.HttpConnection.SendAsync(HttpRequestMessage request, Boolean async, CancellationToken cancellationToken)
   at System.Net.Http.AuthenticationHelper.SendWithNtAuthAsync(HttpRequestMessage request, Uri authUri, Boolean async, ICredentials credentials, Boolean isProxyAuth, HttpConnection connection, HttpConnectionPool connectionPool, CancellationToken cancellationToken)
   at System.Net.Http.HttpConnectionPool.SendWithVersionDetectionAndRetryAsync(HttpRequestMessage request, Boolean async, Boolean doRequestAuth, CancellationToken cancellationToken)
   at System.Net.Http.AuthenticationHelper.SendWithAuthAsync(HttpRequestMessage request, Uri authUri, Boolean async, ICredentials credentials, Boolean preAuthenticate, Boolean isProxyAuth, Boolean doRequestAuth, HttpConnectionPool pool, CancellationToken cancellationToken)
   at System.Net.Http.RedirectHandler.SendAsync(HttpRequestMessage request, Boolean async, CancellationToken cancellationToken)
   at GitHub.Services.Common.RawHttpMessageHandler.SendAsync(HttpRequestMessage request, CancellationToken cancellationToken)
   at GitHub.Services.Common.VssHttpRetryMessageHandler.SendAsync(HttpRequestMessage request, CancellationToken cancellationToken)
   at System.Net.Http.HttpClient.<SendAsync>g__Core|83_0(HttpRequestMessage request, HttpCompletionOption completionOption, CancellationTokenSource cts, Boolean disposeCts, CancellationTokenSource pendingRequestsCts, CancellationToken originalCancellationToken)
   --- End of inner exception stack trace ---
   at System.Net.Http.HttpClient.HandleFailure(Exception e, Boolean telemetryStarted, HttpResponseMessage response, CancellationTokenSource cts, CancellationToken cancellationToken, CancellationTokenSource pendingRequestsCts)
   at System.Net.Http.HttpClient.<SendAsync>g__Core|83_0(HttpRequestMessage request, HttpCompletionOption completionOption, CancellationTokenSource cts, Boolean disposeCts, CancellationTokenSource pendingRequestsCts, CancellationToken originalCancellationToken)
   at Sdk.WebApi.WebApi.RawHttpClientBase.SendAsync(HttpRequestMessage message, HttpCompletionOption completionOption, Object userState, CancellationToken cancellationToken)
   at Sdk.WebApi.WebApi.RawHttpClientBase.SendAsync[T](HttpRequestMessage message, Boolean readErrorBody, Object userState, CancellationToken cancellationToken)
   at Sdk.WebApi.WebApi.RawHttpClientBase.SendAsync[T](HttpMethod method, IEnumerable`1 additionalHeaders, Uri requestUri, HttpContent content, IEnumerable`1 queryParameters, Boolean readErrorBody, Object userState, CancellationToken cancellationToken)
   at GitHub.Actions.RunService.WebApi.BrokerHttpClient.GetRunnerMessageAsync(Nullable`1 sessionId, String runnerVersion, Nullable`1 status, String os, String architecture, Nullable`1 disableUpdate, CancellationToken cancellationToken)
   at GitHub.Runner.Common.BrokerServer.<>c__DisplayClass7_0.<<GetRunnerMessageAsync>b__0>d.MoveNext()
--- End of stack trace from previous location ---
   at GitHub.Runner.Common.RunnerService.RetryRequest[T](Func`1 func, CancellationToken cancellationToken, Int32 maxRetryAttemptsCount, Func`2 shouldRetry)
[2025-06-24 01:53:10Z ERR  BrokerServer] #####################################################
[2025-06-24 01:53:10Z ERR  BrokerServer] System.Threading.Tasks.TaskCanceledException: The operation was canceled.
 ---> System.IO.IOException: Unable to read data from the transport connection: The I/O operation has been aborted because of either a thread exit or an application request..
 ---> System.Net.Sockets.SocketException (995): The I/O operation has been aborted because of either a thread exit or an application request.
   --- End of inner exception stack trace ---
   at System.Net.Sockets.Socket.AwaitableSocketAsyncEventArgs.System.Threading.Tasks.Sources.IValueTaskSource<System.Int32>.GetResult(Int16 token)
   at System.Net.Security.SslStream.EnsureFullTlsFrameAsync[TIOAdapter](CancellationToken cancellationToken, Int32 estimatedSize)
   at System.Runtime.CompilerServices.PoolingAsyncValueTaskMethodBuilder`1.StateMachineBox`1.System.Threading.Tasks.Sources.IValueTaskSource<TResult>.GetResult(Int16 token)
   at System.Net.Security.SslStream.ReadAsyncInternal[TIOAdapter](Memory`1 buffer, CancellationToken cancellationToken)
   at System.Runtime.CompilerServices.PoolingAsyncValueTaskMethodBuilder`1.StateMachineBox`1.System.Threading.Tasks.Sources.IValueTaskSource<TResult>.GetResult(Int16 token)
   at System.Net.Http.HttpConnection.SendAsync(HttpRequestMessage request, Boolean async, CancellationToken cancellationToken)
   --- End of inner exception stack trace ---
   at System.Net.Http.HttpConnection.SendAsync(HttpRequestMessage request, Boolean async, CancellationToken cancellationToken)
   at System.Net.Http.AuthenticationHelper.SendWithNtAuthAsync(HttpRequestMessage request, Uri authUri, Boolean async, ICredentials credentials, Boolean isProxyAuth, HttpConnection connection, HttpConnectionPool connectionPool, CancellationToken cancellationToken)
   at System.Net.Http.HttpConnectionPool.SendWithVersionDetectionAndRetryAsync(HttpRequestMessage request, Boolean async, Boolean doRequestAuth, CancellationToken cancellationToken)
   at System.Net.Http.AuthenticationHelper.SendWithAuthAsync(HttpRequestMessage request, Uri authUri, Boolean async, ICredentials credentials, Boolean preAuthenticate, Boolean isProxyAuth, Boolean doRequestAuth, HttpConnectionPool pool, CancellationToken cancellationToken)
   at System.Net.Http.RedirectHandler.SendAsync(HttpRequestMessage request, Boolean async, CancellationToken cancellationToken)
   at GitHub.Services.Common.RawHttpMessageHandler.SendAsync(HttpRequestMessage request, CancellationToken cancellationToken)
   at GitHub.Services.Common.VssHttpRetryMessageHandler.SendAsync(HttpRequestMessage request, CancellationToken cancellationToken)
   at System.Net.Http.HttpClient.<SendAsync>g__Core|83_0(HttpRequestMessage request, HttpCompletionOption completionOption, CancellationTokenSource cts, Boolean disposeCts, CancellationTokenSource pendingRequestsCts, CancellationToken originalCancellationToken)
[2025-06-24 01:53:10Z ERR  BrokerServer] #####################################################
[2025-06-24 01:53:10Z ERR  BrokerServer] System.IO.IOException: Unable to read data from the transport connection: The I/O operation has been aborted because of either a thread exit or an application request..
 ---> System.Net.Sockets.SocketException (995): The I/O operation has been aborted because of either a thread exit or an application request.
   --- End of inner exception stack trace ---
   at System.Net.Sockets.Socket.AwaitableSocketAsyncEventArgs.System.Threading.Tasks.Sources.IValueTaskSource<System.Int32>.GetResult(Int16 token)
   at System.Net.Security.SslStream.EnsureFullTlsFrameAsync[TIOAdapter](CancellationToken cancellationToken, Int32 estimatedSize)
   at System.Runtime.CompilerServices.PoolingAsyncValueTaskMethodBuilder`1.StateMachineBox`1.System.Threading.Tasks.Sources.IValueTaskSource<TResult>.GetResult(Int16 token)
   at System.Net.Security.SslStream.ReadAsyncInternal[TIOAdapter](Memory`1 buffer, CancellationToken cancellationToken)
   at System.Runtime.CompilerServices.PoolingAsyncValueTaskMethodBuilder`1.StateMachineBox`1.System.Threading.Tasks.Sources.IValueTaskSource<TResult>.GetResult(Int16 token)
   at System.Net.Http.HttpConnection.SendAsync(HttpRequestMessage request, Boolean async, CancellationToken cancellationToken)
[2025-06-24 01:53:10Z ERR  BrokerServer] #####################################################
[2025-06-24 01:53:10Z ERR  BrokerServer] System.Net.Sockets.SocketException (995): The I/O operation has been aborted because of either a thread exit or an application request.
[2025-06-24 01:53:10Z WARN BrokerServer] Back off 11.833 seconds before next retry. 4 attempt left.
[2025-06-24 01:53:10Z INFO BrokerMessageListener] Get next message has been cancelled.
[2025-06-24 01:53:10Z INFO JobDispatcher] Shutting down JobDispatcher. Make sure all WorkerDispatcher has finished.
[2025-06-24 01:53:10Z INFO JobDispatcher] Ensure WorkerDispatcher for job b5208d6f-935a-5c1b-8420-8f5f25340020 run to finish, cancel any running job.
[2025-06-24 01:53:10Z INFO JobDispatcher] Job request b5208d6f-935a-5c1b-8420-8f5f25340020 processed succeed.
[2025-06-24 01:53:10Z INFO Runner] Deleting Runner Session...
[2025-06-24 01:53:11Z INFO Listener] Runner execution been cancelled.
