[2025-06-24 09:46:55Z INFO HostContext] No proxy settings were found based on environmental variables (http_proxy/https_proxy/HTTP_PROXY/HTTPS_PROXY)
[2025-06-24 09:46:55Z INFO HostContext] Well known directory 'Bin': 'E:\học tập\01.AnNDB\Docker\fullstack-docker-app\actions-runner\bin'
[2025-06-24 09:46:55Z INFO HostContext] Well known directory 'Root': 'E:\học tập\01.AnNDB\Docker\fullstack-docker-app\actions-runner'
[2025-06-24 09:46:55Z INFO HostContext] Well known config file 'Credentials': 'E:\học tập\01.AnNDB\Docker\fullstack-docker-app\actions-runner\.credentials'
[2025-06-24 09:46:56Z INFO HostContext] Well known directory 'Bin': 'E:\học tập\01.AnNDB\Docker\fullstack-docker-app\actions-runner\bin'
[2025-06-24 09:46:56Z INFO HostContext] Well known directory 'Root': 'E:\học tập\01.AnNDB\Docker\fullstack-docker-app\actions-runner'
[2025-06-24 09:46:56Z INFO HostContext] Well known config file 'Runner': 'E:\học tập\01.AnNDB\Docker\fullstack-docker-app\actions-runner\.runner'
[2025-06-24 09:46:56Z INFO Listener] Runner is built for Windows (X64) - win-x64.
[2025-06-24 09:46:56Z INFO Listener] RuntimeInformation: Microsoft Windows 10.0.22631.
[2025-06-24 09:46:56Z INFO Listener] Version: 2.325.0
[2025-06-24 09:46:56Z INFO Listener] Commit: 71ed7cd46223bd5d61633445946813012b502d54
[2025-06-24 09:46:56Z INFO Listener] Culture: en-US
[2025-06-24 09:46:56Z INFO Listener] UI Culture: en-US
[2025-06-24 09:46:56Z INFO HostContext] Well known directory 'Bin': 'E:\học tập\01.AnNDB\Docker\fullstack-docker-app\actions-runner\bin'
[2025-06-24 09:46:56Z INFO HostContext] Well known directory 'Root': 'E:\học tập\01.AnNDB\Docker\fullstack-docker-app\actions-runner'
[2025-06-24 09:46:56Z INFO Listener] Validating directory permissions for: 'E:\học tập\01.AnNDB\Docker\fullstack-docker-app\actions-runner'
[2025-06-24 09:46:56Z INFO CommandLineParser] Parse
[2025-06-24 09:46:56Z INFO CommandLineParser] Parsing 1 args
[2025-06-24 09:46:56Z INFO CommandLineParser] parsing argument
[2025-06-24 09:46:56Z INFO CommandLineParser] HasArgs: False
[2025-06-24 09:46:56Z INFO CommandLineParser] Adding Command: run
[2025-06-24 09:46:56Z INFO Listener] Arguments parsed
[2025-06-24 09:46:56Z INFO Runner] ExecuteCommand
[2025-06-24 09:46:56Z INFO ConfigurationStore] currentAssemblyLocation: E:\học tập\01.AnNDB\Docker\fullstack-docker-app\actions-runner\bin\Runner.Listener.dll
[2025-06-24 09:46:56Z INFO HostContext] Well known directory 'Bin': 'E:\học tập\01.AnNDB\Docker\fullstack-docker-app\actions-runner\bin'
[2025-06-24 09:46:56Z INFO ConfigurationStore] binPath: E:\học tập\01.AnNDB\Docker\fullstack-docker-app\actions-runner\bin
[2025-06-24 09:46:56Z INFO HostContext] Well known directory 'Bin': 'E:\học tập\01.AnNDB\Docker\fullstack-docker-app\actions-runner\bin'
[2025-06-24 09:46:56Z INFO HostContext] Well known directory 'Root': 'E:\học tập\01.AnNDB\Docker\fullstack-docker-app\actions-runner'
[2025-06-24 09:46:56Z INFO ConfigurationStore] RootFolder: E:\học tập\01.AnNDB\Docker\fullstack-docker-app\actions-runner
[2025-06-24 09:46:56Z INFO HostContext] Well known directory 'Bin': 'E:\học tập\01.AnNDB\Docker\fullstack-docker-app\actions-runner\bin'
[2025-06-24 09:46:56Z INFO HostContext] Well known directory 'Root': 'E:\học tập\01.AnNDB\Docker\fullstack-docker-app\actions-runner'
[2025-06-24 09:46:56Z INFO HostContext] Well known config file 'Runner': 'E:\học tập\01.AnNDB\Docker\fullstack-docker-app\actions-runner\.runner'
[2025-06-24 09:46:56Z INFO ConfigurationStore] ConfigFilePath: E:\học tập\01.AnNDB\Docker\fullstack-docker-app\actions-runner\.runner
[2025-06-24 09:46:56Z INFO HostContext] Well known directory 'Bin': 'E:\học tập\01.AnNDB\Docker\fullstack-docker-app\actions-runner\bin'
[2025-06-24 09:46:56Z INFO HostContext] Well known directory 'Root': 'E:\học tập\01.AnNDB\Docker\fullstack-docker-app\actions-runner'
[2025-06-24 09:46:56Z INFO HostContext] Well known config file 'MigratedRunner': 'E:\học tập\01.AnNDB\Docker\fullstack-docker-app\actions-runner\.runner_migrated'
[2025-06-24 09:46:56Z INFO ConfigurationStore] MigratedConfigFilePath: E:\học tập\01.AnNDB\Docker\fullstack-docker-app\actions-runner\.runner_migrated
[2025-06-24 09:46:56Z INFO HostContext] Well known directory 'Bin': 'E:\học tập\01.AnNDB\Docker\fullstack-docker-app\actions-runner\bin'
[2025-06-24 09:46:56Z INFO HostContext] Well known directory 'Root': 'E:\học tập\01.AnNDB\Docker\fullstack-docker-app\actions-runner'
[2025-06-24 09:46:56Z INFO HostContext] Well known config file 'Credentials': 'E:\học tập\01.AnNDB\Docker\fullstack-docker-app\actions-runner\.credentials'
[2025-06-24 09:46:56Z INFO ConfigurationStore] CredFilePath: E:\học tập\01.AnNDB\Docker\fullstack-docker-app\actions-runner\.credentials
[2025-06-24 09:46:56Z INFO HostContext] Well known directory 'Bin': 'E:\học tập\01.AnNDB\Docker\fullstack-docker-app\actions-runner\bin'
[2025-06-24 09:46:56Z INFO HostContext] Well known directory 'Root': 'E:\học tập\01.AnNDB\Docker\fullstack-docker-app\actions-runner'
[2025-06-24 09:46:56Z INFO HostContext] Well known config file 'MigratedCredentials': 'E:\học tập\01.AnNDB\Docker\fullstack-docker-app\actions-runner\.credentials_migrated'
[2025-06-24 09:46:56Z INFO ConfigurationStore] MigratedCredFilePath: E:\học tập\01.AnNDB\Docker\fullstack-docker-app\actions-runner\.credentials_migrated
[2025-06-24 09:46:56Z INFO HostContext] Well known directory 'Bin': 'E:\học tập\01.AnNDB\Docker\fullstack-docker-app\actions-runner\bin'
[2025-06-24 09:46:56Z INFO HostContext] Well known directory 'Root': 'E:\học tập\01.AnNDB\Docker\fullstack-docker-app\actions-runner'
[2025-06-24 09:46:56Z INFO HostContext] Well known config file 'Service': 'E:\học tập\01.AnNDB\Docker\fullstack-docker-app\actions-runner\.service'
[2025-06-24 09:46:56Z INFO ConfigurationStore] ServiceConfigFilePath: E:\học tập\01.AnNDB\Docker\fullstack-docker-app\actions-runner\.service
[2025-06-24 09:46:56Z INFO CommandSettings] Flag 'help': 'False'
[2025-06-24 09:46:56Z INFO CommandSettings] Flag 'version': 'False'
[2025-06-24 09:46:56Z INFO CommandSettings] Flag 'commit': 'False'
[2025-06-24 09:46:56Z INFO CommandSettings] Flag 'check': 'False'
[2025-06-24 09:46:56Z INFO CommandSettings] Command 'configure': 'False'
[2025-06-24 09:46:56Z INFO CommandSettings] Command 'remove': 'False'
[2025-06-24 09:46:56Z INFO CommandSettings] Command 'warmup': 'False'
[2025-06-24 09:46:56Z INFO ConfigurationManager] LoadSettings
[2025-06-24 09:46:56Z INFO ConfigurationStore] IsConfigured()
[2025-06-24 09:46:56Z INFO ConfigurationStore] IsConfigured: True
[2025-06-24 09:46:56Z INFO ConfigurationManager] Is configured: True
[2025-06-24 09:46:56Z INFO ConfigurationStore] Read setting file: 407 chars
[2025-06-24 09:46:56Z INFO ConfigurationManager] Settings Loaded
[2025-06-24 09:46:56Z INFO ConfigurationStore] IsServiceConfigured()
[2025-06-24 09:46:56Z INFO ConfigurationStore] IsServiceConfigured: False
[2025-06-24 09:46:56Z INFO CommandSettings] Command 'run': 'True'
[2025-06-24 09:46:56Z INFO ConfigurationStore] IsConfigured()
[2025-06-24 09:46:56Z INFO ConfigurationStore] IsConfigured: True
[2025-06-24 09:46:56Z INFO ConfigurationManager] Is configured: True
[2025-06-24 09:46:56Z INFO Runner] Could not parse the argument value '' for StartupType. Defaulting to Manual
[2025-06-24 09:46:56Z INFO Runner] Set runner startup type - Manual
[2025-06-24 09:46:56Z INFO CommandSettings] Flag 'once': 'False'
[2025-06-24 09:46:56Z INFO CommandSettings] Flag 'once': 'False'
[2025-06-24 09:46:56Z INFO Runner] RunAsync
[2025-06-24 09:46:56Z INFO ConfigurationManager] LoadMigratedSettings
[2025-06-24 09:46:56Z INFO ConfigurationStore] IsMigratedConfigured()
[2025-06-24 09:46:56Z INFO ConfigurationStore] IsMigratedConfigured: False
[2025-06-24 09:46:56Z INFO Runner] Failed to load migrated settings: No migrated configuration found.
[2025-06-24 09:46:56Z INFO Runner] Falling back to original .runner settings
[2025-06-24 09:46:56Z INFO Runner] Using BrokerMessageListener
[2025-06-24 09:46:56Z INFO BrokerMessageListener] Using provided settings
[2025-06-24 09:46:56Z INFO BrokerMessageListener] {
  "AgentId": 2,
  "AgentName": "DESKTOP-OGODPTI",
  "PoolId": 1,
  "PoolName": "Default",
  "ServerUrl": "https://pipelinesghubeus13.actions.githubusercontent.com/A6Y7R78ZVKCHxkndIiZtdg1wY82cXOe3yYPHOqPAmW9jp5hA94/",
  "GitHubUrl": "https://github.com/adusimp/fullstack-docker-app",
  "WorkFolder": "_work",
  "UseV2Flow": true,
  "ServerUrlV2": "https://broker.actions.githubusercontent.com/"
}
[2025-06-24 09:46:56Z INFO BrokerMessageListener] Loading Credentials
[2025-06-24 09:46:56Z INFO ConfigurationStore] HasCredentials()
[2025-06-24 09:46:56Z INFO ConfigurationStore] stored True
[2025-06-24 09:46:56Z INFO CredentialManager] GetCredentialProvider
[2025-06-24 09:46:56Z INFO CredentialManager] Creating type OAuth
[2025-06-24 09:46:56Z INFO CredentialManager] Creating credential type: OAuth
[2025-06-24 09:46:56Z INFO HostContext] Well known directory 'Bin': 'E:\học tập\01.AnNDB\Docker\fullstack-docker-app\actions-runner\bin'
[2025-06-24 09:46:56Z INFO HostContext] Well known directory 'Root': 'E:\học tập\01.AnNDB\Docker\fullstack-docker-app\actions-runner'
[2025-06-24 09:46:56Z INFO HostContext] Well known config file 'RSACredentials': 'E:\học tập\01.AnNDB\Docker\fullstack-docker-app\actions-runner\.credentials_rsaparams'
[2025-06-24 09:46:56Z INFO RSAEncryptedFileKeyManager] Loading RSA key parameters from file E:\học tập\01.AnNDB\Docker\fullstack-docker-app\actions-runner\.credentials_rsaparams
[2025-06-24 09:46:56Z INFO BrokerMessageListener] Attempt to create session.
[2025-06-24 09:46:56Z INFO BrokerMessageListener] Connecting to the Broker Server...
[2025-06-24 09:46:56Z INFO ConfigurationStore] HasCredentials()
[2025-06-24 09:46:56Z INFO ConfigurationStore] stored True
[2025-06-24 09:46:56Z INFO CredentialManager] GetCredentialProvider
[2025-06-24 09:46:56Z INFO CredentialManager] Creating type OAuth
[2025-06-24 09:46:56Z INFO CredentialManager] Creating credential type: OAuth
[2025-06-24 09:46:56Z INFO RSAEncryptedFileKeyManager] Loading RSA key parameters from file E:\học tập\01.AnNDB\Docker\fullstack-docker-app\actions-runner\.credentials_rsaparams
[2025-06-24 09:46:56Z INFO BrokerMessageListener] VssConnection created
[2025-06-24 09:46:56Z INFO BrokerMessageListener] Connecting to the Runner server...
[2025-06-24 09:46:56Z INFO RunnerServer] EstablishVssConnection
[2025-06-24 09:46:56Z INFO RunnerServer] Establish connection with 100 seconds timeout.
[2025-06-24 09:46:57Z INFO GitHubActionsService] Starting operation Location.GetConnectionData
[2025-06-24 09:46:57Z INFO RunnerServer] EstablishVssConnection
[2025-06-24 09:46:57Z INFO RunnerServer] Establish connection with 60 seconds timeout.
[2025-06-24 09:46:57Z INFO GitHubActionsService] Starting operation Location.GetConnectionData
[2025-06-24 09:46:57Z INFO RunnerServer] EstablishVssConnection
[2025-06-24 09:46:57Z INFO RunnerServer] Establish connection with 60 seconds timeout.
[2025-06-24 09:46:57Z INFO GitHubActionsService] Starting operation Location.GetConnectionData
[2025-06-24 09:46:58Z INFO GitHubActionsService] Finished operation Location.GetConnectionData
[2025-06-24 09:46:58Z INFO GitHubActionsService] Finished operation Location.GetConnectionData
[2025-06-24 09:46:58Z INFO GitHubActionsService] Finished operation Location.GetConnectionData
[2025-06-24 09:46:58Z INFO BrokerMessageListener] VssConnection created
[2025-06-24 09:46:58Z INFO Terminal] WRITE LINE: 
[2025-06-24 09:46:58Z INFO Terminal] WRITE LINE: 
[2025-06-24 09:46:58Z INFO RSAEncryptedFileKeyManager] Loading RSA key parameters from file E:\học tập\01.AnNDB\Docker\fullstack-docker-app\actions-runner\.credentials_rsaparams
[2025-06-24 09:46:58Z INFO RSAEncryptedFileKeyManager] Loading RSA key parameters from file E:\học tập\01.AnNDB\Docker\fullstack-docker-app\actions-runner\.credentials_rsaparams
[2025-06-24 09:46:59Z INFO GitHubActionsService] AAD Correlation ID for this token request: Unknown
[2025-06-24 09:47:00Z INFO BrokerMessageListener] Session created.
[2025-06-24 09:47:00Z INFO Terminal] WRITE LINE: Current runner version: '2.325.0'
[2025-06-24 09:47:00Z INFO Terminal] WRITE LINE: 2025-06-24 09:47:00Z: Listening for Jobs
[2025-06-24 09:47:00Z INFO JobDispatcher] Set runner/worker IPC timeout to 30 seconds.
[2025-06-24 09:47:01Z INFO ConfigurationStore] HasCredentials()
[2025-06-24 09:47:01Z INFO ConfigurationStore] stored True
[2025-06-24 09:47:01Z INFO CredentialManager] GetCredentialProvider
[2025-06-24 09:47:01Z INFO CredentialManager] Creating type OAuth
[2025-06-24 09:47:01Z INFO CredentialManager] Creating credential type: OAuth
[2025-06-24 09:47:01Z INFO RSAEncryptedFileKeyManager] Loading RSA key parameters from file E:\học tập\01.AnNDB\Docker\fullstack-docker-app\actions-runner\.credentials_rsaparams
[2025-06-24 09:47:01Z INFO RSAEncryptedFileKeyManager] Loading RSA key parameters from file E:\học tập\01.AnNDB\Docker\fullstack-docker-app\actions-runner\.credentials_rsaparams
[2025-06-24 09:47:01Z INFO RSAEncryptedFileKeyManager] Loading RSA key parameters from file E:\học tập\01.AnNDB\Docker\fullstack-docker-app\actions-runner\.credentials_rsaparams
[2025-06-24 09:47:02Z INFO GitHubActionsService] AAD Correlation ID for this token request: Unknown
[2025-06-24 09:47:04Z INFO JobDispatcher] Job request 0 for plan b1e50601-b7e5-4ed6-837e-3059c109a387 job 5ec37a33-e2a3-5b60-8f71-c4ae2006d758 received.
[2025-06-24 09:47:04Z INFO BrokerMessageListener] Received job status event. JobState: Busy
[2025-06-24 09:47:04Z INFO BrokerMessageListener] _getMessagesTokenSource is already disposed.
[2025-06-24 09:47:04Z INFO Terminal] WRITE LINE: 2025-06-24 09:47:04Z: Running job: build_push_pull_run
[2025-06-24 09:47:04Z INFO JobDispatcher] Start renew job request 0 for job 5ec37a33-e2a3-5b60-8f71-c4ae2006d758.
[2025-06-24 09:47:04Z INFO JobDispatcher] Successfully renew job 5ec37a33-e2a3-5b60-8f71-c4ae2006d758, job is valid till 6/24/2025 9:57:05 AM
[2025-06-24 09:47:05Z INFO HostContext] Well known directory 'Bin': 'E:\học tập\01.AnNDB\Docker\fullstack-docker-app\actions-runner\bin'
[2025-06-24 09:47:05Z INFO ProcessInvokerWrapper] Starting process:
[2025-06-24 09:47:05Z INFO ProcessInvokerWrapper]   File name: 'E:\học tập\01.AnNDB\Docker\fullstack-docker-app\actions-runner\bin\Runner.Worker.exe'
[2025-06-24 09:47:05Z INFO ProcessInvokerWrapper]   Arguments: 'spawnclient 2268 2280'
[2025-06-24 09:47:05Z INFO ProcessInvokerWrapper]   Working directory: 'E:\học tập\01.AnNDB\Docker\fullstack-docker-app\actions-runner\bin'
[2025-06-24 09:47:05Z INFO ProcessInvokerWrapper]   Require exit code zero: 'False'
[2025-06-24 09:47:05Z INFO ProcessInvokerWrapper]   Encoding web name:  ; code page: ''
[2025-06-24 09:47:05Z INFO ProcessInvokerWrapper]   Force kill process on cancellation: 'True'
[2025-06-24 09:47:05Z INFO ProcessInvokerWrapper]   Redirected STDIN: 'False'
[2025-06-24 09:47:05Z INFO ProcessInvokerWrapper]   Persist current code page: 'False'
[2025-06-24 09:47:05Z INFO ProcessInvokerWrapper]   Keep redirected STDIN open: 'False'
[2025-06-24 09:47:05Z INFO ProcessInvokerWrapper]   High priority process: 'True'
[2025-06-24 09:47:05Z INFO ProcessInvokerWrapper] Process started with process id 17384, waiting for process exit.
[2025-06-24 09:47:05Z INFO JobDispatcher] Send job request message to worker for job 5ec37a33-e2a3-5b60-8f71-c4ae2006d758.
[2025-06-24 09:47:05Z INFO ProcessChannel] Sending message of length 23842, with hash 'bdafa9e367969794e12703dafcd59bd96d8eb86e0b3d4f5332fc25901cf06f1f'
[2025-06-24 09:47:05Z INFO JobNotification] Entering JobStarted Notification
[2025-06-24 09:47:05Z INFO JobNotification] Entering StartMonitor
[2025-06-24 09:48:05Z INFO JobDispatcher] Successfully renew job 5ec37a33-e2a3-5b60-8f71-c4ae2006d758, job is valid till 6/24/2025 9:58:05 AM
[2025-06-24 09:48:17Z INFO ProcessInvokerWrapper] STDOUT/STDERR stream read finished.
[2025-06-24 09:48:17Z INFO ProcessInvokerWrapper] STDOUT/STDERR stream read finished.
[2025-06-24 09:48:17Z INFO ProcessInvokerWrapper] Finished process 17384 with exit code 102, and elapsed time 00:01:11.9690391.
[2025-06-24 09:48:17Z INFO JobDispatcher] Worker finished for job 5ec37a33-e2a3-5b60-8f71-c4ae2006d758. Code: 102
[2025-06-24 09:48:17Z INFO JobDispatcher] finish job request for job 5ec37a33-e2a3-5b60-8f71-c4ae2006d758 with result: Failed
[2025-06-24 09:48:17Z INFO Terminal] WRITE LINE: 2025-06-24 09:48:17Z: Job build_push_pull_run completed with result: Failed
[2025-06-24 09:48:17Z INFO JobDispatcher] Stop renew job request for job 5ec37a33-e2a3-5b60-8f71-c4ae2006d758.
[2025-06-24 09:48:17Z INFO JobDispatcher] job renew has been cancelled, stop renew job 5ec37a33-e2a3-5b60-8f71-c4ae2006d758.
[2025-06-24 09:48:17Z INFO JobNotification] Entering JobCompleted Notification
[2025-06-24 09:48:17Z INFO JobNotification] Entering EndMonitor
[2025-06-24 09:48:17Z INFO BrokerMessageListener] Received job status event. JobState: Online
[2025-06-24 09:48:17Z WARN GitHubActionsService] GET request to https://broker.actions.githubusercontent.com/message?sessionId=6c0dd852-924b-48f9-b7b9-dcb3958c7dca&status=Busy&runnerVersion=2.325.0&os=Windows&architecture=X64&disableUpdate=false has been cancelled.
[2025-06-24 09:48:17Z ERR  BrokerServer] Catch exception during request
[2025-06-24 09:48:17Z ERR  BrokerServer] System.Threading.Tasks.TaskCanceledException: The operation was canceled.
 ---> System.Threading.Tasks.TaskCanceledException: The operation was canceled.
 ---> System.IO.IOException: Unable to read data from the transport connection: The I/O operation has been aborted because of either a thread exit or an application request..
 ---> System.Net.Sockets.SocketException (995): The I/O operation has been aborted because of either a thread exit or an application request.
   --- End of inner exception stack trace ---
   at System.Net.Sockets.Socket.AwaitableSocketAsyncEventArgs.ThrowException(SocketError error, CancellationToken cancellationToken)
   at System.Net.Sockets.Socket.AwaitableSocketAsyncEventArgs.System.Threading.Tasks.Sources.IValueTaskSource<System.Int32>.GetResult(Int16 token)
   at System.Net.Security.SslStream.EnsureFullTlsFrameAsync[TIOAdapter](CancellationToken cancellationToken, Int32 estimatedSize)
   at System.Runtime.CompilerServices.PoolingAsyncValueTaskMethodBuilder`1.StateMachineBox`1.System.Threading.Tasks.Sources.IValueTaskSource<TResult>.GetResult(Int16 token)
   at System.Net.Security.SslStream.ReadAsyncInternal[TIOAdapter](Memory`1 buffer, CancellationToken cancellationToken)
   at System.Runtime.CompilerServices.PoolingAsyncValueTaskMethodBuilder`1.StateMachineBox`1.System.Threading.Tasks.Sources.IValueTaskSource<TResult>.GetResult(Int16 token)
   at System.Net.Http.HttpConnection.SendAsync(HttpRequestMessage request, Boolean async, CancellationToken cancellationToken)
   --- End of inner exception stack trace ---
   at System.Net.Http.HttpConnection.SendAsync(HttpRequestMessage request, Boolean async, CancellationToken cancellationToken)
   at System.Net.Http.AuthenticationHelper.SendWithNtAuthAsync(HttpRequestMessage request, Uri authUri, Boolean async, ICredentials credentials, Boolean isProxyAuth, HttpConnection connection, HttpConnectionPool connectionPool, CancellationToken cancellationToken)
   at System.Net.Http.HttpConnectionPool.SendWithVersionDetectionAndRetryAsync(HttpRequestMessage request, Boolean async, Boolean doRequestAuth, CancellationToken cancellationToken)
   at System.Net.Http.AuthenticationHelper.SendWithAuthAsync(HttpRequestMessage request, Uri authUri, Boolean async, ICredentials credentials, Boolean preAuthenticate, Boolean isProxyAuth, Boolean doRequestAuth, HttpConnectionPool pool, CancellationToken cancellationToken)
   at System.Net.Http.RedirectHandler.SendAsync(HttpRequestMessage request, Boolean async, CancellationToken cancellationToken)
   at GitHub.Services.Common.RawHttpMessageHandler.SendAsync(HttpRequestMessage request, CancellationToken cancellationToken)
   at GitHub.Services.Common.VssHttpRetryMessageHandler.SendAsync(HttpRequestMessage request, CancellationToken cancellationToken)
   at System.Net.Http.HttpClient.<SendAsync>g__Core|83_0(HttpRequestMessage request, HttpCompletionOption completionOption, CancellationTokenSource cts, Boolean disposeCts, CancellationTokenSource pendingRequestsCts, CancellationToken originalCancellationToken)
   --- End of inner exception stack trace ---
   at System.Net.Http.HttpClient.HandleFailure(Exception e, Boolean telemetryStarted, HttpResponseMessage response, CancellationTokenSource cts, CancellationToken cancellationToken, CancellationTokenSource pendingRequestsCts)
   at System.Net.Http.HttpClient.<SendAsync>g__Core|83_0(HttpRequestMessage request, HttpCompletionOption completionOption, CancellationTokenSource cts, Boolean disposeCts, CancellationTokenSource pendingRequestsCts, CancellationToken originalCancellationToken)
   at Sdk.WebApi.WebApi.RawHttpClientBase.SendAsync(HttpRequestMessage message, HttpCompletionOption completionOption, Object userState, CancellationToken cancellationToken)
   at Sdk.WebApi.WebApi.RawHttpClientBase.SendAsync[T](HttpRequestMessage message, Boolean readErrorBody, Object userState, CancellationToken cancellationToken)
   at Sdk.WebApi.WebApi.RawHttpClientBase.SendAsync[T](HttpMethod method, IEnumerable`1 additionalHeaders, Uri requestUri, HttpContent content, IEnumerable`1 queryParameters, Boolean readErrorBody, Object userState, CancellationToken cancellationToken)
   at GitHub.Actions.RunService.WebApi.BrokerHttpClient.GetRunnerMessageAsync(Nullable`1 sessionId, String runnerVersion, Nullable`1 status, String os, String architecture, Nullable`1 disableUpdate, CancellationToken cancellationToken)
   at GitHub.Runner.Common.BrokerServer.<>c__DisplayClass7_0.<<GetRunnerMessageAsync>b__0>d.MoveNext()
--- End of stack trace from previous location ---
   at GitHub.Runner.Common.RunnerService.RetryRequest[T](Func`1 func, CancellationToken cancellationToken, Int32 maxRetryAttemptsCount, Func`2 shouldRetry)
[2025-06-24 09:48:17Z ERR  BrokerServer] #####################################################
[2025-06-24 09:48:17Z ERR  BrokerServer] System.Threading.Tasks.TaskCanceledException: The operation was canceled.
 ---> System.IO.IOException: Unable to read data from the transport connection: The I/O operation has been aborted because of either a thread exit or an application request..
 ---> System.Net.Sockets.SocketException (995): The I/O operation has been aborted because of either a thread exit or an application request.
   --- End of inner exception stack trace ---
   at System.Net.Sockets.Socket.AwaitableSocketAsyncEventArgs.ThrowException(SocketError error, CancellationToken cancellationToken)
   at System.Net.Sockets.Socket.AwaitableSocketAsyncEventArgs.System.Threading.Tasks.Sources.IValueTaskSource<System.Int32>.GetResult(Int16 token)
   at System.Net.Security.SslStream.EnsureFullTlsFrameAsync[TIOAdapter](CancellationToken cancellationToken, Int32 estimatedSize)
   at System.Runtime.CompilerServices.PoolingAsyncValueTaskMethodBuilder`1.StateMachineBox`1.System.Threading.Tasks.Sources.IValueTaskSource<TResult>.GetResult(Int16 token)
   at System.Net.Security.SslStream.ReadAsyncInternal[TIOAdapter](Memory`1 buffer, CancellationToken cancellationToken)
   at System.Runtime.CompilerServices.PoolingAsyncValueTaskMethodBuilder`1.StateMachineBox`1.System.Threading.Tasks.Sources.IValueTaskSource<TResult>.GetResult(Int16 token)
   at System.Net.Http.HttpConnection.SendAsync(HttpRequestMessage request, Boolean async, CancellationToken cancellationToken)
   --- End of inner exception stack trace ---
   at System.Net.Http.HttpConnection.SendAsync(HttpRequestMessage request, Boolean async, CancellationToken cancellationToken)
   at System.Net.Http.AuthenticationHelper.SendWithNtAuthAsync(HttpRequestMessage request, Uri authUri, Boolean async, ICredentials credentials, Boolean isProxyAuth, HttpConnection connection, HttpConnectionPool connectionPool, CancellationToken cancellationToken)
   at System.Net.Http.HttpConnectionPool.SendWithVersionDetectionAndRetryAsync(HttpRequestMessage request, Boolean async, Boolean doRequestAuth, CancellationToken cancellationToken)
   at System.Net.Http.AuthenticationHelper.SendWithAuthAsync(HttpRequestMessage request, Uri authUri, Boolean async, ICredentials credentials, Boolean preAuthenticate, Boolean isProxyAuth, Boolean doRequestAuth, HttpConnectionPool pool, CancellationToken cancellationToken)
   at System.Net.Http.RedirectHandler.SendAsync(HttpRequestMessage request, Boolean async, CancellationToken cancellationToken)
   at GitHub.Services.Common.RawHttpMessageHandler.SendAsync(HttpRequestMessage request, CancellationToken cancellationToken)
   at GitHub.Services.Common.VssHttpRetryMessageHandler.SendAsync(HttpRequestMessage request, CancellationToken cancellationToken)
   at System.Net.Http.HttpClient.<SendAsync>g__Core|83_0(HttpRequestMessage request, HttpCompletionOption completionOption, CancellationTokenSource cts, Boolean disposeCts, CancellationTokenSource pendingRequestsCts, CancellationToken originalCancellationToken)
[2025-06-24 09:48:17Z ERR  BrokerServer] #####################################################
[2025-06-24 09:48:17Z ERR  BrokerServer] System.IO.IOException: Unable to read data from the transport connection: The I/O operation has been aborted because of either a thread exit or an application request..
 ---> System.Net.Sockets.SocketException (995): The I/O operation has been aborted because of either a thread exit or an application request.
   --- End of inner exception stack trace ---
   at System.Net.Sockets.Socket.AwaitableSocketAsyncEventArgs.ThrowException(SocketError error, CancellationToken cancellationToken)
   at System.Net.Sockets.Socket.AwaitableSocketAsyncEventArgs.System.Threading.Tasks.Sources.IValueTaskSource<System.Int32>.GetResult(Int16 token)
   at System.Net.Security.SslStream.EnsureFullTlsFrameAsync[TIOAdapter](CancellationToken cancellationToken, Int32 estimatedSize)
   at System.Runtime.CompilerServices.PoolingAsyncValueTaskMethodBuilder`1.StateMachineBox`1.System.Threading.Tasks.Sources.IValueTaskSource<TResult>.GetResult(Int16 token)
   at System.Net.Security.SslStream.ReadAsyncInternal[TIOAdapter](Memory`1 buffer, CancellationToken cancellationToken)
   at System.Runtime.CompilerServices.PoolingAsyncValueTaskMethodBuilder`1.StateMachineBox`1.System.Threading.Tasks.Sources.IValueTaskSource<TResult>.GetResult(Int16 token)
   at System.Net.Http.HttpConnection.SendAsync(HttpRequestMessage request, Boolean async, CancellationToken cancellationToken)
[2025-06-24 09:48:17Z ERR  BrokerServer] #####################################################
[2025-06-24 09:48:17Z ERR  BrokerServer] System.Net.Sockets.SocketException (995): The I/O operation has been aborted because of either a thread exit or an application request.
[2025-06-24 09:48:17Z WARN BrokerServer] Back off 11.289 seconds before next retry. 4 attempt left.
[2025-06-24 09:48:17Z INFO BrokerMessageListener] Get messages has been cancelled using local token source. Continue to get messages with new status.
[2025-06-24 09:54:47Z INFO ConfigurationStore] HasCredentials()
[2025-06-24 09:54:47Z INFO ConfigurationStore] stored True
[2025-06-24 09:54:47Z INFO CredentialManager] GetCredentialProvider
[2025-06-24 09:54:47Z INFO CredentialManager] Creating type OAuth
[2025-06-24 09:54:47Z INFO CredentialManager] Creating credential type: OAuth
[2025-06-24 09:54:47Z INFO RSAEncryptedFileKeyManager] Loading RSA key parameters from file E:\học tập\01.AnNDB\Docker\fullstack-docker-app\actions-runner\.credentials_rsaparams
[2025-06-24 09:54:47Z INFO RSAEncryptedFileKeyManager] Loading RSA key parameters from file E:\học tập\01.AnNDB\Docker\fullstack-docker-app\actions-runner\.credentials_rsaparams
[2025-06-24 09:54:47Z INFO RSAEncryptedFileKeyManager] Loading RSA key parameters from file E:\học tập\01.AnNDB\Docker\fullstack-docker-app\actions-runner\.credentials_rsaparams
[2025-06-24 09:54:48Z INFO GitHubActionsService] AAD Correlation ID for this token request: Unknown
[2025-06-24 09:54:49Z INFO JobDispatcher] Job request 0 for plan ed789b1f-da4f-43fc-b6ff-f5b3c297f0ce job e0e3e9eb-b6ee-5bd2-a865-49cfcead5519 received.
[2025-06-24 09:54:49Z INFO BrokerMessageListener] Received job status event. JobState: Busy
[2025-06-24 09:54:49Z INFO BrokerMessageListener] _getMessagesTokenSource is already disposed.
[2025-06-24 09:54:49Z INFO JobDispatcher] Job request 5ec37a33-e2a3-5b60-8f71-c4ae2006d758 processed succeed.
[2025-06-24 09:54:49Z INFO Terminal] WRITE LINE: 2025-06-24 09:54:49Z: Running job: build_push_pull_run
[2025-06-24 09:54:49Z INFO JobDispatcher] Start renew job request 0 for job e0e3e9eb-b6ee-5bd2-a865-49cfcead5519.
[2025-06-24 09:54:50Z INFO JobDispatcher] Successfully renew job e0e3e9eb-b6ee-5bd2-a865-49cfcead5519, job is valid till 6/24/2025 10:04:50 AM
[2025-06-24 09:54:50Z INFO HostContext] Well known directory 'Bin': 'E:\học tập\01.AnNDB\Docker\fullstack-docker-app\actions-runner\bin'
[2025-06-24 09:54:50Z INFO ProcessInvokerWrapper] Starting process:
[2025-06-24 09:54:50Z INFO ProcessInvokerWrapper]   File name: 'E:\học tập\01.AnNDB\Docker\fullstack-docker-app\actions-runner\bin\Runner.Worker.exe'
[2025-06-24 09:54:50Z INFO ProcessInvokerWrapper]   Arguments: 'spawnclient 2456 2468'
[2025-06-24 09:54:50Z INFO ProcessInvokerWrapper]   Working directory: 'E:\học tập\01.AnNDB\Docker\fullstack-docker-app\actions-runner\bin'
[2025-06-24 09:54:50Z INFO ProcessInvokerWrapper]   Require exit code zero: 'False'
[2025-06-24 09:54:50Z INFO ProcessInvokerWrapper]   Encoding web name:  ; code page: ''
[2025-06-24 09:54:50Z INFO ProcessInvokerWrapper]   Force kill process on cancellation: 'True'
[2025-06-24 09:54:50Z INFO ProcessInvokerWrapper]   Redirected STDIN: 'False'
[2025-06-24 09:54:50Z INFO ProcessInvokerWrapper]   Persist current code page: 'False'
[2025-06-24 09:54:50Z INFO ProcessInvokerWrapper]   Keep redirected STDIN open: 'False'
[2025-06-24 09:54:50Z INFO ProcessInvokerWrapper]   High priority process: 'True'
[2025-06-24 09:54:50Z INFO ProcessInvokerWrapper] Process started with process id 11780, waiting for process exit.
[2025-06-24 09:54:50Z INFO JobDispatcher] Send job request message to worker for job e0e3e9eb-b6ee-5bd2-a865-49cfcead5519.
[2025-06-24 09:54:50Z INFO ProcessChannel] Sending message of length 23828, with hash '15aaee4588199c4847b73ed3e3ba1e38e02adffcc51b39e1592b2ab41815328f'
[2025-06-24 09:54:50Z INFO JobNotification] Entering JobStarted Notification
[2025-06-24 09:54:50Z INFO JobNotification] Entering StartMonitor
[2025-06-24 09:55:50Z INFO JobDispatcher] Successfully renew job e0e3e9eb-b6ee-5bd2-a865-49cfcead5519, job is valid till 6/24/2025 10:05:50 AM
[2025-06-24 09:55:53Z INFO ProcessInvokerWrapper] STDOUT/STDERR stream read finished.
[2025-06-24 09:55:53Z INFO ProcessInvokerWrapper] STDOUT/STDERR stream read finished.
[2025-06-24 09:55:53Z INFO ProcessInvokerWrapper] Finished process 11780 with exit code 100, and elapsed time 00:01:03.6592324.
[2025-06-24 09:55:53Z INFO JobDispatcher] Worker finished for job e0e3e9eb-b6ee-5bd2-a865-49cfcead5519. Code: 100
[2025-06-24 09:55:53Z INFO JobDispatcher] finish job request for job e0e3e9eb-b6ee-5bd2-a865-49cfcead5519 with result: Succeeded
[2025-06-24 09:55:53Z INFO Terminal] WRITE LINE: 2025-06-24 09:55:53Z: Job build_push_pull_run completed with result: Succeeded
[2025-06-24 09:55:53Z INFO JobDispatcher] Stop renew job request for job e0e3e9eb-b6ee-5bd2-a865-49cfcead5519.
[2025-06-24 09:55:53Z INFO JobDispatcher] job renew has been cancelled, stop renew job e0e3e9eb-b6ee-5bd2-a865-49cfcead5519.
[2025-06-24 09:55:53Z INFO JobNotification] Entering JobCompleted Notification
[2025-06-24 09:55:53Z INFO JobNotification] Entering EndMonitor
[2025-06-24 09:55:53Z INFO BrokerMessageListener] Received job status event. JobState: Online
[2025-06-24 09:55:53Z WARN GitHubActionsService] GET request to https://broker.actions.githubusercontent.com/message?sessionId=6c0dd852-924b-48f9-b7b9-dcb3958c7dca&status=Busy&runnerVersion=2.325.0&os=Windows&architecture=X64&disableUpdate=false has been cancelled.
[2025-06-24 09:55:53Z ERR  BrokerServer] Catch exception during request
[2025-06-24 09:55:53Z ERR  BrokerServer] System.Threading.Tasks.TaskCanceledException: The operation was canceled.
 ---> System.Threading.Tasks.TaskCanceledException: The operation was canceled.
 ---> System.IO.IOException: Unable to read data from the transport connection: The I/O operation has been aborted because of either a thread exit or an application request..
 ---> System.Net.Sockets.SocketException (995): The I/O operation has been aborted because of either a thread exit or an application request.
   --- End of inner exception stack trace ---
   at System.Net.Sockets.Socket.AwaitableSocketAsyncEventArgs.ThrowException(SocketError error, CancellationToken cancellationToken)
   at System.Net.Sockets.Socket.AwaitableSocketAsyncEventArgs.System.Threading.Tasks.Sources.IValueTaskSource<System.Int32>.GetResult(Int16 token)
   at System.Net.Security.SslStream.EnsureFullTlsFrameAsync[TIOAdapter](CancellationToken cancellationToken, Int32 estimatedSize)
   at System.Runtime.CompilerServices.PoolingAsyncValueTaskMethodBuilder`1.StateMachineBox`1.System.Threading.Tasks.Sources.IValueTaskSource<TResult>.GetResult(Int16 token)
   at System.Net.Security.SslStream.ReadAsyncInternal[TIOAdapter](Memory`1 buffer, CancellationToken cancellationToken)
   at System.Runtime.CompilerServices.PoolingAsyncValueTaskMethodBuilder`1.StateMachineBox`1.System.Threading.Tasks.Sources.IValueTaskSource<TResult>.GetResult(Int16 token)
   at System.Net.Http.HttpConnection.SendAsync(HttpRequestMessage request, Boolean async, CancellationToken cancellationToken)
   --- End of inner exception stack trace ---
   at System.Net.Http.HttpConnection.SendAsync(HttpRequestMessage request, Boolean async, CancellationToken cancellationToken)
   at System.Net.Http.AuthenticationHelper.SendWithNtAuthAsync(HttpRequestMessage request, Uri authUri, Boolean async, ICredentials credentials, Boolean isProxyAuth, HttpConnection connection, HttpConnectionPool connectionPool, CancellationToken cancellationToken)
   at System.Net.Http.HttpConnectionPool.SendWithVersionDetectionAndRetryAsync(HttpRequestMessage request, Boolean async, Boolean doRequestAuth, CancellationToken cancellationToken)
   at System.Net.Http.AuthenticationHelper.SendWithAuthAsync(HttpRequestMessage request, Uri authUri, Boolean async, ICredentials credentials, Boolean preAuthenticate, Boolean isProxyAuth, Boolean doRequestAuth, HttpConnectionPool pool, CancellationToken cancellationToken)
   at System.Net.Http.RedirectHandler.SendAsync(HttpRequestMessage request, Boolean async, CancellationToken cancellationToken)
   at GitHub.Services.Common.RawHttpMessageHandler.SendAsync(HttpRequestMessage request, CancellationToken cancellationToken)
   at GitHub.Services.Common.VssHttpRetryMessageHandler.SendAsync(HttpRequestMessage request, CancellationToken cancellationToken)
   at System.Net.Http.HttpClient.<SendAsync>g__Core|83_0(HttpRequestMessage request, HttpCompletionOption completionOption, CancellationTokenSource cts, Boolean disposeCts, CancellationTokenSource pendingRequestsCts, CancellationToken originalCancellationToken)
   --- End of inner exception stack trace ---
   at System.Net.Http.HttpClient.HandleFailure(Exception e, Boolean telemetryStarted, HttpResponseMessage response, CancellationTokenSource cts, CancellationToken cancellationToken, CancellationTokenSource pendingRequestsCts)
   at System.Net.Http.HttpClient.<SendAsync>g__Core|83_0(HttpRequestMessage request, HttpCompletionOption completionOption, CancellationTokenSource cts, Boolean disposeCts, CancellationTokenSource pendingRequestsCts, CancellationToken originalCancellationToken)
   at Sdk.WebApi.WebApi.RawHttpClientBase.SendAsync(HttpRequestMessage message, HttpCompletionOption completionOption, Object userState, CancellationToken cancellationToken)
   at Sdk.WebApi.WebApi.RawHttpClientBase.SendAsync[T](HttpRequestMessage message, Boolean readErrorBody, Object userState, CancellationToken cancellationToken)
   at Sdk.WebApi.WebApi.RawHttpClientBase.SendAsync[T](HttpMethod method, IEnumerable`1 additionalHeaders, Uri requestUri, HttpContent content, IEnumerable`1 queryParameters, Boolean readErrorBody, Object userState, CancellationToken cancellationToken)
   at GitHub.Actions.RunService.WebApi.BrokerHttpClient.GetRunnerMessageAsync(Nullable`1 sessionId, String runnerVersion, Nullable`1 status, String os, String architecture, Nullable`1 disableUpdate, CancellationToken cancellationToken)
   at GitHub.Runner.Common.BrokerServer.<>c__DisplayClass7_0.<<GetRunnerMessageAsync>b__0>d.MoveNext()
--- End of stack trace from previous location ---
   at GitHub.Runner.Common.RunnerService.RetryRequest[T](Func`1 func, CancellationToken cancellationToken, Int32 maxRetryAttemptsCount, Func`2 shouldRetry)
[2025-06-24 09:55:53Z ERR  BrokerServer] #####################################################
[2025-06-24 09:55:53Z ERR  BrokerServer] System.Threading.Tasks.TaskCanceledException: The operation was canceled.
 ---> System.IO.IOException: Unable to read data from the transport connection: The I/O operation has been aborted because of either a thread exit or an application request..
 ---> System.Net.Sockets.SocketException (995): The I/O operation has been aborted because of either a thread exit or an application request.
   --- End of inner exception stack trace ---
   at System.Net.Sockets.Socket.AwaitableSocketAsyncEventArgs.ThrowException(SocketError error, CancellationToken cancellationToken)
   at System.Net.Sockets.Socket.AwaitableSocketAsyncEventArgs.System.Threading.Tasks.Sources.IValueTaskSource<System.Int32>.GetResult(Int16 token)
   at System.Net.Security.SslStream.EnsureFullTlsFrameAsync[TIOAdapter](CancellationToken cancellationToken, Int32 estimatedSize)
   at System.Runtime.CompilerServices.PoolingAsyncValueTaskMethodBuilder`1.StateMachineBox`1.System.Threading.Tasks.Sources.IValueTaskSource<TResult>.GetResult(Int16 token)
   at System.Net.Security.SslStream.ReadAsyncInternal[TIOAdapter](Memory`1 buffer, CancellationToken cancellationToken)
   at System.Runtime.CompilerServices.PoolingAsyncValueTaskMethodBuilder`1.StateMachineBox`1.System.Threading.Tasks.Sources.IValueTaskSource<TResult>.GetResult(Int16 token)
   at System.Net.Http.HttpConnection.SendAsync(HttpRequestMessage request, Boolean async, CancellationToken cancellationToken)
   --- End of inner exception stack trace ---
   at System.Net.Http.HttpConnection.SendAsync(HttpRequestMessage request, Boolean async, CancellationToken cancellationToken)
   at System.Net.Http.AuthenticationHelper.SendWithNtAuthAsync(HttpRequestMessage request, Uri authUri, Boolean async, ICredentials credentials, Boolean isProxyAuth, HttpConnection connection, HttpConnectionPool connectionPool, CancellationToken cancellationToken)
   at System.Net.Http.HttpConnectionPool.SendWithVersionDetectionAndRetryAsync(HttpRequestMessage request, Boolean async, Boolean doRequestAuth, CancellationToken cancellationToken)
   at System.Net.Http.AuthenticationHelper.SendWithAuthAsync(HttpRequestMessage request, Uri authUri, Boolean async, ICredentials credentials, Boolean preAuthenticate, Boolean isProxyAuth, Boolean doRequestAuth, HttpConnectionPool pool, CancellationToken cancellationToken)
   at System.Net.Http.RedirectHandler.SendAsync(HttpRequestMessage request, Boolean async, CancellationToken cancellationToken)
   at GitHub.Services.Common.RawHttpMessageHandler.SendAsync(HttpRequestMessage request, CancellationToken cancellationToken)
   at GitHub.Services.Common.VssHttpRetryMessageHandler.SendAsync(HttpRequestMessage request, CancellationToken cancellationToken)
   at System.Net.Http.HttpClient.<SendAsync>g__Core|83_0(HttpRequestMessage request, HttpCompletionOption completionOption, CancellationTokenSource cts, Boolean disposeCts, CancellationTokenSource pendingRequestsCts, CancellationToken originalCancellationToken)
[2025-06-24 09:55:53Z ERR  BrokerServer] #####################################################
[2025-06-24 09:55:53Z ERR  BrokerServer] System.IO.IOException: Unable to read data from the transport connection: The I/O operation has been aborted because of either a thread exit or an application request..
 ---> System.Net.Sockets.SocketException (995): The I/O operation has been aborted because of either a thread exit or an application request.
   --- End of inner exception stack trace ---
   at System.Net.Sockets.Socket.AwaitableSocketAsyncEventArgs.ThrowException(SocketError error, CancellationToken cancellationToken)
   at System.Net.Sockets.Socket.AwaitableSocketAsyncEventArgs.System.Threading.Tasks.Sources.IValueTaskSource<System.Int32>.GetResult(Int16 token)
   at System.Net.Security.SslStream.EnsureFullTlsFrameAsync[TIOAdapter](CancellationToken cancellationToken, Int32 estimatedSize)
   at System.Runtime.CompilerServices.PoolingAsyncValueTaskMethodBuilder`1.StateMachineBox`1.System.Threading.Tasks.Sources.IValueTaskSource<TResult>.GetResult(Int16 token)
   at System.Net.Security.SslStream.ReadAsyncInternal[TIOAdapter](Memory`1 buffer, CancellationToken cancellationToken)
   at System.Runtime.CompilerServices.PoolingAsyncValueTaskMethodBuilder`1.StateMachineBox`1.System.Threading.Tasks.Sources.IValueTaskSource<TResult>.GetResult(Int16 token)
   at System.Net.Http.HttpConnection.SendAsync(HttpRequestMessage request, Boolean async, CancellationToken cancellationToken)
[2025-06-24 09:55:53Z ERR  BrokerServer] #####################################################
[2025-06-24 09:55:53Z ERR  BrokerServer] System.Net.Sockets.SocketException (995): The I/O operation has been aborted because of either a thread exit or an application request.
[2025-06-24 09:55:53Z WARN BrokerServer] Back off 5.715 seconds before next retry. 4 attempt left.
[2025-06-24 09:55:53Z INFO BrokerMessageListener] Get messages has been cancelled using local token source. Continue to get messages with new status.
[2025-06-24 09:57:32Z INFO Terminal] WRITE LINE: Exiting...
[2025-06-24 09:57:32Z INFO ConfigurationStore] IsServiceConfigured()
[2025-06-24 09:57:32Z INFO ConfigurationStore] IsServiceConfigured: False
[2025-06-24 09:57:32Z INFO HostContext] Runner will be shutdown for UserCancelled
[2025-06-24 09:57:32Z WARN GitHubActionsService] GET request to https://broker.actions.githubusercontent.com/message?sessionId=6c0dd852-924b-48f9-b7b9-dcb3958c7dca&status=Online&runnerVersion=2.325.0&os=Windows&architecture=X64&disableUpdate=false has been cancelled.
[2025-06-24 09:57:32Z ERR  BrokerServer] Catch exception during request
[2025-06-24 09:57:32Z ERR  BrokerServer] System.Threading.Tasks.TaskCanceledException: The operation was canceled.
 ---> System.Threading.Tasks.TaskCanceledException: The operation was canceled.
 ---> System.IO.IOException: Unable to read data from the transport connection: The I/O operation has been aborted because of either a thread exit or an application request..
 ---> System.Net.Sockets.SocketException (995): The I/O operation has been aborted because of either a thread exit or an application request.
   --- End of inner exception stack trace ---
   at System.Net.Sockets.Socket.AwaitableSocketAsyncEventArgs.System.Threading.Tasks.Sources.IValueTaskSource<System.Int32>.GetResult(Int16 token)
   at System.Net.Security.SslStream.EnsureFullTlsFrameAsync[TIOAdapter](CancellationToken cancellationToken, Int32 estimatedSize)
   at System.Runtime.CompilerServices.PoolingAsyncValueTaskMethodBuilder`1.StateMachineBox`1.System.Threading.Tasks.Sources.IValueTaskSource<TResult>.GetResult(Int16 token)
   at System.Net.Security.SslStream.ReadAsyncInternal[TIOAdapter](Memory`1 buffer, CancellationToken cancellationToken)
   at System.Runtime.CompilerServices.PoolingAsyncValueTaskMethodBuilder`1.StateMachineBox`1.System.Threading.Tasks.Sources.IValueTaskSource<TResult>.GetResult(Int16 token)
   at System.Net.Http.HttpConnection.SendAsync(HttpRequestMessage request, Boolean async, CancellationToken cancellationToken)
   --- End of inner exception stack trace ---
   at System.Net.Http.HttpConnection.SendAsync(HttpRequestMessage request, Boolean async, CancellationToken cancellationToken)
   at System.Net.Http.AuthenticationHelper.SendWithNtAuthAsync(HttpRequestMessage request, Uri authUri, Boolean async, ICredentials credentials, Boolean isProxyAuth, HttpConnection connection, HttpConnectionPool connectionPool, CancellationToken cancellationToken)
   at System.Net.Http.HttpConnectionPool.SendWithVersionDetectionAndRetryAsync(HttpRequestMessage request, Boolean async, Boolean doRequestAuth, CancellationToken cancellationToken)
   at System.Net.Http.AuthenticationHelper.SendWithAuthAsync(HttpRequestMessage request, Uri authUri, Boolean async, ICredentials credentials, Boolean preAuthenticate, Boolean isProxyAuth, Boolean doRequestAuth, HttpConnectionPool pool, CancellationToken cancellationToken)
   at System.Net.Http.RedirectHandler.SendAsync(HttpRequestMessage request, Boolean async, CancellationToken cancellationToken)
   at GitHub.Services.Common.RawHttpMessageHandler.SendAsync(HttpRequestMessage request, CancellationToken cancellationToken)
   at GitHub.Services.Common.VssHttpRetryMessageHandler.SendAsync(HttpRequestMessage request, CancellationToken cancellationToken)
   at System.Net.Http.HttpClient.<SendAsync>g__Core|83_0(HttpRequestMessage request, HttpCompletionOption completionOption, CancellationTokenSource cts, Boolean disposeCts, CancellationTokenSource pendingRequestsCts, CancellationToken originalCancellationToken)
   --- End of inner exception stack trace ---
   at System.Net.Http.HttpClient.HandleFailure(Exception e, Boolean telemetryStarted, HttpResponseMessage response, CancellationTokenSource cts, CancellationToken cancellationToken, CancellationTokenSource pendingRequestsCts)
   at System.Net.Http.HttpClient.<SendAsync>g__Core|83_0(HttpRequestMessage request, HttpCompletionOption completionOption, CancellationTokenSource cts, Boolean disposeCts, CancellationTokenSource pendingRequestsCts, CancellationToken originalCancellationToken)
   at Sdk.WebApi.WebApi.RawHttpClientBase.SendAsync(HttpRequestMessage message, HttpCompletionOption completionOption, Object userState, CancellationToken cancellationToken)
   at Sdk.WebApi.WebApi.RawHttpClientBase.SendAsync[T](HttpRequestMessage message, Boolean readErrorBody, Object userState, CancellationToken cancellationToken)
   at Sdk.WebApi.WebApi.RawHttpClientBase.SendAsync[T](HttpMethod method, IEnumerable`1 additionalHeaders, Uri requestUri, HttpContent content, IEnumerable`1 queryParameters, Boolean readErrorBody, Object userState, CancellationToken cancellationToken)
   at GitHub.Actions.RunService.WebApi.BrokerHttpClient.GetRunnerMessageAsync(Nullable`1 sessionId, String runnerVersion, Nullable`1 status, String os, String architecture, Nullable`1 disableUpdate, CancellationToken cancellationToken)
   at GitHub.Runner.Common.BrokerServer.<>c__DisplayClass7_0.<<GetRunnerMessageAsync>b__0>d.MoveNext()
--- End of stack trace from previous location ---
   at GitHub.Runner.Common.RunnerService.RetryRequest[T](Func`1 func, CancellationToken cancellationToken, Int32 maxRetryAttemptsCount, Func`2 shouldRetry)
[2025-06-24 09:57:32Z ERR  BrokerServer] #####################################################
[2025-06-24 09:57:32Z ERR  BrokerServer] System.Threading.Tasks.TaskCanceledException: The operation was canceled.
 ---> System.IO.IOException: Unable to read data from the transport connection: The I/O operation has been aborted because of either a thread exit or an application request..
 ---> System.Net.Sockets.SocketException (995): The I/O operation has been aborted because of either a thread exit or an application request.
   --- End of inner exception stack trace ---
   at System.Net.Sockets.Socket.AwaitableSocketAsyncEventArgs.System.Threading.Tasks.Sources.IValueTaskSource<System.Int32>.GetResult(Int16 token)
   at System.Net.Security.SslStream.EnsureFullTlsFrameAsync[TIOAdapter](CancellationToken cancellationToken, Int32 estimatedSize)
   at System.Runtime.CompilerServices.PoolingAsyncValueTaskMethodBuilder`1.StateMachineBox`1.System.Threading.Tasks.Sources.IValueTaskSource<TResult>.GetResult(Int16 token)
   at System.Net.Security.SslStream.ReadAsyncInternal[TIOAdapter](Memory`1 buffer, CancellationToken cancellationToken)
   at System.Runtime.CompilerServices.PoolingAsyncValueTaskMethodBuilder`1.StateMachineBox`1.System.Threading.Tasks.Sources.IValueTaskSource<TResult>.GetResult(Int16 token)
   at System.Net.Http.HttpConnection.SendAsync(HttpRequestMessage request, Boolean async, CancellationToken cancellationToken)
   --- End of inner exception stack trace ---
   at System.Net.Http.HttpConnection.SendAsync(HttpRequestMessage request, Boolean async, CancellationToken cancellationToken)
   at System.Net.Http.AuthenticationHelper.SendWithNtAuthAsync(HttpRequestMessage request, Uri authUri, Boolean async, ICredentials credentials, Boolean isProxyAuth, HttpConnection connection, HttpConnectionPool connectionPool, CancellationToken cancellationToken)
   at System.Net.Http.HttpConnectionPool.SendWithVersionDetectionAndRetryAsync(HttpRequestMessage request, Boolean async, Boolean doRequestAuth, CancellationToken cancellationToken)
   at System.Net.Http.AuthenticationHelper.SendWithAuthAsync(HttpRequestMessage request, Uri authUri, Boolean async, ICredentials credentials, Boolean preAuthenticate, Boolean isProxyAuth, Boolean doRequestAuth, HttpConnectionPool pool, CancellationToken cancellationToken)
   at System.Net.Http.RedirectHandler.SendAsync(HttpRequestMessage request, Boolean async, CancellationToken cancellationToken)
   at GitHub.Services.Common.RawHttpMessageHandler.SendAsync(HttpRequestMessage request, CancellationToken cancellationToken)
   at GitHub.Services.Common.VssHttpRetryMessageHandler.SendAsync(HttpRequestMessage request, CancellationToken cancellationToken)
   at System.Net.Http.HttpClient.<SendAsync>g__Core|83_0(HttpRequestMessage request, HttpCompletionOption completionOption, CancellationTokenSource cts, Boolean disposeCts, CancellationTokenSource pendingRequestsCts, CancellationToken originalCancellationToken)
[2025-06-24 09:57:32Z ERR  BrokerServer] #####################################################
[2025-06-24 09:57:32Z ERR  BrokerServer] System.IO.IOException: Unable to read data from the transport connection: The I/O operation has been aborted because of either a thread exit or an application request..
 ---> System.Net.Sockets.SocketException (995): The I/O operation has been aborted because of either a thread exit or an application request.
   --- End of inner exception stack trace ---
   at System.Net.Sockets.Socket.AwaitableSocketAsyncEventArgs.System.Threading.Tasks.Sources.IValueTaskSource<System.Int32>.GetResult(Int16 token)
   at System.Net.Security.SslStream.EnsureFullTlsFrameAsync[TIOAdapter](CancellationToken cancellationToken, Int32 estimatedSize)
   at System.Runtime.CompilerServices.PoolingAsyncValueTaskMethodBuilder`1.StateMachineBox`1.System.Threading.Tasks.Sources.IValueTaskSource<TResult>.GetResult(Int16 token)
   at System.Net.Security.SslStream.ReadAsyncInternal[TIOAdapter](Memory`1 buffer, CancellationToken cancellationToken)
   at System.Runtime.CompilerServices.PoolingAsyncValueTaskMethodBuilder`1.StateMachineBox`1.System.Threading.Tasks.Sources.IValueTaskSource<TResult>.GetResult(Int16 token)
   at System.Net.Http.HttpConnection.SendAsync(HttpRequestMessage request, Boolean async, CancellationToken cancellationToken)
[2025-06-24 09:57:32Z ERR  BrokerServer] #####################################################
[2025-06-24 09:57:32Z ERR  BrokerServer] System.Net.Sockets.SocketException (995): The I/O operation has been aborted because of either a thread exit or an application request.
[2025-06-24 09:57:32Z WARN BrokerServer] Back off 5.02 seconds before next retry. 4 attempt left.
[2025-06-24 09:57:32Z INFO BrokerMessageListener] Get next message has been cancelled.
[2025-06-24 09:57:32Z INFO JobDispatcher] Shutting down JobDispatcher. Make sure all WorkerDispatcher has finished.
[2025-06-24 09:57:32Z INFO JobDispatcher] Ensure WorkerDispatcher for job e0e3e9eb-b6ee-5bd2-a865-49cfcead5519 run to finish, cancel any running job.
[2025-06-24 09:57:32Z INFO JobDispatcher] Job request e0e3e9eb-b6ee-5bd2-a865-49cfcead5519 processed succeed.
[2025-06-24 09:57:32Z INFO Runner] Deleting Runner Session...
[2025-06-24 09:57:33Z INFO Listener] Runner execution been cancelled.
