[2025-06-23 09:44:07Z INFO HostContext] No proxy settings were found based on environmental variables (http_proxy/https_proxy/HTTP_PROXY/HTTPS_PROXY)
[2025-06-23 09:44:07Z INFO HostContext] Well known directory 'Bin': 'E:\học tập\01.AnNDB\Docker\fullstack-docker-app\actions-runner\bin'
[2025-06-23 09:44:07Z INFO HostContext] Well known directory 'Root': 'E:\học tập\01.AnNDB\Docker\fullstack-docker-app\actions-runner'
[2025-06-23 09:44:07Z INFO HostContext] Well known config file 'Credentials': 'E:\học tập\01.AnNDB\Docker\fullstack-docker-app\actions-runner\.credentials'
[2025-06-23 09:44:07Z INFO HostContext] Well known directory 'Bin': 'E:\học tập\01.AnNDB\Docker\fullstack-docker-app\actions-runner\bin'
[2025-06-23 09:44:07Z INFO HostContext] Well known directory 'Root': 'E:\học tập\01.AnNDB\Docker\fullstack-docker-app\actions-runner'
[2025-06-23 09:44:07Z INFO HostContext] Well known config file 'Runner': 'E:\học tập\01.AnNDB\Docker\fullstack-docker-app\actions-runner\.runner'
[2025-06-23 09:44:07Z INFO Listener] Runner is built for Windows (X64) - win-x64.
[2025-06-23 09:44:07Z INFO Listener] RuntimeInformation: Microsoft Windows 10.0.22631.
[2025-06-23 09:44:07Z INFO Listener] Version: 2.325.0
[2025-06-23 09:44:07Z INFO Listener] Commit: 71ed7cd46223bd5d61633445946813012b502d54
[2025-06-23 09:44:07Z INFO Listener] Culture: en-US
[2025-06-23 09:44:07Z INFO Listener] UI Culture: en-US
[2025-06-23 09:44:07Z INFO HostContext] Well known directory 'Bin': 'E:\học tập\01.AnNDB\Docker\fullstack-docker-app\actions-runner\bin'
[2025-06-23 09:44:07Z INFO HostContext] Well known directory 'Root': 'E:\học tập\01.AnNDB\Docker\fullstack-docker-app\actions-runner'
[2025-06-23 09:44:07Z INFO Listener] Validating directory permissions for: 'E:\học tập\01.AnNDB\Docker\fullstack-docker-app\actions-runner'
[2025-06-23 09:44:07Z INFO CommandLineParser] Parse
[2025-06-23 09:44:07Z INFO CommandLineParser] Parsing 5 args
[2025-06-23 09:44:07Z INFO CommandLineParser] parsing argument
[2025-06-23 09:44:07Z INFO CommandLineParser] HasArgs: False
[2025-06-23 09:44:07Z INFO CommandLineParser] Adding Command: configure
[2025-06-23 09:44:07Z INFO CommandLineParser] parsing argument
[2025-06-23 09:44:07Z INFO CommandLineParser] HasArgs: True
[2025-06-23 09:44:07Z INFO CommandLineParser] arg: url
[2025-06-23 09:44:07Z INFO CommandLineParser] parsing argument
[2025-06-23 09:44:07Z INFO CommandLineParser] HasArgs: True
[2025-06-23 09:44:07Z INFO CommandLineParser] Adding option 'url': 'https://github.com/adusimp/fullstack-docker-app'
[2025-06-23 09:44:07Z INFO CommandLineParser] parsing argument
[2025-06-23 09:44:07Z INFO CommandLineParser] HasArgs: True
[2025-06-23 09:44:07Z INFO CommandLineParser] arg: token
[2025-06-23 09:44:07Z INFO CommandLineParser] parsing argument
[2025-06-23 09:44:07Z INFO CommandLineParser] HasArgs: True
[2025-06-23 09:44:07Z INFO CommandLineParser] Adding option 'token': '***'
[2025-06-23 09:44:07Z INFO Listener] Arguments parsed
[2025-06-23 09:44:07Z INFO Runner] ExecuteCommand
[2025-06-23 09:44:07Z INFO ConfigurationStore] currentAssemblyLocation: E:\học tập\01.AnNDB\Docker\fullstack-docker-app\actions-runner\bin\Runner.Listener.dll
[2025-06-23 09:44:07Z INFO HostContext] Well known directory 'Bin': 'E:\học tập\01.AnNDB\Docker\fullstack-docker-app\actions-runner\bin'
[2025-06-23 09:44:07Z INFO ConfigurationStore] binPath: E:\học tập\01.AnNDB\Docker\fullstack-docker-app\actions-runner\bin
[2025-06-23 09:44:07Z INFO HostContext] Well known directory 'Bin': 'E:\học tập\01.AnNDB\Docker\fullstack-docker-app\actions-runner\bin'
[2025-06-23 09:44:07Z INFO HostContext] Well known directory 'Root': 'E:\học tập\01.AnNDB\Docker\fullstack-docker-app\actions-runner'
[2025-06-23 09:44:07Z INFO ConfigurationStore] RootFolder: E:\học tập\01.AnNDB\Docker\fullstack-docker-app\actions-runner
[2025-06-23 09:44:07Z INFO HostContext] Well known directory 'Bin': 'E:\học tập\01.AnNDB\Docker\fullstack-docker-app\actions-runner\bin'
[2025-06-23 09:44:07Z INFO HostContext] Well known directory 'Root': 'E:\học tập\01.AnNDB\Docker\fullstack-docker-app\actions-runner'
[2025-06-23 09:44:07Z INFO HostContext] Well known config file 'Runner': 'E:\học tập\01.AnNDB\Docker\fullstack-docker-app\actions-runner\.runner'
[2025-06-23 09:44:07Z INFO ConfigurationStore] ConfigFilePath: E:\học tập\01.AnNDB\Docker\fullstack-docker-app\actions-runner\.runner
[2025-06-23 09:44:07Z INFO HostContext] Well known directory 'Bin': 'E:\học tập\01.AnNDB\Docker\fullstack-docker-app\actions-runner\bin'
[2025-06-23 09:44:07Z INFO HostContext] Well known directory 'Root': 'E:\học tập\01.AnNDB\Docker\fullstack-docker-app\actions-runner'
[2025-06-23 09:44:07Z INFO HostContext] Well known config file 'MigratedRunner': 'E:\học tập\01.AnNDB\Docker\fullstack-docker-app\actions-runner\.runner_migrated'
[2025-06-23 09:44:07Z INFO ConfigurationStore] MigratedConfigFilePath: E:\học tập\01.AnNDB\Docker\fullstack-docker-app\actions-runner\.runner_migrated
[2025-06-23 09:44:07Z INFO HostContext] Well known directory 'Bin': 'E:\học tập\01.AnNDB\Docker\fullstack-docker-app\actions-runner\bin'
[2025-06-23 09:44:07Z INFO HostContext] Well known directory 'Root': 'E:\học tập\01.AnNDB\Docker\fullstack-docker-app\actions-runner'
[2025-06-23 09:44:07Z INFO HostContext] Well known config file 'Credentials': 'E:\học tập\01.AnNDB\Docker\fullstack-docker-app\actions-runner\.credentials'
[2025-06-23 09:44:07Z INFO ConfigurationStore] CredFilePath: E:\học tập\01.AnNDB\Docker\fullstack-docker-app\actions-runner\.credentials
[2025-06-23 09:44:07Z INFO HostContext] Well known directory 'Bin': 'E:\học tập\01.AnNDB\Docker\fullstack-docker-app\actions-runner\bin'
[2025-06-23 09:44:07Z INFO HostContext] Well known directory 'Root': 'E:\học tập\01.AnNDB\Docker\fullstack-docker-app\actions-runner'
[2025-06-23 09:44:07Z INFO HostContext] Well known config file 'MigratedCredentials': 'E:\học tập\01.AnNDB\Docker\fullstack-docker-app\actions-runner\.credentials_migrated'
[2025-06-23 09:44:07Z INFO ConfigurationStore] MigratedCredFilePath: E:\học tập\01.AnNDB\Docker\fullstack-docker-app\actions-runner\.credentials_migrated
[2025-06-23 09:44:07Z INFO HostContext] Well known directory 'Bin': 'E:\học tập\01.AnNDB\Docker\fullstack-docker-app\actions-runner\bin'
[2025-06-23 09:44:07Z INFO HostContext] Well known directory 'Root': 'E:\học tập\01.AnNDB\Docker\fullstack-docker-app\actions-runner'
[2025-06-23 09:44:07Z INFO HostContext] Well known config file 'Service': 'E:\học tập\01.AnNDB\Docker\fullstack-docker-app\actions-runner\.service'
[2025-06-23 09:44:07Z INFO ConfigurationStore] ServiceConfigFilePath: E:\học tập\01.AnNDB\Docker\fullstack-docker-app\actions-runner\.service
[2025-06-23 09:44:07Z INFO CommandSettings] Flag 'help': 'False'
[2025-06-23 09:44:07Z INFO CommandSettings] Flag 'version': 'False'
[2025-06-23 09:44:07Z INFO CommandSettings] Flag 'commit': 'False'
[2025-06-23 09:44:07Z INFO CommandSettings] Flag 'check': 'False'
[2025-06-23 09:44:07Z INFO CommandSettings] Command 'configure': 'True'
[2025-06-23 09:44:07Z INFO Terminal] WRITE LINE: 
[2025-06-23 09:44:07Z INFO Terminal] WRITE LINE: --------------------------------------------------------------------------------
[2025-06-23 09:44:07Z INFO Terminal] WRITE LINE: |        ____ _ _   _   _       _          _        _   _                      |
[2025-06-23 09:44:07Z INFO Terminal] WRITE LINE: |       / ___(_) |_| | | |_   _| |__      / \   ___| |_(_) ___  _ __  ___      |
[2025-06-23 09:44:07Z INFO Terminal] WRITE LINE: |      | |  _| | __| |_| | | | | '_ \    / _ \ / __| __| |/ _ \| '_ \/ __|     |
[2025-06-23 09:44:07Z INFO Terminal] WRITE LINE: |      | |_| | | |_|  _  | |_| | |_) |  / ___ \ (__| |_| | (_) | | | \__ \     |
[2025-06-23 09:44:07Z INFO Terminal] WRITE LINE: |       \____|_|\__|_| |_|\__,_|_.__/  /_/   \_\___|\__|_|\___/|_| |_|___/     |
[2025-06-23 09:44:07Z INFO Terminal] WRITE LINE: |                                                                              |
[2025-06-23 09:44:07Z INFO Terminal] WRITE: |                       
[2025-06-23 09:44:07Z INFO Terminal] WRITE: Self-hosted runner registration
[2025-06-23 09:44:07Z INFO Terminal] WRITE LINE:                         |
[2025-06-23 09:44:07Z INFO Terminal] WRITE LINE: |                                                                              |
[2025-06-23 09:44:07Z INFO Terminal] WRITE LINE: --------------------------------------------------------------------------------
[2025-06-23 09:44:07Z INFO ConfigurationManager] ConfigureAsync
[2025-06-23 09:44:07Z INFO CommandSettings] Flag 'generateServiceConfig': 'False'
[2025-06-23 09:44:07Z INFO ConfigurationStore] IsConfigured()
[2025-06-23 09:44:07Z INFO ConfigurationStore] IsConfigured: False
[2025-06-23 09:44:07Z INFO ConfigurationManager] Is configured: False
[2025-06-23 09:44:07Z INFO CommandSettings] Arg 'url': 'https://github.com/adusimp/fullstack-docker-app'
[2025-06-23 09:44:07Z INFO CommandSettings] Remove url from Arg dictionary.
[2025-06-23 09:44:07Z INFO CommandSettings] Arg 'token': '***'
[2025-06-23 09:44:07Z INFO CommandSettings] Remove token from Arg dictionary.
[2025-06-23 09:44:09Z INFO ConfigurationManager] Http response code: OK from 'POST https://api.github.com/actions/runner-registration' (DA44:2A7544:4A2D4:510F5:685921E8)
[2025-06-23 09:44:09Z INFO ConfigurationManager] Using V2 flow: False
[2025-06-23 09:44:09Z INFO ConfigurationManager] cred retrieved via GitHub auth
[2025-06-23 09:44:09Z INFO RunnerServer] EstablishVssConnection
[2025-06-23 09:44:09Z INFO RunnerServer] Establish connection with 100 seconds timeout.
[2025-06-23 09:44:09Z INFO GitHubActionsService] Starting operation Location.GetConnectionData
[2025-06-23 09:44:09Z INFO RunnerServer] EstablishVssConnection
[2025-06-23 09:44:09Z INFO RunnerServer] Establish connection with 60 seconds timeout.
[2025-06-23 09:44:09Z INFO GitHubActionsService] Starting operation Location.GetConnectionData
[2025-06-23 09:44:09Z INFO RunnerServer] EstablishVssConnection
[2025-06-23 09:44:09Z INFO RunnerServer] Establish connection with 60 seconds timeout.
[2025-06-23 09:44:09Z INFO GitHubActionsService] Starting operation Location.GetConnectionData
[2025-06-23 09:44:10Z INFO GitHubActionsService] Finished operation Location.GetConnectionData
[2025-06-23 09:44:10Z INFO GitHubActionsService] Finished operation Location.GetConnectionData
[2025-06-23 09:44:10Z INFO GitHubActionsService] Finished operation Location.GetConnectionData
[2025-06-23 09:44:11Z INFO Terminal] WRITE LINE: 
[2025-06-23 09:44:11Z INFO ConfigurationManager] Test Connection complete.
[2025-06-23 09:44:11Z INFO HostContext] Well known directory 'Bin': 'E:\học tập\01.AnNDB\Docker\fullstack-docker-app\actions-runner\bin'
[2025-06-23 09:44:11Z INFO HostContext] Well known directory 'Root': 'E:\học tập\01.AnNDB\Docker\fullstack-docker-app\actions-runner'
[2025-06-23 09:44:11Z INFO HostContext] Well known config file 'RSACredentials': 'E:\học tập\01.AnNDB\Docker\fullstack-docker-app\actions-runner\.credentials_rsaparams'
[2025-06-23 09:44:11Z INFO RSAEncryptedFileKeyManager] Creating new RSA key using 2048-bit key length
[2025-06-23 09:44:11Z INFO RSAEncryptedFileKeyManager] Successfully saved RSA key parameters to file E:\học tập\01.AnNDB\Docker\fullstack-docker-app\actions-runner\.credentials_rsaparams
[2025-06-23 09:44:11Z INFO CommandSettings] Arg 'runnergroup': ''
[2025-06-23 09:44:11Z INFO CommandSettings] Flag 'unattended': 'False'
[2025-06-23 09:44:11Z INFO PromptManager] ReadValue
[2025-06-23 09:44:11Z INFO Terminal] WRITE: Enter the name of the runner group to add this runner to: 
[2025-06-23 09:44:11Z INFO Terminal] WRITE: [press Enter for Default] 
[2025-06-23 09:44:11Z INFO Terminal] READ LINE
[2025-06-23 09:44:26Z INFO Terminal] Read value: './run.cmd'
[2025-06-23 09:44:26Z INFO Terminal] WRITE LINE: 
[2025-06-23 09:44:26Z ERR  Runner] GitHub.DistributedTask.WebApi.TaskAgentPoolNotFoundException: Could not find any self-hosted runner group named "./run.cmd".
   at GitHub.Runner.Listener.Configuration.ConfigurationManager.ConfigureAsync(CommandSettings command)
   at GitHub.Runner.Listener.Runner.ExecuteCommand(CommandSettings command)
[2025-06-23 09:44:26Z ERR  Terminal] WRITE ERROR: Could not find any self-hosted runner group named "./run.cmd".
[2025-06-23 09:44:26Z INFO Listener] Runner execution has finished with return code 1
