[2025-06-23 09:44:48Z INFO HostContext] No proxy settings were found based on environmental variables (http_proxy/https_proxy/HTTP_PROXY/HTTPS_PROXY)
[2025-06-23 09:44:48Z INFO HostContext] Well known directory 'Bin': 'E:\học tập\01.AnNDB\Docker\fullstack-docker-app\actions-runner\bin'
[2025-06-23 09:44:48Z INFO HostContext] Well known directory 'Root': 'E:\học tập\01.AnNDB\Docker\fullstack-docker-app\actions-runner'
[2025-06-23 09:44:48Z INFO HostContext] Well known config file 'Credentials': 'E:\học tập\01.AnNDB\Docker\fullstack-docker-app\actions-runner\.credentials'
[2025-06-23 09:44:48Z INFO HostContext] Well known directory 'Bin': 'E:\học tập\01.AnNDB\Docker\fullstack-docker-app\actions-runner\bin'
[2025-06-23 09:44:48Z INFO HostContext] Well known directory 'Root': 'E:\học tập\01.AnNDB\Docker\fullstack-docker-app\actions-runner'
[2025-06-23 09:44:48Z INFO HostContext] Well known config file 'Runner': 'E:\học tập\01.AnNDB\Docker\fullstack-docker-app\actions-runner\.runner'
[2025-06-23 09:44:48Z INFO Listener] Runner is built for Windows (X64) - win-x64.
[2025-06-23 09:44:48Z INFO Listener] RuntimeInformation: Microsoft Windows 10.0.22631.
[2025-06-23 09:44:48Z INFO Listener] Version: 2.325.0
[2025-06-23 09:44:48Z INFO Listener] Commit: 71ed7cd46223bd5d61633445946813012b502d54
[2025-06-23 09:44:48Z INFO Listener] Culture: en-US
[2025-06-23 09:44:48Z INFO Listener] UI Culture: en-US
[2025-06-23 09:44:48Z INFO HostContext] Well known directory 'Bin': 'E:\học tập\01.AnNDB\Docker\fullstack-docker-app\actions-runner\bin'
[2025-06-23 09:44:48Z INFO HostContext] Well known directory 'Root': 'E:\học tập\01.AnNDB\Docker\fullstack-docker-app\actions-runner'
[2025-06-23 09:44:48Z INFO Listener] Validating directory permissions for: 'E:\học tập\01.AnNDB\Docker\fullstack-docker-app\actions-runner'
[2025-06-23 09:44:48Z INFO CommandLineParser] Parse
[2025-06-23 09:44:48Z INFO CommandLineParser] Parsing 5 args
[2025-06-23 09:44:48Z INFO CommandLineParser] parsing argument
[2025-06-23 09:44:48Z INFO CommandLineParser] HasArgs: False
[2025-06-23 09:44:48Z INFO CommandLineParser] Adding Command: configure
[2025-06-23 09:44:48Z INFO CommandLineParser] parsing argument
[2025-06-23 09:44:48Z INFO CommandLineParser] HasArgs: True
[2025-06-23 09:44:48Z INFO CommandLineParser] arg: url
[2025-06-23 09:44:48Z INFO CommandLineParser] parsing argument
[2025-06-23 09:44:48Z INFO CommandLineParser] HasArgs: True
[2025-06-23 09:44:48Z INFO CommandLineParser] Adding option 'url': 'https://github.com/adusimp/fullstack-docker-app'
[2025-06-23 09:44:48Z INFO CommandLineParser] parsing argument
[2025-06-23 09:44:48Z INFO CommandLineParser] HasArgs: True
[2025-06-23 09:44:48Z INFO CommandLineParser] arg: token
[2025-06-23 09:44:48Z INFO CommandLineParser] parsing argument
[2025-06-23 09:44:48Z INFO CommandLineParser] HasArgs: True
[2025-06-23 09:44:48Z INFO CommandLineParser] Adding option 'token': '***'
[2025-06-23 09:44:48Z INFO Listener] Arguments parsed
[2025-06-23 09:44:48Z INFO Runner] ExecuteCommand
[2025-06-23 09:44:48Z INFO ConfigurationStore] currentAssemblyLocation: E:\học tập\01.AnNDB\Docker\fullstack-docker-app\actions-runner\bin\Runner.Listener.dll
[2025-06-23 09:44:48Z INFO HostContext] Well known directory 'Bin': 'E:\học tập\01.AnNDB\Docker\fullstack-docker-app\actions-runner\bin'
[2025-06-23 09:44:48Z INFO ConfigurationStore] binPath: E:\học tập\01.AnNDB\Docker\fullstack-docker-app\actions-runner\bin
[2025-06-23 09:44:48Z INFO HostContext] Well known directory 'Bin': 'E:\học tập\01.AnNDB\Docker\fullstack-docker-app\actions-runner\bin'
[2025-06-23 09:44:48Z INFO HostContext] Well known directory 'Root': 'E:\học tập\01.AnNDB\Docker\fullstack-docker-app\actions-runner'
[2025-06-23 09:44:48Z INFO ConfigurationStore] RootFolder: E:\học tập\01.AnNDB\Docker\fullstack-docker-app\actions-runner
[2025-06-23 09:44:48Z INFO HostContext] Well known directory 'Bin': 'E:\học tập\01.AnNDB\Docker\fullstack-docker-app\actions-runner\bin'
[2025-06-23 09:44:48Z INFO HostContext] Well known directory 'Root': 'E:\học tập\01.AnNDB\Docker\fullstack-docker-app\actions-runner'
[2025-06-23 09:44:48Z INFO HostContext] Well known config file 'Runner': 'E:\học tập\01.AnNDB\Docker\fullstack-docker-app\actions-runner\.runner'
[2025-06-23 09:44:48Z INFO ConfigurationStore] ConfigFilePath: E:\học tập\01.AnNDB\Docker\fullstack-docker-app\actions-runner\.runner
[2025-06-23 09:44:48Z INFO HostContext] Well known directory 'Bin': 'E:\học tập\01.AnNDB\Docker\fullstack-docker-app\actions-runner\bin'
[2025-06-23 09:44:48Z INFO HostContext] Well known directory 'Root': 'E:\học tập\01.AnNDB\Docker\fullstack-docker-app\actions-runner'
[2025-06-23 09:44:48Z INFO HostContext] Well known config file 'MigratedRunner': 'E:\học tập\01.AnNDB\Docker\fullstack-docker-app\actions-runner\.runner_migrated'
[2025-06-23 09:44:48Z INFO ConfigurationStore] MigratedConfigFilePath: E:\học tập\01.AnNDB\Docker\fullstack-docker-app\actions-runner\.runner_migrated
[2025-06-23 09:44:48Z INFO HostContext] Well known directory 'Bin': 'E:\học tập\01.AnNDB\Docker\fullstack-docker-app\actions-runner\bin'
[2025-06-23 09:44:48Z INFO HostContext] Well known directory 'Root': 'E:\học tập\01.AnNDB\Docker\fullstack-docker-app\actions-runner'
[2025-06-23 09:44:48Z INFO HostContext] Well known config file 'Credentials': 'E:\học tập\01.AnNDB\Docker\fullstack-docker-app\actions-runner\.credentials'
[2025-06-23 09:44:48Z INFO ConfigurationStore] CredFilePath: E:\học tập\01.AnNDB\Docker\fullstack-docker-app\actions-runner\.credentials
[2025-06-23 09:44:48Z INFO HostContext] Well known directory 'Bin': 'E:\học tập\01.AnNDB\Docker\fullstack-docker-app\actions-runner\bin'
[2025-06-23 09:44:48Z INFO HostContext] Well known directory 'Root': 'E:\học tập\01.AnNDB\Docker\fullstack-docker-app\actions-runner'
[2025-06-23 09:44:48Z INFO HostContext] Well known config file 'MigratedCredentials': 'E:\học tập\01.AnNDB\Docker\fullstack-docker-app\actions-runner\.credentials_migrated'
[2025-06-23 09:44:48Z INFO ConfigurationStore] MigratedCredFilePath: E:\học tập\01.AnNDB\Docker\fullstack-docker-app\actions-runner\.credentials_migrated
[2025-06-23 09:44:48Z INFO HostContext] Well known directory 'Bin': 'E:\học tập\01.AnNDB\Docker\fullstack-docker-app\actions-runner\bin'
[2025-06-23 09:44:48Z INFO HostContext] Well known directory 'Root': 'E:\học tập\01.AnNDB\Docker\fullstack-docker-app\actions-runner'
[2025-06-23 09:44:48Z INFO HostContext] Well known config file 'Service': 'E:\học tập\01.AnNDB\Docker\fullstack-docker-app\actions-runner\.service'
[2025-06-23 09:44:48Z INFO ConfigurationStore] ServiceConfigFilePath: E:\học tập\01.AnNDB\Docker\fullstack-docker-app\actions-runner\.service
[2025-06-23 09:44:48Z INFO CommandSettings] Flag 'help': 'False'
[2025-06-23 09:44:48Z INFO CommandSettings] Flag 'version': 'False'
[2025-06-23 09:44:48Z INFO CommandSettings] Flag 'commit': 'False'
[2025-06-23 09:44:48Z INFO CommandSettings] Flag 'check': 'False'
[2025-06-23 09:44:48Z INFO CommandSettings] Command 'configure': 'True'
[2025-06-23 09:44:48Z INFO Terminal] WRITE LINE: 
[2025-06-23 09:44:48Z INFO Terminal] WRITE LINE: --------------------------------------------------------------------------------
[2025-06-23 09:44:48Z INFO Terminal] WRITE LINE: |        ____ _ _   _   _       _          _        _   _                      |
[2025-06-23 09:44:48Z INFO Terminal] WRITE LINE: |       / ___(_) |_| | | |_   _| |__      / \   ___| |_(_) ___  _ __  ___      |
[2025-06-23 09:44:48Z INFO Terminal] WRITE LINE: |      | |  _| | __| |_| | | | | '_ \    / _ \ / __| __| |/ _ \| '_ \/ __|     |
[2025-06-23 09:44:48Z INFO Terminal] WRITE LINE: |      | |_| | | |_|  _  | |_| | |_) |  / ___ \ (__| |_| | (_) | | | \__ \     |
[2025-06-23 09:44:48Z INFO Terminal] WRITE LINE: |       \____|_|\__|_| |_|\__,_|_.__/  /_/   \_\___|\__|_|\___/|_| |_|___/     |
[2025-06-23 09:44:48Z INFO Terminal] WRITE LINE: |                                                                              |
[2025-06-23 09:44:48Z INFO Terminal] WRITE: |                       
[2025-06-23 09:44:48Z INFO Terminal] WRITE: Self-hosted runner registration
[2025-06-23 09:44:48Z INFO Terminal] WRITE LINE:                         |
[2025-06-23 09:44:48Z INFO Terminal] WRITE LINE: |                                                                              |
[2025-06-23 09:44:48Z INFO Terminal] WRITE LINE: --------------------------------------------------------------------------------
[2025-06-23 09:44:48Z INFO ConfigurationManager] ConfigureAsync
[2025-06-23 09:44:48Z INFO CommandSettings] Flag 'generateServiceConfig': 'False'
[2025-06-23 09:44:48Z INFO ConfigurationStore] IsConfigured()
[2025-06-23 09:44:48Z INFO ConfigurationStore] IsConfigured: False
[2025-06-23 09:44:48Z INFO ConfigurationManager] Is configured: False
[2025-06-23 09:44:48Z INFO CommandSettings] Arg 'url': 'https://github.com/adusimp/fullstack-docker-app'
[2025-06-23 09:44:48Z INFO CommandSettings] Remove url from Arg dictionary.
[2025-06-23 09:44:48Z INFO CommandSettings] Arg 'token': '***'
[2025-06-23 09:44:48Z INFO CommandSettings] Remove token from Arg dictionary.
[2025-06-23 09:44:49Z INFO ConfigurationManager] Http response code: OK from 'POST https://api.github.com/actions/runner-registration' (DA4B:A3EC2:4B9B9:52B0B:68592210)
[2025-06-23 09:44:49Z INFO ConfigurationManager] Using V2 flow: False
[2025-06-23 09:44:49Z INFO ConfigurationManager] cred retrieved via GitHub auth
[2025-06-23 09:44:49Z INFO RunnerServer] EstablishVssConnection
[2025-06-23 09:44:49Z INFO RunnerServer] Establish connection with 100 seconds timeout.
[2025-06-23 09:44:49Z INFO GitHubActionsService] Starting operation Location.GetConnectionData
[2025-06-23 09:44:49Z INFO RunnerServer] EstablishVssConnection
[2025-06-23 09:44:49Z INFO RunnerServer] Establish connection with 60 seconds timeout.
[2025-06-23 09:44:49Z INFO GitHubActionsService] Starting operation Location.GetConnectionData
[2025-06-23 09:44:49Z INFO RunnerServer] EstablishVssConnection
[2025-06-23 09:44:49Z INFO RunnerServer] Establish connection with 60 seconds timeout.
[2025-06-23 09:44:49Z INFO GitHubActionsService] Starting operation Location.GetConnectionData
[2025-06-23 09:44:50Z INFO GitHubActionsService] Finished operation Location.GetConnectionData
[2025-06-23 09:44:50Z INFO GitHubActionsService] Finished operation Location.GetConnectionData
[2025-06-23 09:44:50Z INFO GitHubActionsService] Finished operation Location.GetConnectionData
[2025-06-23 09:44:50Z INFO Terminal] WRITE LINE: 
[2025-06-23 09:44:50Z INFO ConfigurationManager] Test Connection complete.
[2025-06-23 09:44:50Z INFO HostContext] Well known directory 'Bin': 'E:\học tập\01.AnNDB\Docker\fullstack-docker-app\actions-runner\bin'
[2025-06-23 09:44:50Z INFO HostContext] Well known directory 'Root': 'E:\học tập\01.AnNDB\Docker\fullstack-docker-app\actions-runner'
[2025-06-23 09:44:50Z INFO HostContext] Well known config file 'RSACredentials': 'E:\học tập\01.AnNDB\Docker\fullstack-docker-app\actions-runner\.credentials_rsaparams'
[2025-06-23 09:44:50Z INFO RSAEncryptedFileKeyManager] Found existing RSA key parameters file E:\học tập\01.AnNDB\Docker\fullstack-docker-app\actions-runner\.credentials_rsaparams
[2025-06-23 09:44:50Z INFO CommandSettings] Arg 'runnergroup': ''
[2025-06-23 09:44:50Z INFO CommandSettings] Flag 'unattended': 'False'
[2025-06-23 09:44:50Z INFO PromptManager] ReadValue
[2025-06-23 09:44:50Z INFO Terminal] WRITE: Enter the name of the runner group to add this runner to: 
[2025-06-23 09:44:50Z INFO Terminal] WRITE: [press Enter for Default] 
[2025-06-23 09:44:50Z INFO Terminal] READ LINE
[2025-06-23 09:45:27Z INFO Terminal] Read value: ''
[2025-06-23 09:45:27Z INFO PromptManager] Falling back to the default: 'Default'
[2025-06-23 09:45:27Z INFO Terminal] WRITE LINE: 
[2025-06-23 09:45:27Z INFO ConfigurationManager] Found a self-hosted runner group with id 1 and name Default
[2025-06-23 09:45:27Z INFO CommandSettings] Flag 'disableupdate': 'False'
[2025-06-23 09:45:27Z INFO CommandSettings] Flag 'ephemeral': 'False'
[2025-06-23 09:45:27Z INFO CommandSettings] Arg 'name': ''
[2025-06-23 09:45:27Z INFO CommandSettings] Flag 'unattended': 'False'
[2025-06-23 09:45:27Z INFO PromptManager] ReadValue
[2025-06-23 09:45:27Z INFO Terminal] WRITE: Enter the name of runner: 
[2025-06-23 09:45:27Z INFO Terminal] WRITE: [press Enter for DESKTOP-OGODPTI] 
[2025-06-23 09:45:27Z INFO Terminal] READ LINE
[2025-06-23 09:45:41Z INFO Terminal] Read value: ''
[2025-06-23 09:45:41Z INFO PromptManager] Falling back to the default: 'DESKTOP-OGODPTI'
[2025-06-23 09:45:41Z INFO Terminal] WRITE LINE: 
[2025-06-23 09:45:41Z INFO CommandSettings] Arg 'labels': ''
[2025-06-23 09:45:41Z INFO CommandSettings] Flag 'unattended': 'False'
[2025-06-23 09:45:41Z INFO PromptManager] ReadValue
[2025-06-23 09:45:41Z INFO Terminal] WRITE: This runner will have the following labels: 'self-hosted', 'Windows', 'X64' 
Enter any additional labels (ex. label-1,label-2): 
[2025-06-23 09:45:41Z INFO Terminal] WRITE: [press Enter to skip] 
[2025-06-23 09:45:41Z INFO Terminal] READ LINE
[2025-06-23 09:45:44Z INFO Terminal] Read value: ''
[2025-06-23 09:45:44Z INFO Terminal] WRITE LINE: 
[2025-06-23 09:45:45Z INFO CommandSettings] Flag 'disableupdate': 'False'
[2025-06-23 09:45:45Z INFO CommandSettings] Flag 'no-default-labels': 'False'
[2025-06-23 09:45:45Z INFO CommandSettings] Flag 'disableupdate': 'False'
[2025-06-23 09:45:45Z INFO CommandSettings] Flag 'ephemeral': 'False'
[2025-06-23 09:45:45Z INFO ConfigurationStore] Saving OAuth credential @ E:\học tập\01.AnNDB\Docker\fullstack-docker-app\actions-runner\.credentials
[2025-06-23 09:45:45Z INFO ConfigurationStore] Credentials Saved.
[2025-06-23 09:45:45Z INFO ConfigurationStore] HasCredentials()
[2025-06-23 09:45:45Z INFO ConfigurationStore] stored True
[2025-06-23 09:45:45Z INFO CredentialManager] GetCredentialProvider
[2025-06-23 09:45:45Z INFO CredentialManager] Creating type OAuth
[2025-06-23 09:45:45Z INFO CredentialManager] Creating credential type: OAuth
[2025-06-23 09:45:45Z INFO RSAEncryptedFileKeyManager] Loading RSA key parameters from file E:\học tập\01.AnNDB\Docker\fullstack-docker-app\actions-runner\.credentials_rsaparams
[2025-06-23 09:45:45Z INFO RunnerServer] EstablishVssConnection
[2025-06-23 09:45:45Z INFO RunnerServer] Establish connection with 100 seconds timeout.
[2025-06-23 09:45:45Z INFO GitHubActionsService] Starting operation Location.GetConnectionData
[2025-06-23 09:45:45Z INFO RunnerServer] EstablishVssConnection
[2025-06-23 09:45:45Z INFO RunnerServer] Establish connection with 60 seconds timeout.
[2025-06-23 09:45:45Z INFO GitHubActionsService] Starting operation Location.GetConnectionData
[2025-06-23 09:45:45Z INFO RunnerServer] EstablishVssConnection
[2025-06-23 09:45:45Z INFO RunnerServer] Establish connection with 60 seconds timeout.
[2025-06-23 09:45:45Z INFO GitHubActionsService] Starting operation Location.GetConnectionData
[2025-06-23 09:45:46Z INFO GitHubActionsService] Finished operation Location.GetConnectionData
[2025-06-23 09:45:46Z INFO GitHubActionsService] Finished operation Location.GetConnectionData
[2025-06-23 09:45:46Z INFO GitHubActionsService] Finished operation Location.GetConnectionData
[2025-06-23 09:45:47Z INFO RSAEncryptedFileKeyManager] Loading RSA key parameters from file E:\học tập\01.AnNDB\Docker\fullstack-docker-app\actions-runner\.credentials_rsaparams
[2025-06-23 09:45:47Z INFO RSAEncryptedFileKeyManager] Loading RSA key parameters from file E:\học tập\01.AnNDB\Docker\fullstack-docker-app\actions-runner\.credentials_rsaparams
[2025-06-23 09:45:48Z INFO GitHubActionsService] AAD Correlation ID for this token request: Unknown
[2025-06-23 09:45:48Z INFO ConfigurationManager] Service enforced serverUrlV2: https://broker.actions.githubusercontent.com/
[2025-06-23 09:45:48Z INFO ConfigurationManager] Service enforced useV2Flow: True
[2025-06-23 09:45:48Z INFO CommandSettings] Arg 'work': ''
[2025-06-23 09:45:48Z INFO CommandSettings] Flag 'unattended': 'False'
[2025-06-23 09:45:48Z INFO PromptManager] ReadValue
[2025-06-23 09:45:48Z INFO Terminal] WRITE: Enter name of work folder: 
[2025-06-23 09:45:48Z INFO Terminal] WRITE: [press Enter for _work] 
[2025-06-23 09:45:48Z INFO Terminal] READ LINE
[2025-06-23 09:46:29Z INFO Terminal] Read value: ''
[2025-06-23 09:46:29Z INFO PromptManager] Falling back to the default: '_work'
[2025-06-23 09:46:29Z INFO ConfigurationStore] Saving runner settings.
[2025-06-23 09:46:29Z INFO ConfigurationStore] Settings Saved.
[2025-06-23 09:46:29Z INFO Terminal] WRITE LINE: 
[2025-06-23 09:46:29Z INFO Terminal] WRITE LINE: 
[2025-06-23 09:46:29Z INFO CommandSettings] Flag 'runasservice': 'False'
[2025-06-23 09:46:29Z INFO CommandSettings] Flag 'unattended': 'False'
[2025-06-23 09:46:29Z INFO PromptManager] ReadValue
[2025-06-23 09:46:29Z INFO Terminal] WRITE: Would you like to run the runner as service? (Y/N) 
[2025-06-23 09:46:29Z INFO Terminal] WRITE: [press Enter for N] 
[2025-06-23 09:46:29Z INFO Terminal] READ LINE
[2025-06-23 09:47:21Z INFO Terminal] Read value: 'N'
[2025-06-23 09:47:21Z INFO Listener] Runner execution has finished with return code 0
