[2025-06-23 09:47:29Z INFO HostContext] No proxy settings were found based on environmental variables (http_proxy/https_proxy/HTTP_PROXY/HTTPS_PROXY)
[2025-06-23 09:47:29Z INFO HostContext] Well known directory 'Bin': 'E:\học tập\01.AnNDB\Docker\fullstack-docker-app\actions-runner\bin'
[2025-06-23 09:47:29Z INFO HostContext] Well known directory 'Root': 'E:\học tập\01.AnNDB\Docker\fullstack-docker-app\actions-runner'
[2025-06-23 09:47:29Z INFO HostContext] Well known config file 'Credentials': 'E:\học tập\01.AnNDB\Docker\fullstack-docker-app\actions-runner\.credentials'
[2025-06-23 09:47:29Z INFO HostContext] Well known directory 'Bin': 'E:\học tập\01.AnNDB\Docker\fullstack-docker-app\actions-runner\bin'
[2025-06-23 09:47:29Z INFO HostContext] Well known directory 'Root': 'E:\học tập\01.AnNDB\Docker\fullstack-docker-app\actions-runner'
[2025-06-23 09:47:29Z INFO HostContext] Well known config file 'Runner': 'E:\học tập\01.AnNDB\Docker\fullstack-docker-app\actions-runner\.runner'
[2025-06-23 09:47:29Z INFO Listener] Runner is built for Windows (X64) - win-x64.
[2025-06-23 09:47:29Z INFO Listener] RuntimeInformation: Microsoft Windows 10.0.22631.
[2025-06-23 09:47:29Z INFO Listener] Version: 2.325.0
[2025-06-23 09:47:29Z INFO Listener] Commit: 71ed7cd46223bd5d61633445946813012b502d54
[2025-06-23 09:47:29Z INFO Listener] Culture: en-US
[2025-06-23 09:47:29Z INFO Listener] UI Culture: en-US
[2025-06-23 09:47:29Z INFO HostContext] Well known directory 'Bin': 'E:\học tập\01.AnNDB\Docker\fullstack-docker-app\actions-runner\bin'
[2025-06-23 09:47:29Z INFO HostContext] Well known directory 'Root': 'E:\học tập\01.AnNDB\Docker\fullstack-docker-app\actions-runner'
[2025-06-23 09:47:29Z INFO Listener] Validating directory permissions for: 'E:\học tập\01.AnNDB\Docker\fullstack-docker-app\actions-runner'
[2025-06-23 09:47:29Z INFO CommandLineParser] Parse
[2025-06-23 09:47:29Z INFO CommandLineParser] Parsing 1 args
[2025-06-23 09:47:29Z INFO CommandLineParser] parsing argument
[2025-06-23 09:47:29Z INFO CommandLineParser] HasArgs: False
[2025-06-23 09:47:29Z INFO CommandLineParser] Adding Command: run
[2025-06-23 09:47:29Z INFO Listener] Arguments parsed
[2025-06-23 09:47:29Z INFO Runner] ExecuteCommand
[2025-06-23 09:47:29Z INFO ConfigurationStore] currentAssemblyLocation: E:\học tập\01.AnNDB\Docker\fullstack-docker-app\actions-runner\bin\Runner.Listener.dll
[2025-06-23 09:47:29Z INFO HostContext] Well known directory 'Bin': 'E:\học tập\01.AnNDB\Docker\fullstack-docker-app\actions-runner\bin'
[2025-06-23 09:47:29Z INFO ConfigurationStore] binPath: E:\học tập\01.AnNDB\Docker\fullstack-docker-app\actions-runner\bin
[2025-06-23 09:47:29Z INFO HostContext] Well known directory 'Bin': 'E:\học tập\01.AnNDB\Docker\fullstack-docker-app\actions-runner\bin'
[2025-06-23 09:47:29Z INFO HostContext] Well known directory 'Root': 'E:\học tập\01.AnNDB\Docker\fullstack-docker-app\actions-runner'
[2025-06-23 09:47:29Z INFO ConfigurationStore] RootFolder: E:\học tập\01.AnNDB\Docker\fullstack-docker-app\actions-runner
[2025-06-23 09:47:29Z INFO HostContext] Well known directory 'Bin': 'E:\học tập\01.AnNDB\Docker\fullstack-docker-app\actions-runner\bin'
[2025-06-23 09:47:29Z INFO HostContext] Well known directory 'Root': 'E:\học tập\01.AnNDB\Docker\fullstack-docker-app\actions-runner'
[2025-06-23 09:47:29Z INFO HostContext] Well known config file 'Runner': 'E:\học tập\01.AnNDB\Docker\fullstack-docker-app\actions-runner\.runner'
[2025-06-23 09:47:29Z INFO ConfigurationStore] ConfigFilePath: E:\học tập\01.AnNDB\Docker\fullstack-docker-app\actions-runner\.runner
[2025-06-23 09:47:29Z INFO HostContext] Well known directory 'Bin': 'E:\học tập\01.AnNDB\Docker\fullstack-docker-app\actions-runner\bin'
[2025-06-23 09:47:29Z INFO HostContext] Well known directory 'Root': 'E:\học tập\01.AnNDB\Docker\fullstack-docker-app\actions-runner'
[2025-06-23 09:47:29Z INFO HostContext] Well known config file 'MigratedRunner': 'E:\học tập\01.AnNDB\Docker\fullstack-docker-app\actions-runner\.runner_migrated'
[2025-06-23 09:47:29Z INFO ConfigurationStore] MigratedConfigFilePath: E:\học tập\01.AnNDB\Docker\fullstack-docker-app\actions-runner\.runner_migrated
[2025-06-23 09:47:29Z INFO HostContext] Well known directory 'Bin': 'E:\học tập\01.AnNDB\Docker\fullstack-docker-app\actions-runner\bin'
[2025-06-23 09:47:29Z INFO HostContext] Well known directory 'Root': 'E:\học tập\01.AnNDB\Docker\fullstack-docker-app\actions-runner'
[2025-06-23 09:47:29Z INFO HostContext] Well known config file 'Credentials': 'E:\học tập\01.AnNDB\Docker\fullstack-docker-app\actions-runner\.credentials'
[2025-06-23 09:47:29Z INFO ConfigurationStore] CredFilePath: E:\học tập\01.AnNDB\Docker\fullstack-docker-app\actions-runner\.credentials
[2025-06-23 09:47:29Z INFO HostContext] Well known directory 'Bin': 'E:\học tập\01.AnNDB\Docker\fullstack-docker-app\actions-runner\bin'
[2025-06-23 09:47:29Z INFO HostContext] Well known directory 'Root': 'E:\học tập\01.AnNDB\Docker\fullstack-docker-app\actions-runner'
[2025-06-23 09:47:29Z INFO HostContext] Well known config file 'MigratedCredentials': 'E:\học tập\01.AnNDB\Docker\fullstack-docker-app\actions-runner\.credentials_migrated'
[2025-06-23 09:47:29Z INFO ConfigurationStore] MigratedCredFilePath: E:\học tập\01.AnNDB\Docker\fullstack-docker-app\actions-runner\.credentials_migrated
[2025-06-23 09:47:29Z INFO HostContext] Well known directory 'Bin': 'E:\học tập\01.AnNDB\Docker\fullstack-docker-app\actions-runner\bin'
[2025-06-23 09:47:29Z INFO HostContext] Well known directory 'Root': 'E:\học tập\01.AnNDB\Docker\fullstack-docker-app\actions-runner'
[2025-06-23 09:47:29Z INFO HostContext] Well known config file 'Service': 'E:\học tập\01.AnNDB\Docker\fullstack-docker-app\actions-runner\.service'
[2025-06-23 09:47:29Z INFO ConfigurationStore] ServiceConfigFilePath: E:\học tập\01.AnNDB\Docker\fullstack-docker-app\actions-runner\.service
[2025-06-23 09:47:29Z INFO CommandSettings] Flag 'help': 'False'
[2025-06-23 09:47:29Z INFO CommandSettings] Flag 'version': 'False'
[2025-06-23 09:47:29Z INFO CommandSettings] Flag 'commit': 'False'
[2025-06-23 09:47:29Z INFO CommandSettings] Flag 'check': 'False'
[2025-06-23 09:47:29Z INFO CommandSettings] Command 'configure': 'False'
[2025-06-23 09:47:29Z INFO CommandSettings] Command 'remove': 'False'
[2025-06-23 09:47:29Z INFO CommandSettings] Command 'warmup': 'False'
[2025-06-23 09:47:29Z INFO ConfigurationManager] LoadSettings
[2025-06-23 09:47:29Z INFO ConfigurationStore] IsConfigured()
[2025-06-23 09:47:29Z INFO ConfigurationStore] IsConfigured: True
[2025-06-23 09:47:29Z INFO ConfigurationManager] Is configured: True
[2025-06-23 09:47:29Z INFO ConfigurationStore] Read setting file: 407 chars
[2025-06-23 09:47:29Z INFO ConfigurationManager] Settings Loaded
[2025-06-23 09:47:29Z INFO ConfigurationStore] IsServiceConfigured()
[2025-06-23 09:47:29Z INFO ConfigurationStore] IsServiceConfigured: False
[2025-06-23 09:47:29Z INFO CommandSettings] Command 'run': 'True'
[2025-06-23 09:47:29Z INFO ConfigurationStore] IsConfigured()
[2025-06-23 09:47:29Z INFO ConfigurationStore] IsConfigured: True
[2025-06-23 09:47:29Z INFO ConfigurationManager] Is configured: True
[2025-06-23 09:47:29Z INFO Runner] Could not parse the argument value '' for StartupType. Defaulting to Manual
[2025-06-23 09:47:29Z INFO Runner] Set runner startup type - Manual
[2025-06-23 09:47:29Z INFO CommandSettings] Flag 'once': 'False'
[2025-06-23 09:47:29Z INFO CommandSettings] Flag 'once': 'False'
[2025-06-23 09:47:29Z INFO Runner] RunAsync
[2025-06-23 09:47:29Z INFO ConfigurationManager] LoadMigratedSettings
[2025-06-23 09:47:29Z INFO ConfigurationStore] IsMigratedConfigured()
[2025-06-23 09:47:29Z INFO ConfigurationStore] IsMigratedConfigured: False
[2025-06-23 09:47:29Z INFO Runner] Failed to load migrated settings: No migrated configuration found.
[2025-06-23 09:47:29Z INFO Runner] Falling back to original .runner settings
[2025-06-23 09:47:29Z INFO Runner] Using BrokerMessageListener
[2025-06-23 09:47:29Z INFO BrokerMessageListener] Using provided settings
[2025-06-23 09:47:29Z INFO BrokerMessageListener] {
  "AgentId": 2,
  "AgentName": "DESKTOP-OGODPTI",
  "PoolId": 1,
  "PoolName": "Default",
  "ServerUrl": "https://pipelinesghubeus13.actions.githubusercontent.com/A6Y7R78ZVKCHxkndIiZtdg1wY82cXOe3yYPHOqPAmW9jp5hA94/",
  "GitHubUrl": "https://github.com/adusimp/fullstack-docker-app",
  "WorkFolder": "_work",
  "UseV2Flow": true,
  "ServerUrlV2": "https://broker.actions.githubusercontent.com/"
}
[2025-06-23 09:47:29Z INFO BrokerMessageListener] Loading Credentials
[2025-06-23 09:47:29Z INFO ConfigurationStore] HasCredentials()
[2025-06-23 09:47:29Z INFO ConfigurationStore] stored True
[2025-06-23 09:47:29Z INFO CredentialManager] GetCredentialProvider
[2025-06-23 09:47:29Z INFO CredentialManager] Creating type OAuth
[2025-06-23 09:47:29Z INFO CredentialManager] Creating credential type: OAuth
[2025-06-23 09:47:29Z INFO HostContext] Well known directory 'Bin': 'E:\học tập\01.AnNDB\Docker\fullstack-docker-app\actions-runner\bin'
[2025-06-23 09:47:29Z INFO HostContext] Well known directory 'Root': 'E:\học tập\01.AnNDB\Docker\fullstack-docker-app\actions-runner'
[2025-06-23 09:47:29Z INFO HostContext] Well known config file 'RSACredentials': 'E:\học tập\01.AnNDB\Docker\fullstack-docker-app\actions-runner\.credentials_rsaparams'
[2025-06-23 09:47:29Z INFO RSAEncryptedFileKeyManager] Loading RSA key parameters from file E:\học tập\01.AnNDB\Docker\fullstack-docker-app\actions-runner\.credentials_rsaparams
[2025-06-23 09:47:29Z INFO BrokerMessageListener] Attempt to create session.
[2025-06-23 09:47:29Z INFO BrokerMessageListener] Connecting to the Broker Server...
[2025-06-23 09:47:29Z INFO ConfigurationStore] HasCredentials()
[2025-06-23 09:47:29Z INFO ConfigurationStore] stored True
[2025-06-23 09:47:29Z INFO CredentialManager] GetCredentialProvider
[2025-06-23 09:47:29Z INFO CredentialManager] Creating type OAuth
[2025-06-23 09:47:29Z INFO CredentialManager] Creating credential type: OAuth
[2025-06-23 09:47:29Z INFO RSAEncryptedFileKeyManager] Loading RSA key parameters from file E:\học tập\01.AnNDB\Docker\fullstack-docker-app\actions-runner\.credentials_rsaparams
[2025-06-23 09:47:29Z INFO BrokerMessageListener] VssConnection created
[2025-06-23 09:47:29Z INFO BrokerMessageListener] Connecting to the Runner server...
[2025-06-23 09:47:29Z INFO RunnerServer] EstablishVssConnection
[2025-06-23 09:47:29Z INFO RunnerServer] Establish connection with 100 seconds timeout.
[2025-06-23 09:47:29Z INFO GitHubActionsService] Starting operation Location.GetConnectionData
[2025-06-23 09:47:29Z INFO RunnerServer] EstablishVssConnection
[2025-06-23 09:47:29Z INFO RunnerServer] Establish connection with 60 seconds timeout.
[2025-06-23 09:47:29Z INFO GitHubActionsService] Starting operation Location.GetConnectionData
[2025-06-23 09:47:29Z INFO RunnerServer] EstablishVssConnection
[2025-06-23 09:47:29Z INFO RunnerServer] Establish connection with 60 seconds timeout.
[2025-06-23 09:47:29Z INFO GitHubActionsService] Starting operation Location.GetConnectionData
[2025-06-23 09:47:30Z INFO GitHubActionsService] Finished operation Location.GetConnectionData
[2025-06-23 09:47:30Z INFO GitHubActionsService] Finished operation Location.GetConnectionData
[2025-06-23 09:47:31Z INFO GitHubActionsService] Finished operation Location.GetConnectionData
[2025-06-23 09:47:31Z INFO BrokerMessageListener] VssConnection created
[2025-06-23 09:47:31Z INFO Terminal] WRITE LINE: 
[2025-06-23 09:47:31Z INFO Terminal] WRITE LINE: 
[2025-06-23 09:47:31Z INFO RSAEncryptedFileKeyManager] Loading RSA key parameters from file E:\học tập\01.AnNDB\Docker\fullstack-docker-app\actions-runner\.credentials_rsaparams
[2025-06-23 09:47:31Z INFO RSAEncryptedFileKeyManager] Loading RSA key parameters from file E:\học tập\01.AnNDB\Docker\fullstack-docker-app\actions-runner\.credentials_rsaparams
[2025-06-23 09:47:32Z INFO GitHubActionsService] AAD Correlation ID for this token request: Unknown
[2025-06-23 09:47:33Z INFO BrokerMessageListener] Session created.
[2025-06-23 09:47:33Z INFO Terminal] WRITE LINE: Current runner version: '2.325.0'
[2025-06-23 09:47:33Z INFO Terminal] WRITE LINE: 2025-06-23 09:47:33Z: Listening for Jobs
[2025-06-23 09:47:33Z INFO JobDispatcher] Set runner/worker IPC timeout to 30 seconds.
