[2025-06-26 03:35:09Z INFO HostContext] No proxy settings were found based on environmental variables (http_proxy/https_proxy/HTTP_PROXY/HTTPS_PROXY)
[2025-06-26 03:35:09Z INFO HostContext] Well known directory 'Bin': 'E:\học tập\01.AnNDB\Docker\fullstack-docker-app\actions-runner\bin'
[2025-06-26 03:35:09Z INFO HostContext] Well known directory 'Root': 'E:\học tập\01.AnNDB\Docker\fullstack-docker-app\actions-runner'
[2025-06-26 03:35:09Z INFO HostContext] Well known config file 'Credentials': 'E:\học tập\01.AnNDB\Docker\fullstack-docker-app\actions-runner\.credentials'
[2025-06-26 03:35:10Z INFO HostContext] Well known directory 'Bin': 'E:\học tập\01.AnNDB\Docker\fullstack-docker-app\actions-runner\bin'
[2025-06-26 03:35:10Z INFO HostContext] Well known directory 'Root': 'E:\học tập\01.AnNDB\Docker\fullstack-docker-app\actions-runner'
[2025-06-26 03:35:10Z INFO HostContext] Well known config file 'Runner': 'E:\học tập\01.AnNDB\Docker\fullstack-docker-app\actions-runner\.runner'
[2025-06-26 03:35:10Z INFO Listener] Runner is built for Windows (X64) - win-x64.
[2025-06-26 03:35:10Z INFO Listener] RuntimeInformation: Microsoft Windows 10.0.22631.
[2025-06-26 03:35:10Z INFO Listener] Version: 2.325.0
[2025-06-26 03:35:10Z INFO Listener] Commit: 71ed7cd46223bd5d61633445946813012b502d54
[2025-06-26 03:35:10Z INFO Listener] Culture: en-US
[2025-06-26 03:35:10Z INFO Listener] UI Culture: en-US
[2025-06-26 03:35:10Z INFO HostContext] Well known directory 'Bin': 'E:\học tập\01.AnNDB\Docker\fullstack-docker-app\actions-runner\bin'
[2025-06-26 03:35:10Z INFO HostContext] Well known directory 'Root': 'E:\học tập\01.AnNDB\Docker\fullstack-docker-app\actions-runner'
[2025-06-26 03:35:10Z INFO Listener] Validating directory permissions for: 'E:\học tập\01.AnNDB\Docker\fullstack-docker-app\actions-runner'
[2025-06-26 03:35:10Z INFO CommandLineParser] Parse
[2025-06-26 03:35:10Z INFO CommandLineParser] Parsing 1 args
[2025-06-26 03:35:10Z INFO CommandLineParser] parsing argument
[2025-06-26 03:35:10Z INFO CommandLineParser] HasArgs: False
[2025-06-26 03:35:10Z INFO CommandLineParser] Adding Command: run
[2025-06-26 03:35:10Z INFO Listener] Arguments parsed
[2025-06-26 03:35:10Z INFO Runner] ExecuteCommand
[2025-06-26 03:35:10Z INFO ConfigurationStore] currentAssemblyLocation: E:\học tập\01.AnNDB\Docker\fullstack-docker-app\actions-runner\bin\Runner.Listener.dll
[2025-06-26 03:35:10Z INFO HostContext] Well known directory 'Bin': 'E:\học tập\01.AnNDB\Docker\fullstack-docker-app\actions-runner\bin'
[2025-06-26 03:35:10Z INFO ConfigurationStore] binPath: E:\học tập\01.AnNDB\Docker\fullstack-docker-app\actions-runner\bin
[2025-06-26 03:35:10Z INFO HostContext] Well known directory 'Bin': 'E:\học tập\01.AnNDB\Docker\fullstack-docker-app\actions-runner\bin'
[2025-06-26 03:35:10Z INFO HostContext] Well known directory 'Root': 'E:\học tập\01.AnNDB\Docker\fullstack-docker-app\actions-runner'
[2025-06-26 03:35:10Z INFO ConfigurationStore] RootFolder: E:\học tập\01.AnNDB\Docker\fullstack-docker-app\actions-runner
[2025-06-26 03:35:10Z INFO HostContext] Well known directory 'Bin': 'E:\học tập\01.AnNDB\Docker\fullstack-docker-app\actions-runner\bin'
[2025-06-26 03:35:10Z INFO HostContext] Well known directory 'Root': 'E:\học tập\01.AnNDB\Docker\fullstack-docker-app\actions-runner'
[2025-06-26 03:35:10Z INFO HostContext] Well known config file 'Runner': 'E:\học tập\01.AnNDB\Docker\fullstack-docker-app\actions-runner\.runner'
[2025-06-26 03:35:10Z INFO ConfigurationStore] ConfigFilePath: E:\học tập\01.AnNDB\Docker\fullstack-docker-app\actions-runner\.runner
[2025-06-26 03:35:10Z INFO HostContext] Well known directory 'Bin': 'E:\học tập\01.AnNDB\Docker\fullstack-docker-app\actions-runner\bin'
[2025-06-26 03:35:10Z INFO HostContext] Well known directory 'Root': 'E:\học tập\01.AnNDB\Docker\fullstack-docker-app\actions-runner'
[2025-06-26 03:35:10Z INFO HostContext] Well known config file 'MigratedRunner': 'E:\học tập\01.AnNDB\Docker\fullstack-docker-app\actions-runner\.runner_migrated'
[2025-06-26 03:35:10Z INFO ConfigurationStore] MigratedConfigFilePath: E:\học tập\01.AnNDB\Docker\fullstack-docker-app\actions-runner\.runner_migrated
[2025-06-26 03:35:10Z INFO HostContext] Well known directory 'Bin': 'E:\học tập\01.AnNDB\Docker\fullstack-docker-app\actions-runner\bin'
[2025-06-26 03:35:10Z INFO HostContext] Well known directory 'Root': 'E:\học tập\01.AnNDB\Docker\fullstack-docker-app\actions-runner'
[2025-06-26 03:35:10Z INFO HostContext] Well known config file 'Credentials': 'E:\học tập\01.AnNDB\Docker\fullstack-docker-app\actions-runner\.credentials'
[2025-06-26 03:35:10Z INFO ConfigurationStore] CredFilePath: E:\học tập\01.AnNDB\Docker\fullstack-docker-app\actions-runner\.credentials
[2025-06-26 03:35:10Z INFO HostContext] Well known directory 'Bin': 'E:\học tập\01.AnNDB\Docker\fullstack-docker-app\actions-runner\bin'
[2025-06-26 03:35:10Z INFO HostContext] Well known directory 'Root': 'E:\học tập\01.AnNDB\Docker\fullstack-docker-app\actions-runner'
[2025-06-26 03:35:10Z INFO HostContext] Well known config file 'MigratedCredentials': 'E:\học tập\01.AnNDB\Docker\fullstack-docker-app\actions-runner\.credentials_migrated'
[2025-06-26 03:35:10Z INFO ConfigurationStore] MigratedCredFilePath: E:\học tập\01.AnNDB\Docker\fullstack-docker-app\actions-runner\.credentials_migrated
[2025-06-26 03:35:10Z INFO HostContext] Well known directory 'Bin': 'E:\học tập\01.AnNDB\Docker\fullstack-docker-app\actions-runner\bin'
[2025-06-26 03:35:10Z INFO HostContext] Well known directory 'Root': 'E:\học tập\01.AnNDB\Docker\fullstack-docker-app\actions-runner'
[2025-06-26 03:35:10Z INFO HostContext] Well known config file 'Service': 'E:\học tập\01.AnNDB\Docker\fullstack-docker-app\actions-runner\.service'
[2025-06-26 03:35:10Z INFO ConfigurationStore] ServiceConfigFilePath: E:\học tập\01.AnNDB\Docker\fullstack-docker-app\actions-runner\.service
[2025-06-26 03:35:10Z INFO CommandSettings] Flag 'help': 'False'
[2025-06-26 03:35:10Z INFO CommandSettings] Flag 'version': 'False'
[2025-06-26 03:35:10Z INFO CommandSettings] Flag 'commit': 'False'
[2025-06-26 03:35:10Z INFO CommandSettings] Flag 'check': 'False'
[2025-06-26 03:35:10Z INFO CommandSettings] Command 'configure': 'False'
[2025-06-26 03:35:10Z INFO CommandSettings] Command 'remove': 'False'
[2025-06-26 03:35:10Z INFO CommandSettings] Command 'warmup': 'False'
[2025-06-26 03:35:10Z INFO ConfigurationManager] LoadSettings
[2025-06-26 03:35:10Z INFO ConfigurationStore] IsConfigured()
[2025-06-26 03:35:10Z INFO ConfigurationStore] IsConfigured: True
[2025-06-26 03:35:10Z INFO ConfigurationManager] Is configured: True
[2025-06-26 03:35:10Z INFO ConfigurationStore] Read setting file: 407 chars
[2025-06-26 03:35:10Z INFO ConfigurationManager] Settings Loaded
[2025-06-26 03:35:10Z INFO ConfigurationStore] IsServiceConfigured()
[2025-06-26 03:35:10Z INFO ConfigurationStore] IsServiceConfigured: False
[2025-06-26 03:35:10Z INFO CommandSettings] Command 'run': 'True'
[2025-06-26 03:35:10Z INFO ConfigurationStore] IsConfigured()
[2025-06-26 03:35:10Z INFO ConfigurationStore] IsConfigured: True
[2025-06-26 03:35:10Z INFO ConfigurationManager] Is configured: True
[2025-06-26 03:35:10Z INFO Runner] Could not parse the argument value '' for StartupType. Defaulting to Manual
[2025-06-26 03:35:10Z INFO Runner] Set runner startup type - Manual
[2025-06-26 03:35:10Z INFO CommandSettings] Flag 'once': 'False'
[2025-06-26 03:35:10Z INFO CommandSettings] Flag 'once': 'False'
[2025-06-26 03:35:10Z INFO Runner] RunAsync
[2025-06-26 03:35:10Z INFO ConfigurationManager] LoadMigratedSettings
[2025-06-26 03:35:10Z INFO ConfigurationStore] IsMigratedConfigured()
[2025-06-26 03:35:10Z INFO ConfigurationStore] IsMigratedConfigured: False
[2025-06-26 03:35:10Z INFO Runner] Failed to load migrated settings: No migrated configuration found.
[2025-06-26 03:35:10Z INFO Runner] Falling back to original .runner settings
[2025-06-26 03:35:10Z INFO Runner] Using BrokerMessageListener
[2025-06-26 03:35:10Z INFO BrokerMessageListener] Using provided settings
[2025-06-26 03:35:10Z INFO BrokerMessageListener] {
  "AgentId": 2,
  "AgentName": "DESKTOP-OGODPTI",
  "PoolId": 1,
  "PoolName": "Default",
  "ServerUrl": "https://pipelinesghubeus13.actions.githubusercontent.com/A6Y7R78ZVKCHxkndIiZtdg1wY82cXOe3yYPHOqPAmW9jp5hA94/",
  "GitHubUrl": "https://github.com/adusimp/fullstack-docker-app",
  "WorkFolder": "_work",
  "UseV2Flow": true,
  "ServerUrlV2": "https://broker.actions.githubusercontent.com/"
}
[2025-06-26 03:35:10Z INFO BrokerMessageListener] Loading Credentials
[2025-06-26 03:35:10Z INFO ConfigurationStore] HasCredentials()
[2025-06-26 03:35:10Z INFO ConfigurationStore] stored True
[2025-06-26 03:35:10Z INFO CredentialManager] GetCredentialProvider
[2025-06-26 03:35:10Z INFO CredentialManager] Creating type OAuth
[2025-06-26 03:35:10Z INFO CredentialManager] Creating credential type: OAuth
[2025-06-26 03:35:10Z INFO HostContext] Well known directory 'Bin': 'E:\học tập\01.AnNDB\Docker\fullstack-docker-app\actions-runner\bin'
[2025-06-26 03:35:10Z INFO HostContext] Well known directory 'Root': 'E:\học tập\01.AnNDB\Docker\fullstack-docker-app\actions-runner'
[2025-06-26 03:35:10Z INFO HostContext] Well known config file 'RSACredentials': 'E:\học tập\01.AnNDB\Docker\fullstack-docker-app\actions-runner\.credentials_rsaparams'
[2025-06-26 03:35:10Z INFO RSAEncryptedFileKeyManager] Loading RSA key parameters from file E:\học tập\01.AnNDB\Docker\fullstack-docker-app\actions-runner\.credentials_rsaparams
[2025-06-26 03:35:10Z INFO BrokerMessageListener] Attempt to create session.
[2025-06-26 03:35:10Z INFO BrokerMessageListener] Connecting to the Broker Server...
[2025-06-26 03:35:10Z INFO ConfigurationStore] HasCredentials()
[2025-06-26 03:35:10Z INFO ConfigurationStore] stored True
[2025-06-26 03:35:10Z INFO CredentialManager] GetCredentialProvider
[2025-06-26 03:35:10Z INFO CredentialManager] Creating type OAuth
[2025-06-26 03:35:10Z INFO CredentialManager] Creating credential type: OAuth
[2025-06-26 03:35:10Z INFO RSAEncryptedFileKeyManager] Loading RSA key parameters from file E:\học tập\01.AnNDB\Docker\fullstack-docker-app\actions-runner\.credentials_rsaparams
[2025-06-26 03:35:10Z INFO BrokerMessageListener] VssConnection created
[2025-06-26 03:35:10Z INFO BrokerMessageListener] Connecting to the Runner server...
[2025-06-26 03:35:10Z INFO RunnerServer] EstablishVssConnection
[2025-06-26 03:35:10Z INFO RunnerServer] Establish connection with 100 seconds timeout.
[2025-06-26 03:35:10Z INFO GitHubActionsService] Starting operation Location.GetConnectionData
[2025-06-26 03:35:10Z INFO RunnerServer] EstablishVssConnection
[2025-06-26 03:35:10Z INFO RunnerServer] Establish connection with 60 seconds timeout.
[2025-06-26 03:35:10Z INFO GitHubActionsService] Starting operation Location.GetConnectionData
[2025-06-26 03:35:10Z INFO RunnerServer] EstablishVssConnection
[2025-06-26 03:35:10Z INFO RunnerServer] Establish connection with 60 seconds timeout.
[2025-06-26 03:35:10Z INFO GitHubActionsService] Starting operation Location.GetConnectionData
[2025-06-26 03:35:11Z INFO GitHubActionsService] Finished operation Location.GetConnectionData
[2025-06-26 03:35:11Z INFO GitHubActionsService] Finished operation Location.GetConnectionData
[2025-06-26 03:35:11Z INFO GitHubActionsService] Finished operation Location.GetConnectionData
[2025-06-26 03:35:12Z INFO BrokerMessageListener] VssConnection created
[2025-06-26 03:35:12Z INFO Terminal] WRITE LINE: 
[2025-06-26 03:35:12Z INFO Terminal] WRITE LINE: 
[2025-06-26 03:35:12Z INFO RSAEncryptedFileKeyManager] Loading RSA key parameters from file E:\học tập\01.AnNDB\Docker\fullstack-docker-app\actions-runner\.credentials_rsaparams
[2025-06-26 03:35:12Z INFO RSAEncryptedFileKeyManager] Loading RSA key parameters from file E:\học tập\01.AnNDB\Docker\fullstack-docker-app\actions-runner\.credentials_rsaparams
[2025-06-26 03:35:13Z INFO GitHubActionsService] AAD Correlation ID for this token request: Unknown
[2025-06-26 03:35:13Z INFO BrokerMessageListener] Session created.
[2025-06-26 03:35:13Z INFO Terminal] WRITE LINE: Current runner version: '2.325.0'
[2025-06-26 03:35:13Z INFO Terminal] WRITE LINE: 2025-06-26 03:35:13Z: Listening for Jobs
[2025-06-26 03:35:13Z INFO JobDispatcher] Set runner/worker IPC timeout to 30 seconds.
[2025-06-26 03:36:08Z INFO ConfigurationStore] HasCredentials()
[2025-06-26 03:36:08Z INFO ConfigurationStore] stored True
[2025-06-26 03:36:08Z INFO CredentialManager] GetCredentialProvider
[2025-06-26 03:36:08Z INFO CredentialManager] Creating type OAuth
[2025-06-26 03:36:08Z INFO CredentialManager] Creating credential type: OAuth
[2025-06-26 03:36:08Z INFO RSAEncryptedFileKeyManager] Loading RSA key parameters from file E:\học tập\01.AnNDB\Docker\fullstack-docker-app\actions-runner\.credentials_rsaparams
[2025-06-26 03:36:08Z INFO RSAEncryptedFileKeyManager] Loading RSA key parameters from file E:\học tập\01.AnNDB\Docker\fullstack-docker-app\actions-runner\.credentials_rsaparams
[2025-06-26 03:36:08Z INFO RSAEncryptedFileKeyManager] Loading RSA key parameters from file E:\học tập\01.AnNDB\Docker\fullstack-docker-app\actions-runner\.credentials_rsaparams
[2025-06-26 03:36:09Z INFO GitHubActionsService] AAD Correlation ID for this token request: Unknown
[2025-06-26 03:36:11Z INFO JobDispatcher] Job request 0 for plan 64cecf7d-5655-441b-b76e-e0ca4825a009 job d1630542-7a20-5704-a4f3-3051785a484a received.
[2025-06-26 03:36:11Z INFO BrokerMessageListener] Received job status event. JobState: Busy
[2025-06-26 03:36:11Z INFO BrokerMessageListener] _getMessagesTokenSource is already disposed.
[2025-06-26 03:36:11Z INFO Terminal] WRITE LINE: 2025-06-26 03:36:11Z: Running job: build_push_pull_run
[2025-06-26 03:36:11Z INFO JobDispatcher] Start renew job request 0 for job d1630542-7a20-5704-a4f3-3051785a484a.
[2025-06-26 03:36:11Z INFO JobDispatcher] Successfully renew job d1630542-7a20-5704-a4f3-3051785a484a, job is valid till 6/26/2025 3:46:11 AM
[2025-06-26 03:36:12Z INFO HostContext] Well known directory 'Bin': 'E:\học tập\01.AnNDB\Docker\fullstack-docker-app\actions-runner\bin'
[2025-06-26 03:36:12Z INFO ProcessInvokerWrapper] Starting process:
[2025-06-26 03:36:12Z INFO ProcessInvokerWrapper]   File name: 'E:\học tập\01.AnNDB\Docker\fullstack-docker-app\actions-runner\bin\Runner.Worker.exe'
[2025-06-26 03:36:12Z INFO ProcessInvokerWrapper]   Arguments: 'spawnclient 2264 2280'
[2025-06-26 03:36:12Z INFO ProcessInvokerWrapper]   Working directory: 'E:\học tập\01.AnNDB\Docker\fullstack-docker-app\actions-runner\bin'
[2025-06-26 03:36:12Z INFO ProcessInvokerWrapper]   Require exit code zero: 'False'
[2025-06-26 03:36:12Z INFO ProcessInvokerWrapper]   Encoding web name:  ; code page: ''
[2025-06-26 03:36:12Z INFO ProcessInvokerWrapper]   Force kill process on cancellation: 'True'
[2025-06-26 03:36:12Z INFO ProcessInvokerWrapper]   Redirected STDIN: 'False'
[2025-06-26 03:36:12Z INFO ProcessInvokerWrapper]   Persist current code page: 'False'
[2025-06-26 03:36:12Z INFO ProcessInvokerWrapper]   Keep redirected STDIN open: 'False'
[2025-06-26 03:36:12Z INFO ProcessInvokerWrapper]   High priority process: 'True'
[2025-06-26 03:36:12Z INFO ProcessInvokerWrapper] Process started with process id 17820, waiting for process exit.
[2025-06-26 03:36:12Z INFO JobDispatcher] Send job request message to worker for job d1630542-7a20-5704-a4f3-3051785a484a.
[2025-06-26 03:36:12Z INFO ProcessChannel] Sending message of length 23849, with hash 'cb587d1aaf3f6585975196d32cf314839ffef8593aa88e075f330948525dfedd'
[2025-06-26 03:36:12Z INFO JobNotification] Entering JobStarted Notification
[2025-06-26 03:36:12Z INFO JobNotification] Entering StartMonitor
[2025-06-26 03:37:12Z INFO JobDispatcher] Successfully renew job d1630542-7a20-5704-a4f3-3051785a484a, job is valid till 6/26/2025 3:47:12 AM
[2025-06-26 03:38:12Z INFO JobDispatcher] Successfully renew job d1630542-7a20-5704-a4f3-3051785a484a, job is valid till 6/26/2025 3:48:12 AM
[2025-06-26 03:38:24Z INFO ProcessInvokerWrapper] STDOUT/STDERR stream read finished.
[2025-06-26 03:38:24Z INFO ProcessInvokerWrapper] STDOUT/STDERR stream read finished.
[2025-06-26 03:38:24Z INFO ProcessInvokerWrapper] Finished process 17820 with exit code 100, and elapsed time 00:02:12.1663866.
[2025-06-26 03:38:24Z INFO JobDispatcher] Worker finished for job d1630542-7a20-5704-a4f3-3051785a484a. Code: 100
[2025-06-26 03:38:24Z INFO JobDispatcher] finish job request for job d1630542-7a20-5704-a4f3-3051785a484a with result: Succeeded
[2025-06-26 03:38:24Z INFO Terminal] WRITE LINE: 2025-06-26 03:38:24Z: Job build_push_pull_run completed with result: Succeeded
[2025-06-26 03:38:24Z INFO JobDispatcher] Stop renew job request for job d1630542-7a20-5704-a4f3-3051785a484a.
[2025-06-26 03:38:24Z INFO JobDispatcher] job renew has been cancelled, stop renew job d1630542-7a20-5704-a4f3-3051785a484a.
[2025-06-26 03:38:24Z INFO JobNotification] Entering JobCompleted Notification
[2025-06-26 03:38:24Z INFO JobNotification] Entering EndMonitor
[2025-06-26 03:38:24Z INFO BrokerMessageListener] Received job status event. JobState: Online
[2025-06-26 03:38:24Z WARN GitHubActionsService] GET request to https://broker.actions.githubusercontent.com/message?sessionId=b1981bd9-7251-4b1d-9a1f-89eacb18b0f4&status=Busy&runnerVersion=2.325.0&os=Windows&architecture=X64&disableUpdate=false has been cancelled.
[2025-06-26 03:38:24Z ERR  BrokerServer] Catch exception during request
[2025-06-26 03:38:24Z ERR  BrokerServer] System.Threading.Tasks.TaskCanceledException: The operation was canceled.
 ---> System.Threading.Tasks.TaskCanceledException: The operation was canceled.
 ---> System.IO.IOException: Unable to read data from the transport connection: The I/O operation has been aborted because of either a thread exit or an application request..
 ---> System.Net.Sockets.SocketException (995): The I/O operation has been aborted because of either a thread exit or an application request.
   --- End of inner exception stack trace ---
   at System.Net.Sockets.Socket.AwaitableSocketAsyncEventArgs.ThrowException(SocketError error, CancellationToken cancellationToken)
   at System.Net.Sockets.Socket.AwaitableSocketAsyncEventArgs.System.Threading.Tasks.Sources.IValueTaskSource<System.Int32>.GetResult(Int16 token)
   at System.Net.Security.SslStream.EnsureFullTlsFrameAsync[TIOAdapter](CancellationToken cancellationToken, Int32 estimatedSize)
   at System.Runtime.CompilerServices.PoolingAsyncValueTaskMethodBuilder`1.StateMachineBox`1.System.Threading.Tasks.Sources.IValueTaskSource<TResult>.GetResult(Int16 token)
   at System.Net.Security.SslStream.ReadAsyncInternal[TIOAdapter](Memory`1 buffer, CancellationToken cancellationToken)
   at System.Runtime.CompilerServices.PoolingAsyncValueTaskMethodBuilder`1.StateMachineBox`1.System.Threading.Tasks.Sources.IValueTaskSource<TResult>.GetResult(Int16 token)
   at System.Net.Http.HttpConnection.SendAsync(HttpRequestMessage request, Boolean async, CancellationToken cancellationToken)
   --- End of inner exception stack trace ---
   at System.Net.Http.HttpConnection.SendAsync(HttpRequestMessage request, Boolean async, CancellationToken cancellationToken)
   at System.Net.Http.AuthenticationHelper.SendWithNtAuthAsync(HttpRequestMessage request, Uri authUri, Boolean async, ICredentials credentials, Boolean isProxyAuth, HttpConnection connection, HttpConnectionPool connectionPool, CancellationToken cancellationToken)
   at System.Net.Http.HttpConnectionPool.SendWithVersionDetectionAndRetryAsync(HttpRequestMessage request, Boolean async, Boolean doRequestAuth, CancellationToken cancellationToken)
   at System.Net.Http.AuthenticationHelper.SendWithAuthAsync(HttpRequestMessage request, Uri authUri, Boolean async, ICredentials credentials, Boolean preAuthenticate, Boolean isProxyAuth, Boolean doRequestAuth, HttpConnectionPool pool, CancellationToken cancellationToken)
   at System.Net.Http.RedirectHandler.SendAsync(HttpRequestMessage request, Boolean async, CancellationToken cancellationToken)
   at GitHub.Services.Common.RawHttpMessageHandler.SendAsync(HttpRequestMessage request, CancellationToken cancellationToken)
   at GitHub.Services.Common.VssHttpRetryMessageHandler.SendAsync(HttpRequestMessage request, CancellationToken cancellationToken)
   at System.Net.Http.HttpClient.<SendAsync>g__Core|83_0(HttpRequestMessage request, HttpCompletionOption completionOption, CancellationTokenSource cts, Boolean disposeCts, CancellationTokenSource pendingRequestsCts, CancellationToken originalCancellationToken)
   --- End of inner exception stack trace ---
   at System.Net.Http.HttpClient.HandleFailure(Exception e, Boolean telemetryStarted, HttpResponseMessage response, CancellationTokenSource cts, CancellationToken cancellationToken, CancellationTokenSource pendingRequestsCts)
   at System.Net.Http.HttpClient.<SendAsync>g__Core|83_0(HttpRequestMessage request, HttpCompletionOption completionOption, CancellationTokenSource cts, Boolean disposeCts, CancellationTokenSource pendingRequestsCts, CancellationToken originalCancellationToken)
   at Sdk.WebApi.WebApi.RawHttpClientBase.SendAsync(HttpRequestMessage message, HttpCompletionOption completionOption, Object userState, CancellationToken cancellationToken)
   at Sdk.WebApi.WebApi.RawHttpClientBase.SendAsync[T](HttpRequestMessage message, Boolean readErrorBody, Object userState, CancellationToken cancellationToken)
   at Sdk.WebApi.WebApi.RawHttpClientBase.SendAsync[T](HttpMethod method, IEnumerable`1 additionalHeaders, Uri requestUri, HttpContent content, IEnumerable`1 queryParameters, Boolean readErrorBody, Object userState, CancellationToken cancellationToken)
   at GitHub.Actions.RunService.WebApi.BrokerHttpClient.GetRunnerMessageAsync(Nullable`1 sessionId, String runnerVersion, Nullable`1 status, String os, String architecture, Nullable`1 disableUpdate, CancellationToken cancellationToken)
   at GitHub.Runner.Common.BrokerServer.<>c__DisplayClass7_0.<<GetRunnerMessageAsync>b__0>d.MoveNext()
--- End of stack trace from previous location ---
   at GitHub.Runner.Common.RunnerService.RetryRequest[T](Func`1 func, CancellationToken cancellationToken, Int32 maxRetryAttemptsCount, Func`2 shouldRetry)
[2025-06-26 03:38:24Z ERR  BrokerServer] #####################################################
[2025-06-26 03:38:24Z ERR  BrokerServer] System.Threading.Tasks.TaskCanceledException: The operation was canceled.
 ---> System.IO.IOException: Unable to read data from the transport connection: The I/O operation has been aborted because of either a thread exit or an application request..
 ---> System.Net.Sockets.SocketException (995): The I/O operation has been aborted because of either a thread exit or an application request.
   --- End of inner exception stack trace ---
   at System.Net.Sockets.Socket.AwaitableSocketAsyncEventArgs.ThrowException(SocketError error, CancellationToken cancellationToken)
   at System.Net.Sockets.Socket.AwaitableSocketAsyncEventArgs.System.Threading.Tasks.Sources.IValueTaskSource<System.Int32>.GetResult(Int16 token)
   at System.Net.Security.SslStream.EnsureFullTlsFrameAsync[TIOAdapter](CancellationToken cancellationToken, Int32 estimatedSize)
   at System.Runtime.CompilerServices.PoolingAsyncValueTaskMethodBuilder`1.StateMachineBox`1.System.Threading.Tasks.Sources.IValueTaskSource<TResult>.GetResult(Int16 token)
   at System.Net.Security.SslStream.ReadAsyncInternal[TIOAdapter](Memory`1 buffer, CancellationToken cancellationToken)
   at System.Runtime.CompilerServices.PoolingAsyncValueTaskMethodBuilder`1.StateMachineBox`1.System.Threading.Tasks.Sources.IValueTaskSource<TResult>.GetResult(Int16 token)
   at System.Net.Http.HttpConnection.SendAsync(HttpRequestMessage request, Boolean async, CancellationToken cancellationToken)
   --- End of inner exception stack trace ---
   at System.Net.Http.HttpConnection.SendAsync(HttpRequestMessage request, Boolean async, CancellationToken cancellationToken)
   at System.Net.Http.AuthenticationHelper.SendWithNtAuthAsync(HttpRequestMessage request, Uri authUri, Boolean async, ICredentials credentials, Boolean isProxyAuth, HttpConnection connection, HttpConnectionPool connectionPool, CancellationToken cancellationToken)
   at System.Net.Http.HttpConnectionPool.SendWithVersionDetectionAndRetryAsync(HttpRequestMessage request, Boolean async, Boolean doRequestAuth, CancellationToken cancellationToken)
   at System.Net.Http.AuthenticationHelper.SendWithAuthAsync(HttpRequestMessage request, Uri authUri, Boolean async, ICredentials credentials, Boolean preAuthenticate, Boolean isProxyAuth, Boolean doRequestAuth, HttpConnectionPool pool, CancellationToken cancellationToken)
   at System.Net.Http.RedirectHandler.SendAsync(HttpRequestMessage request, Boolean async, CancellationToken cancellationToken)
   at GitHub.Services.Common.RawHttpMessageHandler.SendAsync(HttpRequestMessage request, CancellationToken cancellationToken)
   at GitHub.Services.Common.VssHttpRetryMessageHandler.SendAsync(HttpRequestMessage request, CancellationToken cancellationToken)
   at System.Net.Http.HttpClient.<SendAsync>g__Core|83_0(HttpRequestMessage request, HttpCompletionOption completionOption, CancellationTokenSource cts, Boolean disposeCts, CancellationTokenSource pendingRequestsCts, CancellationToken originalCancellationToken)
[2025-06-26 03:38:24Z ERR  BrokerServer] #####################################################
[2025-06-26 03:38:24Z ERR  BrokerServer] System.IO.IOException: Unable to read data from the transport connection: The I/O operation has been aborted because of either a thread exit or an application request..
 ---> System.Net.Sockets.SocketException (995): The I/O operation has been aborted because of either a thread exit or an application request.
   --- End of inner exception stack trace ---
   at System.Net.Sockets.Socket.AwaitableSocketAsyncEventArgs.ThrowException(SocketError error, CancellationToken cancellationToken)
   at System.Net.Sockets.Socket.AwaitableSocketAsyncEventArgs.System.Threading.Tasks.Sources.IValueTaskSource<System.Int32>.GetResult(Int16 token)
   at System.Net.Security.SslStream.EnsureFullTlsFrameAsync[TIOAdapter](CancellationToken cancellationToken, Int32 estimatedSize)
   at System.Runtime.CompilerServices.PoolingAsyncValueTaskMethodBuilder`1.StateMachineBox`1.System.Threading.Tasks.Sources.IValueTaskSource<TResult>.GetResult(Int16 token)
   at System.Net.Security.SslStream.ReadAsyncInternal[TIOAdapter](Memory`1 buffer, CancellationToken cancellationToken)
   at System.Runtime.CompilerServices.PoolingAsyncValueTaskMethodBuilder`1.StateMachineBox`1.System.Threading.Tasks.Sources.IValueTaskSource<TResult>.GetResult(Int16 token)
   at System.Net.Http.HttpConnection.SendAsync(HttpRequestMessage request, Boolean async, CancellationToken cancellationToken)
[2025-06-26 03:38:24Z ERR  BrokerServer] #####################################################
[2025-06-26 03:38:24Z ERR  BrokerServer] System.Net.Sockets.SocketException (995): The I/O operation has been aborted because of either a thread exit or an application request.
[2025-06-26 03:38:24Z WARN BrokerServer] Back off 5.534 seconds before next retry. 4 attempt left.
[2025-06-26 03:38:24Z INFO BrokerMessageListener] Get messages has been cancelled using local token source. Continue to get messages with new status.
[2025-06-26 04:25:23Z INFO RSAEncryptedFileKeyManager] Loading RSA key parameters from file E:\học tập\01.AnNDB\Docker\fullstack-docker-app\actions-runner\.credentials_rsaparams
[2025-06-26 04:25:24Z INFO GitHubActionsService] AAD Correlation ID for this token request: Unknown
[2025-06-26 04:38:52Z INFO HostContext] Runner will be shutdown for UserCancelled
[2025-06-26 04:38:52Z WARN GitHubActionsService] GET request to https://broker.actions.githubusercontent.com/message?sessionId=b1981bd9-7251-4b1d-9a1f-89eacb18b0f4&status=Online&runnerVersion=2.325.0&os=Windows&architecture=X64&disableUpdate=false has been cancelled.
[2025-06-26 04:38:52Z ERR  BrokerServer] Catch exception during request
[2025-06-26 04:38:52Z ERR  BrokerServer] System.Threading.Tasks.TaskCanceledException: The operation was canceled.
 ---> System.Threading.Tasks.TaskCanceledException: The operation was canceled.
 ---> System.IO.IOException: Unable to read data from the transport connection: The I/O operation has been aborted because of either a thread exit or an application request..
 ---> System.Net.Sockets.SocketException (995): The I/O operation has been aborted because of either a thread exit or an application request.
   --- End of inner exception stack trace ---
   at System.Net.Sockets.Socket.AwaitableSocketAsyncEventArgs.System.Threading.Tasks.Sources.IValueTaskSource<System.Int32>.GetResult(Int16 token)
   at System.Net.Security.SslStream.EnsureFullTlsFrameAsync[TIOAdapter](CancellationToken cancellationToken, Int32 estimatedSize)
   at System.Runtime.CompilerServices.PoolingAsyncValueTaskMethodBuilder`1.StateMachineBox`1.System.Threading.Tasks.Sources.IValueTaskSource<TResult>.GetResult(Int16 token)
   at System.Net.Security.SslStream.ReadAsyncInternal[TIOAdapter](Memory`1 buffer, CancellationToken cancellationToken)
   at System.Runtime.CompilerServices.PoolingAsyncValueTaskMethodBuilder`1.StateMachineBox`1.System.Threading.Tasks.Sources.IValueTaskSource<TResult>.GetResult(Int16 token)
   at System.Net.Http.HttpConnection.SendAsync(HttpRequestMessage request, Boolean async, CancellationToken cancellationToken)
   --- End of inner exception stack trace ---
   at System.Net.Http.HttpConnection.SendAsync(HttpRequestMessage request, Boolean async, CancellationToken cancellationToken)
   at System.Net.Http.AuthenticationHelper.SendWithNtAuthAsync(HttpRequestMessage request, Uri authUri, Boolean async, ICredentials credentials, Boolean isProxyAuth, HttpConnection connection, HttpConnectionPool connectionPool, CancellationToken cancellationToken)
   at System.Net.Http.HttpConnectionPool.SendWithVersionDetectionAndRetryAsync(HttpRequestMessage request, Boolean async, Boolean doRequestAuth, CancellationToken cancellationToken)
   at System.Net.Http.AuthenticationHelper.SendWithAuthAsync(HttpRequestMessage request, Uri authUri, Boolean async, ICredentials credentials, Boolean preAuthenticate, Boolean isProxyAuth, Boolean doRequestAuth, HttpConnectionPool pool, CancellationToken cancellationToken)
   at System.Net.Http.RedirectHandler.SendAsync(HttpRequestMessage request, Boolean async, CancellationToken cancellationToken)
   at GitHub.Services.Common.RawHttpMessageHandler.SendAsync(HttpRequestMessage request, CancellationToken cancellationToken)
   at GitHub.Services.Common.VssHttpRetryMessageHandler.SendAsync(HttpRequestMessage request, CancellationToken cancellationToken)
   at System.Net.Http.HttpClient.<SendAsync>g__Core|83_0(HttpRequestMessage request, HttpCompletionOption completionOption, CancellationTokenSource cts, Boolean disposeCts, CancellationTokenSource pendingRequestsCts, CancellationToken originalCancellationToken)
   --- End of inner exception stack trace ---
   at System.Net.Http.HttpClient.HandleFailure(Exception e, Boolean telemetryStarted, HttpResponseMessage response, CancellationTokenSource cts, CancellationToken cancellationToken, CancellationTokenSource pendingRequestsCts)
   at System.Net.Http.HttpClient.<SendAsync>g__Core|83_0(HttpRequestMessage request, HttpCompletionOption completionOption, CancellationTokenSource cts, Boolean disposeCts, CancellationTokenSource pendingRequestsCts, CancellationToken originalCancellationToken)
   at Sdk.WebApi.WebApi.RawHttpClientBase.SendAsync(HttpRequestMessage message, HttpCompletionOption completionOption, Object userState, CancellationToken cancellationToken)
   at Sdk.WebApi.WebApi.RawHttpClientBase.SendAsync[T](HttpRequestMessage message, Boolean readErrorBody, Object userState, CancellationToken cancellationToken)
   at Sdk.WebApi.WebApi.RawHttpClientBase.SendAsync[T](HttpMethod method, IEnumerable`1 additionalHeaders, Uri requestUri, HttpContent content, IEnumerable`1 queryParameters, Boolean readErrorBody, Object userState, CancellationToken cancellationToken)
   at GitHub.Actions.RunService.WebApi.BrokerHttpClient.GetRunnerMessageAsync(Nullable`1 sessionId, String runnerVersion, Nullable`1 status, String os, String architecture, Nullable`1 disableUpdate, CancellationToken cancellationToken)
   at GitHub.Runner.Common.BrokerServer.<>c__DisplayClass7_0.<<GetRunnerMessageAsync>b__0>d.MoveNext()
--- End of stack trace from previous location ---
   at GitHub.Runner.Common.RunnerService.RetryRequest[T](Func`1 func, CancellationToken cancellationToken, Int32 maxRetryAttemptsCount, Func`2 shouldRetry)
[2025-06-26 04:38:52Z ERR  BrokerServer] #####################################################
[2025-06-26 04:38:52Z ERR  BrokerServer] System.Threading.Tasks.TaskCanceledException: The operation was canceled.
 ---> System.IO.IOException: Unable to read data from the transport connection: The I/O operation has been aborted because of either a thread exit or an application request..
 ---> System.Net.Sockets.SocketException (995): The I/O operation has been aborted because of either a thread exit or an application request.
   --- End of inner exception stack trace ---
   at System.Net.Sockets.Socket.AwaitableSocketAsyncEventArgs.System.Threading.Tasks.Sources.IValueTaskSource<System.Int32>.GetResult(Int16 token)
   at System.Net.Security.SslStream.EnsureFullTlsFrameAsync[TIOAdapter](CancellationToken cancellationToken, Int32 estimatedSize)
   at System.Runtime.CompilerServices.PoolingAsyncValueTaskMethodBuilder`1.StateMachineBox`1.System.Threading.Tasks.Sources.IValueTaskSource<TResult>.GetResult(Int16 token)
   at System.Net.Security.SslStream.ReadAsyncInternal[TIOAdapter](Memory`1 buffer, CancellationToken cancellationToken)
   at System.Runtime.CompilerServices.PoolingAsyncValueTaskMethodBuilder`1.StateMachineBox`1.System.Threading.Tasks.Sources.IValueTaskSource<TResult>.GetResult(Int16 token)
   at System.Net.Http.HttpConnection.SendAsync(HttpRequestMessage request, Boolean async, CancellationToken cancellationToken)
   --- End of inner exception stack trace ---
   at System.Net.Http.HttpConnection.SendAsync(HttpRequestMessage request, Boolean async, CancellationToken cancellationToken)
   at System.Net.Http.AuthenticationHelper.SendWithNtAuthAsync(HttpRequestMessage request, Uri authUri, Boolean async, ICredentials credentials, Boolean isProxyAuth, HttpConnection connection, HttpConnectionPool connectionPool, CancellationToken cancellationToken)
   at System.Net.Http.HttpConnectionPool.SendWithVersionDetectionAndRetryAsync(HttpRequestMessage request, Boolean async, Boolean doRequestAuth, CancellationToken cancellationToken)
   at System.Net.Http.AuthenticationHelper.SendWithAuthAsync(HttpRequestMessage request, Uri authUri, Boolean async, ICredentials credentials, Boolean preAuthenticate, Boolean isProxyAuth, Boolean doRequestAuth, HttpConnectionPool pool, CancellationToken cancellationToken)
   at System.Net.Http.RedirectHandler.SendAsync(HttpRequestMessage request, Boolean async, CancellationToken cancellationToken)
   at GitHub.Services.Common.RawHttpMessageHandler.SendAsync(HttpRequestMessage request, CancellationToken cancellationToken)
   at GitHub.Services.Common.VssHttpRetryMessageHandler.SendAsync(HttpRequestMessage request, CancellationToken cancellationToken)
   at System.Net.Http.HttpClient.<SendAsync>g__Core|83_0(HttpRequestMessage request, HttpCompletionOption completionOption, CancellationTokenSource cts, Boolean disposeCts, CancellationTokenSource pendingRequestsCts, CancellationToken originalCancellationToken)
[2025-06-26 04:38:52Z ERR  BrokerServer] #####################################################
[2025-06-26 04:38:52Z ERR  BrokerServer] System.IO.IOException: Unable to read data from the transport connection: The I/O operation has been aborted because of either a thread exit or an application request..
 ---> System.Net.Sockets.SocketException (995): The I/O operation has been aborted because of either a thread exit or an application request.
   --- End of inner exception stack trace ---
   at System.Net.Sockets.Socket.AwaitableSocketAsyncEventArgs.System.Threading.Tasks.Sources.IValueTaskSource<System.Int32>.GetResult(Int16 token)
   at System.Net.Security.SslStream.EnsureFullTlsFrameAsync[TIOAdapter](CancellationToken cancellationToken, Int32 estimatedSize)
   at System.Runtime.CompilerServices.PoolingAsyncValueTaskMethodBuilder`1.StateMachineBox`1.System.Threading.Tasks.Sources.IValueTaskSource<TResult>.GetResult(Int16 token)
   at System.Net.Security.SslStream.ReadAsyncInternal[TIOAdapter](Memory`1 buffer, CancellationToken cancellationToken)
   at System.Runtime.CompilerServices.PoolingAsyncValueTaskMethodBuilder`1.StateMachineBox`1.System.Threading.Tasks.Sources.IValueTaskSource<TResult>.GetResult(Int16 token)
   at System.Net.Http.HttpConnection.SendAsync(HttpRequestMessage request, Boolean async, CancellationToken cancellationToken)
[2025-06-26 04:38:52Z ERR  BrokerServer] #####################################################
[2025-06-26 04:38:52Z ERR  BrokerServer] System.Net.Sockets.SocketException (995): The I/O operation has been aborted because of either a thread exit or an application request.
[2025-06-26 04:38:52Z WARN BrokerServer] Back off 9.692 seconds before next retry. 4 attempt left.
[2025-06-26 04:38:52Z INFO BrokerMessageListener] Get next message has been cancelled.
[2025-06-26 04:38:52Z INFO JobDispatcher] Shutting down JobDispatcher. Make sure all WorkerDispatcher has finished.
[2025-06-26 04:38:52Z INFO JobDispatcher] Ensure WorkerDispatcher for job d1630542-7a20-5704-a4f3-3051785a484a run to finish, cancel any running job.
[2025-06-26 04:38:52Z INFO JobDispatcher] Job request d1630542-7a20-5704-a4f3-3051785a484a processed succeed.
[2025-06-26 04:38:52Z INFO Runner] Deleting Runner Session...
[2025-06-26 04:38:53Z INFO Listener] Runner execution been cancelled.
