[2025-06-23 09:55:07Z INFO HostContext] No proxy settings were found based on environmental variables (http_proxy/https_proxy/HTTP_PROXY/HTTPS_PROXY)
[2025-06-23 09:55:07Z INFO HostContext] Well known directory 'Bin': 'E:\học tập\01.AnNDB\Docker\fullstack-docker-app\actions-runner\bin'
[2025-06-23 09:55:07Z INFO HostContext] Well known directory 'Root': 'E:\học tập\01.AnNDB\Docker\fullstack-docker-app\actions-runner'
[2025-06-23 09:55:07Z INFO HostContext] Well known config file 'Credentials': 'E:\học tập\01.AnNDB\Docker\fullstack-docker-app\actions-runner\.credentials'
[2025-06-23 09:55:07Z INFO HostContext] Well known directory 'Bin': 'E:\học tập\01.AnNDB\Docker\fullstack-docker-app\actions-runner\bin'
[2025-06-23 09:55:07Z INFO HostContext] Well known directory 'Root': 'E:\học tập\01.AnNDB\Docker\fullstack-docker-app\actions-runner'
[2025-06-23 09:55:07Z INFO HostContext] Well known config file 'Runner': 'E:\học tập\01.AnNDB\Docker\fullstack-docker-app\actions-runner\.runner'
[2025-06-23 09:55:07Z INFO Worker] Version: 2.325.0
[2025-06-23 09:55:07Z INFO Worker] Commit: 71ed7cd46223bd5d61633445946813012b502d54
[2025-06-23 09:55:07Z INFO Worker] Culture: en-US
[2025-06-23 09:55:07Z INFO Worker] UI Culture: en-US
[2025-06-23 09:55:07Z INFO Worker] Waiting to receive the job message from the channel.
[2025-06-23 09:55:07Z INFO ProcessChannel] Receiving message of length 18311, with hash 'f0a46b05e719b9e2b02e2f60374bab949e8ab6a8c1818939f102fd0455257db4'
[2025-06-23 09:55:07Z INFO Worker] Message received.
[2025-06-23 09:55:07Z INFO Worker] Job message:
 {
  "fileTable": [
    ".github/workflows/main.yml"
  ],
  "mask": [
    {
      "type": "regex",
      "value": "***"
    },
    {
      "type": "regex",
      "value": "***"
    },
    {
      "type": "regex",
      "value": "***"
    },
    {
      "type": "regex",
      "value": "***"
    },
    {
      "type": "regex",
      "value": "***"
    },
    {
      "type": "regex",
      "value": "***"
    },
    {
      "type": "regex",
      "value": "***"
    },
    {
      "type": "regex",
      "value": "***"
    },
    {
      "type": "regex",
      "value": "***"
    },
    {
      "type": "regex",
      "value": "***"
    },
    {
      "type": "regex",
      "value": "***"
    },
    {
      "type": "regex",
      "value": "***"
    },
    {
      "type": "regex",
      "value": "***"
    },
    {
      "type": "regex",
      "value": "***"
    },
    {
      "type": "regex",
      "value": "***"
    },
    {
      "type": "regex",
      "value": "***"
    },
    {
      "type": "regex",
      "value": "***"
    },
    {
      "type": "regex",
      "value": "***"
    }
  ],
  "steps": [
    {
      "type": "action",
      "reference": {
        "type": "script"
      },
      "contextName": "__run",
      "inputs": {
        "type": 2,
        "map": [
          {
            "key": "script",
            "value": {
              "type": 0,
              "file": 1,
              "line": 11,
              "col": 14,
              "lit": "echo \"GitHub Actions is working\""
            }
          }
        ]
      },
      "condition": "success()",
      "id": "10b09bab-5592-487e-9abb-86a0885b3a68",
      "name": "__run"
    }
  ],
  "variables": {
    "Actions.EnableHttpRedirects": {
      "value": "true"
    },
    "DistributedTask.AddWarningToNode12Action": {
      "value": "true"
    },
    "DistributedTask.AddWarningToNode16Action": {
      "value": "true"
    },
    "DistributedTask.AllowRunnerContainerHooks": {
      "value": "true"
    },
    "DistributedTask.DeprecateStepOutputCommands": {
      "value": "true"
    },
    "DistributedTask.DetailUntarFailure": {
      "value": "true"
    },
    "DistributedTask.EnableCompositeActions": {
      "value": "true"
    },
    "DistributedTask.EnableJobServerQueueTelemetry": {
      "value": "true"
    },
    "DistributedTask.EnhancedAnnotations": {
      "value": "true"
    },
    "DistributedTask.ForceGithubJavascriptActionsToNode16": {
      "value": "true"
    },
    "DistributedTask.ForceGithubJavascriptActionsToNode20": {
      "value": "true"
    },
    "DistributedTask.LogTemplateErrorsAsDebugMessages": {
      "value": "true"
    },
    "DistributedTask.MarkJobAsFailedOnWorkerCrash": {
      "value": "true"
    },
    "DistributedTask.NewActionMetadata": {
      "value": "true"
    },
    "DistributedTask.UploadStepSummary": {
      "value": "true"
    },
    "DistributedTask.UseActionArchiveCache": {
      "value": "true"
    },
    "DistributedTask.UseWhich2": {
      "value": "true"
    },
    "RunService.FixEmbeddedIssues": {
      "value": "true"
    },
    "actions_add_check_run_id_to_job_context": {
      "value": "false"
    },
    "actions_display_helpful_actions_download_errors": {
      "value": "true"
    },
    "actions_skip_retry_complete_job_upon_known_errors": {
      "value": "true"
    },
    "actions_uses_cache_service_v2": {
      "value": "true"
    },
    "github_token": {
      "value": "***",
      "isSecret": true
    },
    "system.from_run_service": {
      "value": "true"
    },
    "system.github.job": {
      "value": "test"
    },
    "system.github.launch_endpoint": {
      "value": "https://launch.actions.githubusercontent.com"
    },
    "system.github.results_endpoint": {
      "value": "https://results-receiver.actions.githubusercontent.com/"
    },
    "system.github.results_upload_with_sdk": {
      "value": "true"
    },
    "system.github.token": {
      "value": "***",
      "isSecret": true
    },
    "system.github.token.permissions": {
      "value": "{\"Contents\":\"read\",\"Metadata\":\"read\",\"Packages\":\"read\"}"
    },
    "system.orchestrationId": {
      "value": "091aa1c8-7012-47d6-9e38-300dc5e09c13.test.__default"
    },
    "system.phaseDisplayName": {
      "value": "test"
    },
    "system.runner.lowdiskspacethreshold": {
      "value": "100"
    },
    "system.runnerEnvironment": {
      "value": "self-hosted"
    }
  },
  "messageType": "RunnerJobRequest",
  "plan": {
    "scopeIdentifier": "00000000-0000-0000-0000-000000000000",
    "planType": "actions",
    "version": 0,
    "planId": "091aa1c8-7012-47d6-9e38-300dc5e09c13",
    "planGroup": null,
    "artifactUri": null,
    "artifactLocation": null,
    "definition": null,
    "owner": null
  },
  "timeline": {
    "id": "091aa1c8-7012-47d6-9e38-300dc5e09c13",
    "changeId": 0,
    "location": null
  },
  "jobId": "7d4a70a5-599f-536f-b0c4-526baabb02cb",
  "jobDisplayName": "test",
  "jobName": "__default",
  "requestId": 0,
  "lockedUntil": "0001-01-01T00:00:00",
  "resources": {
    "endpoints": [
      {
        "data": {
          "ServerId": "",
          "ServerName": "",
          "CacheServerUrl": "https://artifactcache.actions.githubusercontent.com/A6Y7R78ZVKCHxkndIiZtdg1wY82cXOe3yYPHOqPAmW9jp5hA94/",
          "FeedStreamUrl": "wss://results-receiver.actions.githubusercontent.com/_ws/ingest.sock",
          "ResultsServiceUrl": "https://results-receiver.actions.githubusercontent.com/",
          "PipelinesServiceUrl": "https://pipelinesghubeus13.actions.githubusercontent.com/A6Y7R78ZVKCHxkndIiZtdg1wY82cXOe3yYPHOqPAmW9jp5hA94/",
          "GenerateIdTokenUrl": ""
        },
        "name": "SystemVssConnection",
        "url": "https://run-actions-2-azure-eastus.actions.githubusercontent.com/61/",
        "authorization": {
          "parameters": {
            "AccessToken": "***"
          },
          "scheme": "OAuth"
        },
        "isShared": false,
        "isReady": true
      }
    ]
  },
  "contextData": {
    "github": {
      "t": 2,
      "d": [
        {
          "k": "ref",
          "v": "refs/heads/main"
        },
        {
          "k": "sha",
          "v": "c591b40c6235aa318a23666872f1a50a36be70fd"
        },
        {
          "k": "repository",
          "v": "adusimp/fullstack-docker-app"
        },
        {
          "k": "repository_owner",
          "v": "adusimp"
        },
        {
          "k": "repository_owner_id",
          "v": "144188896"
        },
        {
          "k": "repositoryUrl",
          "v": "git://github.com/adusimp/fullstack-docker-app.git"
        },
        {
          "k": "run_id",
          "v": "15821092952"
        },
        {
          "k": "run_number",
          "v": "1"
        },
        {
          "k": "retention_days",
          "v": "90"
        },
        {
          "k": "run_attempt",
          "v": "1"
        },
        {
          "k": "artifact_cache_size_limit",
          "v": "10"
        },
        {
          "k": "repository_visibility",
          "v": "public"
        },
        {
          "k": "actor_id",
          "v": "144188896"
        },
        {
          "k": "actor",
          "v": "adusimp"
        },
        {
          "k": "workflow",
          "v": "Test Action"
        },
        {
          "k": "head_ref",
          "v": ""
        },
        {
          "k": "base_ref",
          "v": ""
        },
        {
          "k": "event_name",
          "v": "push"
        },
        {
          "k": "server_url",
          "v": "https://github.com"
        },
        {
          "k": "api_url",
          "v": "https://api.github.com"
        },
        {
          "k": "graphql_url",
          "v": "https://api.github.com/graphql"
        },
        {
          "k": "ref_name",
          "v": "main"
        },
        {
          "k": "ref_protected",
          "v": false
        },
        {
          "k": "ref_type",
          "v": "branch"
        },
        {
          "k": "secret_source",
          "v": "Actions"
        },
        {
          "k": "event",
          "v": {
            "t": 2,
            "d": [
              {
                "k": "after",
                "v": "c591b40c6235aa318a23666872f1a50a36be70fd"
              },
              {
                "k": "base_ref",
                "v": null
              },
              {
                "k": "before",
                "v": "50ec54d2b5c2a4bf1eb30b7218b31bb029c264c9"
              },
              {
                "k": "commits",
                "v": {
                  "t": 1,
                  "a": [
                    {
                      "t": 2,
                      "d": [
                        {
                          "k": "author",
                          "v": {
                            "t": 2,
                            "d": [
                              {
                                "k": "email",
                                "v": "144188896+adusimp@users.noreply.github.com"
                              },
                              {
                                "k": "name",
                                "v": "binhan"
                              },
                              {
                                "k": "username",
                                "v": "adusimp"
                              }
                            ]
                          }
                        },
                        {
                          "k": "committer",
                          "v": {
                            "t": 2,
                            "d": [
                              {
                                "k": "email",
                                "v": "noreply@github.com"
                              },
                              {
                                "k": "name",
                                "v": "GitHub"
                              },
                              {
                                "k": "username",
                                "v": "web-flow"
                              }
                            ]
                          }
                        },
                        {
                          "k": "distinct",
                          "v": true
                        },
                        {
                          "k": "id",
                          "v": "c591b40c6235aa318a23666872f1a50a36be70fd"
                        },
                        {
                          "k": "message",
                          "v": "Create ci-cd.yml"
                        },
                        {
                          "k": "timestamp",
                          "v": "2025-06-23T16:55:00+07:00"
                        },
                        {
                          "k": "tree_id",
                          "v": "9369bec778bd7f521f5e88a640145e94daf47d3c"
                        },
                        {
                          "k": "url",
                          "v": "https://github.com/adusimp/fullstack-docker-app/commit/c591b40c6235aa318a23666872f1a50a36be70fd"
                        }
                      ]
                    }
                  ]
                }
              },
              {
                "k": "compare",
                "v": "https://github.com/adusimp/fullstack-docker-app/compare/50ec54d2b5c2...c591b40c6235"
              },
              {
                "k": "created",
                "v": false
              },
              {
                "k": "deleted",
                "v": false
              },
              {
                "k": "forced",
                "v": false
              },
              {
                "k": "head_commit",
                "v": {
                  "t": 2,
                  "d": [
                    {
                      "k": "author",
                      "v": {
                        "t": 2,
                        "d": [
                          {
                            "k": "email",
                            "v": "144188896+adusimp@users.noreply.github.com"
                          },
                          {
                            "k": "name",
                            "v": "binhan"
                          },
                          {
                            "k": "username",
                            "v": "adusimp"
                          }
                        ]
                      }
                    },
                    {
                      "k": "committer",
                      "v": {
                        "t": 2,
                        "d": [
                          {
                            "k": "email",
                            "v": "noreply@github.com"
                          },
                          {
                            "k": "name",
                            "v": "GitHub"
                          },
                          {
                            "k": "username",
                            "v": "web-flow"
                          }
                        ]
                      }
                    },
                    {
                      "k": "distinct",
                      "v": true
                    },
                    {
                      "k": "id",
                      "v": "c591b40c6235aa318a23666872f1a50a36be70fd"
                    },
                    {
                      "k": "message",
                      "v": "Create ci-cd.yml"
                    },
                    {
                      "k": "timestamp",
                      "v": "2025-06-23T16:55:00+07:00"
                    },
                    {
                      "k": "tree_id",
                      "v": "9369bec778bd7f521f5e88a640145e94daf47d3c"
                    },
                    {
                      "k": "url",
                      "v": "https://github.com/adusimp/fullstack-docker-app/commit/c591b40c6235aa318a23666872f1a50a36be70fd"
                    }
                  ]
                }
              },
              {
                "k": "pusher",
                "v": {
                  "t": 2,
                  "d": [
                    {
                      "k": "email",
                      "v": "144188896+adusimp@users.noreply.github.com"
                    },
                    {
                      "k": "name",
                      "v": "adusimp"
                    }
                  ]
                }
              },
              {
                "k": "ref",
                "v": "refs/heads/main"
              },
              {
                "k": "repository",
                "v": {
                  "t": 2,
                  "d": [
                    {
                      "k": "allow_forking",
                      "v": true
                    },
                    {
                      "k": "archive_url",
                      "v": "https://api.github.com/repos/adusimp/fullstack-docker-app/{archive_format}{/ref}"
                    },
                    {
                      "k": "archived",
                      "v": false
                    },
                    {
                      "k": "assignees_url",
                      "v": "https://api.github.com/repos/adusimp/fullstack-docker-app/assignees{/user}"
                    },
                    {
                      "k": "blobs_url",
                      "v": "https://api.github.com/repos/adusimp/fullstack-docker-app/git/blobs{/sha}"
                    },
                    {
                      "k": "branches_url",
                      "v": "https://api.github.com/repos/adusimp/fullstack-docker-app/branches{/branch}"
                    },
                    {
                      "k": "clone_url",
                      "v": "https://github.com/adusimp/fullstack-docker-app.git"
                    },
                    {
                      "k": "collaborators_url",
                      "v": "https://api.github.com/repos/adusimp/fullstack-docker-app/collaborators{/collaborator}"
                    },
                    {
                      "k": "comments_url",
                      "v": "https://api.github.com/repos/adusimp/fullstack-docker-app/comments{/number}"
                    },
                    {
                      "k": "commits_url",
                      "v": "https://api.github.com/repos/adusimp/fullstack-docker-app/commits{/sha}"
                    },
                    {
                      "k": "compare_url",
                      "v": "https://api.github.com/repos/adusimp/fullstack-docker-app/compare/{base}...{head}"
                    },
                    {
                      "k": "contents_url",
                      "v": "https://api.github.com/repos/adusimp/fullstack-docker-app/contents/{+path}"
                    },
                    {
                      "k": "contributors_url",
                      "v": "https://api.github.com/repos/adusimp/fullstack-docker-app/contributors"
                    },
                    {
                      "k": "created_at",
                      "v": 1750669694.0
                    },
                    {
                      "k": "default_branch",
                      "v": "main"
                    },
                    {
                      "k": "deployments_url",
                      "v": "https://api.github.com/repos/adusimp/fullstack-docker-app/deployments"
                    },
                    {
                      "k": "description",
                      "v": null
                    },
                    {
                      "k": "disabled",
                      "v": false
                    },
                    {
                      "k": "downloads_url",
                      "v": "https://api.github.com/repos/adusimp/fullstack-docker-app/downloads"
                    },
                    {
                      "k": "events_url",
                      "v": "https://api.github.com/repos/adusimp/fullstack-docker-app/events"
                    },
                    {
                      "k": "fork",
                      "v": false
                    },
                    {
                      "k": "forks",
                      "v": 0.0
                    },
                    {
                      "k": "forks_count",
                      "v": 0.0
                    },
                    {
                      "k": "forks_url",
                      "v": "https://api.github.com/repos/adusimp/fullstack-docker-app/forks"
                    },
                    {
                      "k": "full_name",
                      "v": "adusimp/fullstack-docker-app"
                    },
                    {
                      "k": "git_commits_url",
                      "v": "https://api.github.com/repos/adusimp/fullstack-docker-app/git/commits{/sha}"
                    },
                    {
                      "k": "git_refs_url",
                      "v": "https://api.github.com/repos/adusimp/fullstack-docker-app/git/refs{/sha}"
                    },
                    {
                      "k": "git_tags_url",
                      "v": "https://api.github.com/repos/adusimp/fullstack-docker-app/git/tags{/sha}"
                    },
                    {
                      "k": "git_url",
                      "v": "git://github.com/adusimp/fullstack-docker-app.git"
                    },
                    {
                      "k": "has_discussions",
                      "v": false
                    },
                    {
                      "k": "has_downloads",
                      "v": true
                    },
                    {
                      "k": "has_issues",
                      "v": true
                    },
                    {
                      "k": "has_pages",
                      "v": false
                    },
                    {
                      "k": "has_projects",
                      "v": true
                    },
                    {
                      "k": "has_wiki",
                      "v": true
                    },
                    {
                      "k": "homepage",
                      "v": null
                    },
                    {
                      "k": "hooks_url",
                      "v": "https://api.github.com/repos/adusimp/fullstack-docker-app/hooks"
                    },
                    {
                      "k": "html_url",
                      "v": "https://github.com/adusimp/fullstack-docker-app"
                    },
                    {
                      "k": "id",
                      "v": 1006968188.0
                    },
                    {
                      "k": "is_template",
                      "v": false
                    },
                    {
                      "k": "issue_comment_url",
                      "v": "https://api.github.com/repos/adusimp/fullstack-docker-app/issues/comments{/number}"
                    },
                    {
                      "k": "issue_events_url",
                      "v": "https://api.github.com/repos/adusimp/fullstack-docker-app/issues/events{/number}"
                    },
                    {
                      "k": "issues_url",
                      "v": "https://api.github.com/repos/adusimp/fullstack-docker-app/issues{/number}"
                    },
                    {
                      "k": "keys_url",
                      "v": "https://api.github.com/repos/adusimp/fullstack-docker-app/keys{/key_id}"
                    },
                    {
                      "k": "labels_url",
                      "v": "https://api.github.com/repos/adusimp/fullstack-docker-app/labels{/name}"
                    },
                    {
                      "k": "language",
                      "v": "JavaScript"
                    },
                    {
                      "k": "languages_url",
                      "v": "https://api.github.com/repos/adusimp/fullstack-docker-app/languages"
                    },
                    {
                      "k": "license",
                      "v": null
                    },
                    {
                      "k": "master_branch",
                      "v": "main"
                    },
                    {
                      "k": "merges_url",
                      "v": "https://api.github.com/repos/adusimp/fullstack-docker-app/merges"
                    },
                    {
                      "k": "milestones_url",
                      "v": "https://api.github.com/repos/adusimp/fullstack-docker-app/milestones{/number}"
                    },
                    {
                      "k": "mirror_url",
                      "v": null
                    },
                    {
                      "k": "name",
                      "v": "fullstack-docker-app"
                    },
                    {
                      "k": "node_id",
                      "v": "R_kgDOPAUdfA"
                    },
                    {
                      "k": "notifications_url",
                      "v": "https://api.github.com/repos/adusimp/fullstack-docker-app/notifications{?since,all,participating}"
                    },
                    {
                      "k": "open_issues",
                      "v": 0.0
                    },
                    {
                      "k": "open_issues_count",
                      "v": 0.0
                    },
                    {
                      "k": "owner",
                      "v": {
                        "t": 2,
                        "d": [
                          {
                            "k": "avatar_url",
                            "v": "https://avatars.githubusercontent.com/u/144188896?v=4"
                          },
                          {
                            "k": "email",
                            "v": "144188896+adusimp@users.noreply.github.com"
                          },
                          {
                            "k": "events_url",
                            "v": "https://api.github.com/users/adusimp/events{/privacy}"
                          },
                          {
                            "k": "followers_url",
                            "v": "https://api.github.com/users/adusimp/followers"
                          },
                          {
                            "k": "following_url",
                            "v": "https://api.github.com/users/adusimp/following{/other_user}"
                          },
                          {
                            "k": "gists_url",
                            "v": "https://api.github.com/users/adusimp/gists{/gist_id}"
                          },
                          {
                            "k": "gravatar_id",
                            "v": ""
                          },
                          {
                            "k": "html_url",
                            "v": "https://github.com/adusimp"
                          },
                          {
                            "k": "id",
                            "v": 144188896.0
                          },
                          {
                            "k": "login",
                            "v": "adusimp"
                          },
                          {
                            "k": "name",
                            "v": "adusimp"
                          },
                          {
                            "k": "node_id",
                            "v": "U_kgDOCJgl4A"
                          },
                          {
                            "k": "organizations_url",
                            "v": "https://api.github.com/users/adusimp/orgs"
                          },
                          {
                            "k": "received_events_url",
                            "v": "https://api.github.com/users/adusimp/received_events"
                          },
                          {
                            "k": "repos_url",
                            "v": "https://api.github.com/users/adusimp/repos"
                          },
                          {
                            "k": "site_admin",
                            "v": false
                          },
                          {
                            "k": "starred_url",
                            "v": "https://api.github.com/users/adusimp/starred{/owner}{/repo}"
                          },
                          {
                            "k": "subscriptions_url",
                            "v": "https://api.github.com/users/adusimp/subscriptions"
                          },
                          {
                            "k": "type",
                            "v": "User"
                          },
                          {
                            "k": "url",
                            "v": "https://api.github.com/users/adusimp"
                          },
                          {
                            "k": "user_view_type",
                            "v": "public"
                          }
                        ]
                      }
                    },
                    {
                      "k": "private",
                      "v": false
                    },
                    {
                      "k": "pulls_url",
                      "v": "https://api.github.com/repos/adusimp/fullstack-docker-app/pulls{/number}"
                    },
                    {
                      "k": "pushed_at",
                      "v": 1750672501.0
                    },
                    {
                      "k": "releases_url",
                      "v": "https://api.github.com/repos/adusimp/fullstack-docker-app/releases{/id}"
                    },
                    {
                      "k": "size",
                      "v": 0.0
                    },
                    {
                      "k": "ssh_url",
                      "v": "git@github.com:adusimp/fullstack-docker-app.git"
                    },
                    {
                      "k": "stargazers",
                      "v": 0.0
                    },
                    {
                      "k": "stargazers_count",
                      "v": 0.0
                    },
                    {
                      "k": "stargazers_url",
                      "v": "https://api.github.com/repos/adusimp/fullstack-docker-app/stargazers"
                    },
                    {
                      "k": "statuses_url",
                      "v": "https://api.github.com/repos/adusimp/fullstack-docker-app/statuses/{sha}"
                    },
                    {
                      "k": "subscribers_url",
                      "v": "https://api.github.com/repos/adusimp/fullstack-docker-app/subscribers"
                    },
                    {
                      "k": "subscription_url",
                      "v": "https://api.github.com/repos/adusimp/fullstack-docker-app/subscription"
                    },
                    {
                      "k": "svn_url",
                      "v": "https://github.com/adusimp/fullstack-docker-app"
                    },
                    {
                      "k": "tags_url",
                      "v": "https://api.github.com/repos/adusimp/fullstack-docker-app/tags"
                    },
                    {
                      "k": "teams_url",
                      "v": "https://api.github.com/repos/adusimp/fullstack-docker-app/teams"
                    },
                    {
                      "k": "topics",
                      "v": {
                        "t": 1
                      }
                    },
                    {
                      "k": "trees_url",
                      "v": "https://api.github.com/repos/adusimp/fullstack-docker-app/git/trees{/sha}"
                    },
                    {
                      "k": "updated_at",
                      "v": "2025-06-23T09:53:36Z"
                    },
                    {
                      "k": "url",
                      "v": "https://api.github.com/repos/adusimp/fullstack-docker-app"
                    },
                    {
                      "k": "visibility",
                      "v": "public"
                    },
                    {
                      "k": "watchers",
                      "v": 0.0
                    },
                    {
                      "k": "watchers_count",
                      "v": 0.0
                    },
                    {
                      "k": "web_commit_signoff_required",
                      "v": false
                    }
                  ]
                }
              },
              {
                "k": "sender",
                "v": {
                  "t": 2,
                  "d": [
                    {
                      "k": "avatar_url",
                      "v": "https://avatars.githubusercontent.com/u/144188896?v=4"
                    },
                    {
                      "k": "events_url",
                      "v": "https://api.github.com/users/adusimp/events{/privacy}"
                    },
                    {
                      "k": "followers_url",
                      "v": "https://api.github.com/users/adusimp/followers"
                    },
                    {
                      "k": "following_url",
                      "v": "https://api.github.com/users/adusimp/following{/other_user}"
                    },
                    {
                      "k": "gists_url",
                      "v": "https://api.github.com/users/adusimp/gists{/gist_id}"
                    },
                    {
                      "k": "gravatar_id",
                      "v": ""
                    },
                    {
                      "k": "html_url",
                      "v": "https://github.com/adusimp"
                    },
                    {
                      "k": "id",
                      "v": 144188896.0
                    },
                    {
                      "k": "login",
                      "v": "adusimp"
                    },
                    {
                      "k": "node_id",
                      "v": "U_kgDOCJgl4A"
                    },
                    {
                      "k": "organizations_url",
                      "v": "https://api.github.com/users/adusimp/orgs"
                    },
                    {
                      "k": "received_events_url",
                      "v": "https://api.github.com/users/adusimp/received_events"
                    },
                    {
                      "k": "repos_url",
                      "v": "https://api.github.com/users/adusimp/repos"
                    },
                    {
                      "k": "site_admin",
                      "v": false
                    },
                    {
                      "k": "starred_url",
                      "v": "https://api.github.com/users/adusimp/starred{/owner}{/repo}"
                    },
                    {
                      "k": "subscriptions_url",
                      "v": "https://api.github.com/users/adusimp/subscriptions"
                    },
                    {
                      "k": "type",
                      "v": "User"
                    },
                    {
                      "k": "url",
                      "v": "https://api.github.com/users/adusimp"
                    },
                    {
                      "k": "user_view_type",
                      "v": "public"
                    }
                  ]
                }
              }
            ]
          }
        },
        {
          "k": "workflow_ref",
          "v": "adusimp/fullstack-docker-app/.github/workflows/main.yml@refs/heads/main"
        },
        {
          "k": "workflow_sha",
          "v": "c591b40c6235aa318a23666872f1a50a36be70fd"
        },
        {
          "k": "repository_id",
          "v": "1006968188"
        },
        {
          "k": "triggering_actor",
          "v": "adusimp"
        }
      ]
    },
    "inputs": {
      "t": 2
    },
    "matrix": null,
    "needs": {
      "t": 2
    },
    "strategy": {
      "t": 2,
      "d": [
        {
          "k": "fail-fast",
          "v": true
        },
        {
          "k": "job-index",
          "v": 0.0
        },
        {
          "k": "job-total",
          "v": 1.0
        },
        {
          "k": "max-parallel",
          "v": 1.0
        }
      ]
    },
    "vars": {
      "t": 2
    }
  },
  "billingOwnerId": "U_kgDOCJgl4A"
}
[2025-06-23 09:55:07Z INFO JobRunner] Job ID 7d4a70a5-599f-536f-b0c4-526baabb02cb
[2025-06-23 09:55:07Z INFO ConfigurationStore] currentAssemblyLocation: E:\học tập\01.AnNDB\Docker\fullstack-docker-app\actions-runner\bin\Runner.Worker.dll
[2025-06-23 09:55:07Z INFO HostContext] Well known directory 'Bin': 'E:\học tập\01.AnNDB\Docker\fullstack-docker-app\actions-runner\bin'
[2025-06-23 09:55:07Z INFO ConfigurationStore] binPath: E:\học tập\01.AnNDB\Docker\fullstack-docker-app\actions-runner\bin
[2025-06-23 09:55:07Z INFO HostContext] Well known directory 'Bin': 'E:\học tập\01.AnNDB\Docker\fullstack-docker-app\actions-runner\bin'
[2025-06-23 09:55:07Z INFO HostContext] Well known directory 'Root': 'E:\học tập\01.AnNDB\Docker\fullstack-docker-app\actions-runner'
[2025-06-23 09:55:07Z INFO ConfigurationStore] RootFolder: E:\học tập\01.AnNDB\Docker\fullstack-docker-app\actions-runner
[2025-06-23 09:55:07Z INFO HostContext] Well known directory 'Bin': 'E:\học tập\01.AnNDB\Docker\fullstack-docker-app\actions-runner\bin'
[2025-06-23 09:55:07Z INFO HostContext] Well known directory 'Root': 'E:\học tập\01.AnNDB\Docker\fullstack-docker-app\actions-runner'
[2025-06-23 09:55:07Z INFO HostContext] Well known config file 'Runner': 'E:\học tập\01.AnNDB\Docker\fullstack-docker-app\actions-runner\.runner'
[2025-06-23 09:55:07Z INFO ConfigurationStore] ConfigFilePath: E:\học tập\01.AnNDB\Docker\fullstack-docker-app\actions-runner\.runner
[2025-06-23 09:55:07Z INFO HostContext] Well known directory 'Bin': 'E:\học tập\01.AnNDB\Docker\fullstack-docker-app\actions-runner\bin'
[2025-06-23 09:55:07Z INFO HostContext] Well known directory 'Root': 'E:\học tập\01.AnNDB\Docker\fullstack-docker-app\actions-runner'
[2025-06-23 09:55:07Z INFO HostContext] Well known config file 'MigratedRunner': 'E:\học tập\01.AnNDB\Docker\fullstack-docker-app\actions-runner\.runner_migrated'
[2025-06-23 09:55:07Z INFO ConfigurationStore] MigratedConfigFilePath: E:\học tập\01.AnNDB\Docker\fullstack-docker-app\actions-runner\.runner_migrated
[2025-06-23 09:55:07Z INFO HostContext] Well known directory 'Bin': 'E:\học tập\01.AnNDB\Docker\fullstack-docker-app\actions-runner\bin'
[2025-06-23 09:55:07Z INFO HostContext] Well known directory 'Root': 'E:\học tập\01.AnNDB\Docker\fullstack-docker-app\actions-runner'
[2025-06-23 09:55:07Z INFO HostContext] Well known config file 'Credentials': 'E:\học tập\01.AnNDB\Docker\fullstack-docker-app\actions-runner\.credentials'
[2025-06-23 09:55:07Z INFO ConfigurationStore] CredFilePath: E:\học tập\01.AnNDB\Docker\fullstack-docker-app\actions-runner\.credentials
[2025-06-23 09:55:07Z INFO HostContext] Well known directory 'Bin': 'E:\học tập\01.AnNDB\Docker\fullstack-docker-app\actions-runner\bin'
[2025-06-23 09:55:07Z INFO HostContext] Well known directory 'Root': 'E:\học tập\01.AnNDB\Docker\fullstack-docker-app\actions-runner'
[2025-06-23 09:55:07Z INFO HostContext] Well known config file 'MigratedCredentials': 'E:\học tập\01.AnNDB\Docker\fullstack-docker-app\actions-runner\.credentials_migrated'
[2025-06-23 09:55:07Z INFO ConfigurationStore] MigratedCredFilePath: E:\học tập\01.AnNDB\Docker\fullstack-docker-app\actions-runner\.credentials_migrated
[2025-06-23 09:55:07Z INFO HostContext] Well known directory 'Bin': 'E:\học tập\01.AnNDB\Docker\fullstack-docker-app\actions-runner\bin'
[2025-06-23 09:55:07Z INFO HostContext] Well known directory 'Root': 'E:\học tập\01.AnNDB\Docker\fullstack-docker-app\actions-runner'
[2025-06-23 09:55:07Z INFO HostContext] Well known config file 'Service': 'E:\học tập\01.AnNDB\Docker\fullstack-docker-app\actions-runner\.service'
[2025-06-23 09:55:07Z INFO ConfigurationStore] ServiceConfigFilePath: E:\học tập\01.AnNDB\Docker\fullstack-docker-app\actions-runner\.service
[2025-06-23 09:55:07Z INFO ConfigurationStore] Read setting file: 407 chars
[2025-06-23 09:55:07Z INFO JobRunner] Initializing launch client
[2025-06-23 09:55:07Z INFO JobServerQueue] Initializing results client
[2025-06-23 09:55:07Z INFO ResultServer] Creating websocket client ...wss://results-receiver.actions.githubusercontent.com/_ws/ingest.sock
[2025-06-23 09:55:07Z INFO ResultServer] Attempting to start websocket client with delay 00:00:00.
[2025-06-23 09:55:07Z INFO JobServerQueue] Start process web console line queue.
[2025-06-23 09:55:07Z INFO JobServerQueue] Start process file upload queue.
[2025-06-23 09:55:07Z INFO JobServerQueue] Start results file upload queue.
[2025-06-23 09:55:07Z INFO JobServerQueue] Starting results-based upload queue...
[2025-06-23 09:55:07Z INFO JobServerQueue] Start process timeline update queue.
[2025-06-23 09:55:07Z INFO ExecutionContext] Initializing Job context
[2025-06-23 09:55:07Z INFO ExecutionContext] Initialize GitHub context
[2025-06-23 09:55:07Z INFO ExecutionContext] Initialize Env context
[2025-06-23 09:55:07Z INFO HostContext] Well known directory 'Bin': 'E:\học tập\01.AnNDB\Docker\fullstack-docker-app\actions-runner\bin'
[2025-06-23 09:55:07Z INFO HostContext] Well known directory 'Root': 'E:\học tập\01.AnNDB\Docker\fullstack-docker-app\actions-runner'
[2025-06-23 09:55:07Z INFO HostContext] Well known directory 'Diag': 'E:\học tập\01.AnNDB\Docker\fullstack-docker-app\actions-runner\_diag'
[2025-06-23 09:55:07Z INFO HostContext] Well known directory 'Bin': 'E:\học tập\01.AnNDB\Docker\fullstack-docker-app\actions-runner\bin'
[2025-06-23 09:55:07Z INFO HostContext] Well known directory 'Root': 'E:\học tập\01.AnNDB\Docker\fullstack-docker-app\actions-runner'
[2025-06-23 09:55:07Z INFO HostContext] Well known directory 'Diag': 'E:\học tập\01.AnNDB\Docker\fullstack-docker-app\actions-runner\_diag'
[2025-06-23 09:55:07Z INFO JobRunner] Starting the job execution context.
[2025-06-23 09:55:07Z INFO HostContext] Well known directory 'Bin': 'E:\học tập\01.AnNDB\Docker\fullstack-docker-app\actions-runner\bin'
[2025-06-23 09:55:07Z INFO HostContext] Well known directory 'Root': 'E:\học tập\01.AnNDB\Docker\fullstack-docker-app\actions-runner'
[2025-06-23 09:55:07Z INFO HostContext] Well known directory 'Work': 'E:\học tập\01.AnNDB\Docker\fullstack-docker-app\actions-runner\_work'
[2025-06-23 09:55:07Z INFO JobRunner] Validating directory permissions for: 'E:\học tập\01.AnNDB\Docker\fullstack-docker-app\actions-runner\_work'
[2025-06-23 09:55:07Z INFO HostContext] Well known directory 'Bin': 'E:\học tập\01.AnNDB\Docker\fullstack-docker-app\actions-runner\bin'
[2025-06-23 09:55:07Z INFO HostContext] Well known directory 'Root': 'E:\học tập\01.AnNDB\Docker\fullstack-docker-app\actions-runner'
[2025-06-23 09:55:07Z INFO HostContext] Well known directory 'Work': 'E:\học tập\01.AnNDB\Docker\fullstack-docker-app\actions-runner\_work'
[2025-06-23 09:55:07Z INFO HostContext] Well known directory 'Tools': 'E:\học tập\01.AnNDB\Docker\fullstack-docker-app\actions-runner\_work\_tool'
[2025-06-23 09:55:07Z INFO HostContext] Well known directory 'Bin': 'E:\học tập\01.AnNDB\Docker\fullstack-docker-app\actions-runner\bin'
[2025-06-23 09:55:07Z INFO HostContext] Well known directory 'Root': 'E:\học tập\01.AnNDB\Docker\fullstack-docker-app\actions-runner'
[2025-06-23 09:55:07Z INFO HostContext] Well known directory 'Work': 'E:\học tập\01.AnNDB\Docker\fullstack-docker-app\actions-runner\_work'
[2025-06-23 09:55:07Z INFO HostContext] Well known directory 'Temp': 'E:\học tập\01.AnNDB\Docker\fullstack-docker-app\actions-runner\_work\_temp'
[2025-06-23 09:55:07Z INFO JobRunner] Getting job extension.
[2025-06-23 09:55:07Z INFO JobRunner] Initialize job. Getting all job steps.
[2025-06-23 09:55:07Z INFO HostContext] Well known directory 'Bin': 'E:\học tập\01.AnNDB\Docker\fullstack-docker-app\actions-runner\bin'
[2025-06-23 09:55:07Z INFO HostContext] Well known directory 'Root': 'E:\học tập\01.AnNDB\Docker\fullstack-docker-app\actions-runner'
[2025-06-23 09:55:07Z INFO HostContext] Well known directory 'Diag': 'E:\học tập\01.AnNDB\Docker\fullstack-docker-app\actions-runner\_diag'
[2025-06-23 09:55:07Z INFO HostContext] Well known directory 'Bin': 'E:\học tập\01.AnNDB\Docker\fullstack-docker-app\actions-runner\bin'
[2025-06-23 09:55:07Z INFO HostContext] Well known directory 'Root': 'E:\học tập\01.AnNDB\Docker\fullstack-docker-app\actions-runner'
[2025-06-23 09:55:07Z INFO HostContext] Well known directory 'Diag': 'E:\học tập\01.AnNDB\Docker\fullstack-docker-app\actions-runner\_diag'
[2025-06-23 09:55:07Z INFO HostContext] Well known directory 'Bin': 'E:\học tập\01.AnNDB\Docker\fullstack-docker-app\actions-runner\bin'
[2025-06-23 09:55:07Z INFO HostContext] Well known directory 'Root': 'E:\học tập\01.AnNDB\Docker\fullstack-docker-app\actions-runner'
[2025-06-23 09:55:07Z INFO HostContext] Well known config file 'Credentials': 'E:\học tập\01.AnNDB\Docker\fullstack-docker-app\actions-runner\.credentials'
[2025-06-23 09:55:07Z INFO HostContext] Well known directory 'Bin': 'E:\học tập\01.AnNDB\Docker\fullstack-docker-app\actions-runner\bin'
[2025-06-23 09:55:07Z INFO HostContext] Well known directory 'Root': 'E:\học tập\01.AnNDB\Docker\fullstack-docker-app\actions-runner'
[2025-06-23 09:55:07Z INFO HostContext] Well known config file 'SetupInfo': 'E:\học tập\01.AnNDB\Docker\fullstack-docker-app\actions-runner\.setup_info'
[2025-06-23 09:55:07Z INFO HostContext] Well known directory 'Bin': 'E:\học tập\01.AnNDB\Docker\fullstack-docker-app\actions-runner\bin'
[2025-06-23 09:55:07Z INFO HostContext] Well known directory 'Root': 'E:\học tập\01.AnNDB\Docker\fullstack-docker-app\actions-runner'
[2025-06-23 09:55:07Z INFO HostContext] Well known directory 'Work': 'E:\học tập\01.AnNDB\Docker\fullstack-docker-app\actions-runner\_work'
[2025-06-23 09:55:07Z INFO PipelineDirectoryManager] Loading tracking config if exists: E:\học tập\01.AnNDB\Docker\fullstack-docker-app\actions-runner\_work\_PipelineMapping\adusimp/fullstack-docker-app\PipelineFolder.json
[2025-06-23 09:55:07Z INFO PipelineDirectoryManager] Creating a new tracking config file.
[2025-06-23 09:55:07Z INFO HostContext] Well known directory 'Bin': 'E:\học tập\01.AnNDB\Docker\fullstack-docker-app\actions-runner\bin'
[2025-06-23 09:55:07Z INFO HostContext] Well known directory 'Root': 'E:\học tập\01.AnNDB\Docker\fullstack-docker-app\actions-runner'
[2025-06-23 09:55:07Z INFO HostContext] Well known directory 'Work': 'E:\học tập\01.AnNDB\Docker\fullstack-docker-app\actions-runner\_work'
[2025-06-23 09:55:07Z INFO PipelineDirectoryManager] Creating pipeline directory.
[2025-06-23 09:55:07Z INFO HostContext] Well known directory 'Bin': 'E:\học tập\01.AnNDB\Docker\fullstack-docker-app\actions-runner\bin'
[2025-06-23 09:55:07Z INFO HostContext] Well known directory 'Root': 'E:\học tập\01.AnNDB\Docker\fullstack-docker-app\actions-runner'
[2025-06-23 09:55:07Z INFO HostContext] Well known directory 'Work': 'E:\học tập\01.AnNDB\Docker\fullstack-docker-app\actions-runner\_work'
[2025-06-23 09:55:07Z INFO PipelineDirectoryManager] Creating workspace directory.
[2025-06-23 09:55:07Z INFO HostContext] Well known directory 'Bin': 'E:\học tập\01.AnNDB\Docker\fullstack-docker-app\actions-runner\bin'
[2025-06-23 09:55:07Z INFO HostContext] Well known directory 'Root': 'E:\học tập\01.AnNDB\Docker\fullstack-docker-app\actions-runner'
[2025-06-23 09:55:07Z INFO HostContext] Well known directory 'Work': 'E:\học tập\01.AnNDB\Docker\fullstack-docker-app\actions-runner\_work'
[2025-06-23 09:55:07Z INFO JobExtension] Downloading actions
[2025-06-23 09:55:07Z INFO HostContext] Well known directory 'Bin': 'E:\học tập\01.AnNDB\Docker\fullstack-docker-app\actions-runner\bin'
[2025-06-23 09:55:07Z INFO HostContext] Well known directory 'Root': 'E:\học tập\01.AnNDB\Docker\fullstack-docker-app\actions-runner'
[2025-06-23 09:55:07Z INFO HostContext] Well known directory 'Work': 'E:\học tập\01.AnNDB\Docker\fullstack-docker-app\actions-runner\_work'
[2025-06-23 09:55:07Z INFO HostContext] Well known directory 'Actions': 'E:\học tập\01.AnNDB\Docker\fullstack-docker-app\actions-runner\_work\_actions'
[2025-06-23 09:55:07Z INFO JobExtension] Adding .
[2025-06-23 09:55:07Z INFO HostContext] Well known directory 'Bin': 'E:\học tập\01.AnNDB\Docker\fullstack-docker-app\actions-runner\bin'
[2025-06-23 09:55:07Z INFO HostContext] Well known directory 'Root': 'E:\học tập\01.AnNDB\Docker\fullstack-docker-app\actions-runner'
[2025-06-23 09:55:07Z INFO HostContext] Well known directory 'Diag': 'E:\học tập\01.AnNDB\Docker\fullstack-docker-app\actions-runner\_diag'
[2025-06-23 09:55:07Z INFO HostContext] Well known directory 'Bin': 'E:\học tập\01.AnNDB\Docker\fullstack-docker-app\actions-runner\bin'
[2025-06-23 09:55:07Z INFO HostContext] Well known directory 'Root': 'E:\học tập\01.AnNDB\Docker\fullstack-docker-app\actions-runner'
[2025-06-23 09:55:07Z INFO HostContext] Well known directory 'Diag': 'E:\học tập\01.AnNDB\Docker\fullstack-docker-app\actions-runner\_diag'
[2025-06-23 09:55:07Z INFO JobExtension] Total accessible running process: 216.
[2025-06-23 09:55:07Z INFO HostContext] Well known directory 'Bin': 'E:\học tập\01.AnNDB\Docker\fullstack-docker-app\actions-runner\bin'
[2025-06-23 09:55:07Z INFO HostContext] Well known directory 'Root': 'E:\học tập\01.AnNDB\Docker\fullstack-docker-app\actions-runner'
[2025-06-23 09:55:07Z INFO HostContext] Well known directory 'Work': 'E:\học tập\01.AnNDB\Docker\fullstack-docker-app\actions-runner\_work'
[2025-06-23 09:55:07Z INFO JobExtension] Start checking service connectivity in background.
[2025-06-23 09:55:07Z INFO ExecutionContext] Publish step telemetry for current step {
  "action": "setup_job",
  "type": "runner",
  "stage": "Pre",
  "stepId": "c13de9eb-8a6b-4c74-ba5e-88a1733b0f38",
  "result": "succeeded",
  "errorMessages": [],
  "executionTimeInSeconds": 1,
  "startTime": "2025-06-23T09:55:07.5936918Z",
  "finishTime": "2025-06-23T09:55:07.6429257Z"
}.
[2025-06-23 09:55:07Z INFO JobRunner] Total job steps: 1.
[2025-06-23 09:55:07Z INFO JobRunner] Run all job steps.
[2025-06-23 09:55:07Z INFO StepsRunner] Processing step: DisplayName='Run echo "GitHub Actions is working"'
[2025-06-23 09:55:07Z INFO StepsRunner] Evaluating: success()
[2025-06-23 09:55:07Z INFO StepsRunner] Result: true
[2025-06-23 09:55:07Z INFO StepsRunner] Starting the step.
[2025-06-23 09:55:07Z INFO HostContext] Well known directory 'Bin': 'E:\học tập\01.AnNDB\Docker\fullstack-docker-app\actions-runner\bin'
[2025-06-23 09:55:07Z INFO HostContext] Well known directory 'Root': 'E:\học tập\01.AnNDB\Docker\fullstack-docker-app\actions-runner'
[2025-06-23 09:55:07Z INFO HostContext] Well known directory 'Work': 'E:\học tập\01.AnNDB\Docker\fullstack-docker-app\actions-runner\_work'
[2025-06-23 09:55:07Z INFO StepsRunner] Which2: 'chcp'
[2025-06-23 09:55:07Z INFO StepsRunner] Location: 'C:\WINDOWS\system32\chcp.COM'
[2025-06-23 09:55:07Z INFO ProcessInvokerWrapper] Starting process:
[2025-06-23 09:55:07Z INFO ProcessInvokerWrapper]   File name: 'C:\WINDOWS\system32\chcp.COM'
[2025-06-23 09:55:07Z INFO ProcessInvokerWrapper]   Arguments: '65001'
[2025-06-23 09:55:07Z INFO ProcessInvokerWrapper]   Working directory: 'E:\học tập\01.AnNDB\Docker\fullstack-docker-app\actions-runner\_work'
[2025-06-23 09:55:07Z INFO ProcessInvokerWrapper]   Require exit code zero: 'False'
[2025-06-23 09:55:07Z INFO ProcessInvokerWrapper]   Encoding web name:  ; code page: ''
[2025-06-23 09:55:07Z INFO ProcessInvokerWrapper]   Force kill process on cancellation: 'False'
[2025-06-23 09:55:07Z INFO ProcessInvokerWrapper]   Redirected STDIN: 'False'
[2025-06-23 09:55:07Z INFO ProcessInvokerWrapper]   Persist current code page: 'True'
[2025-06-23 09:55:07Z INFO ProcessInvokerWrapper]   Keep redirected STDIN open: 'False'
[2025-06-23 09:55:07Z INFO ProcessInvokerWrapper]   High priority process: 'False'
[2025-06-23 09:55:07Z INFO ProcessInvokerWrapper] Process started with process id 6004, waiting for process exit.
[2025-06-23 09:55:07Z INFO Worker] Listening for cancel message from the channel.
[2025-06-23 09:55:07Z INFO Worker] Waiting for the job to complete or for a cancel message from the channel.
[2025-06-23 09:55:07Z INFO ProcessInvokerWrapper] STDOUT/STDERR stream read finished.
[2025-06-23 09:55:07Z INFO ProcessInvokerWrapper] STDOUT/STDERR stream read finished.
[2025-06-23 09:55:07Z INFO ProcessInvokerWrapper] Finished process 6004 with exit code 0, and elapsed time 00:00:00.0149816.
[2025-06-23 09:55:07Z INFO StepsRunner] Successfully returned to code page 65001 (UTF8)
[2025-06-23 09:55:07Z INFO HostContext] Well known directory 'Bin': 'E:\học tập\01.AnNDB\Docker\fullstack-docker-app\actions-runner\bin'
[2025-06-23 09:55:07Z INFO HostContext] Well known directory 'Root': 'E:\học tập\01.AnNDB\Docker\fullstack-docker-app\actions-runner'
[2025-06-23 09:55:07Z INFO HostContext] Well known directory 'Work': 'E:\học tập\01.AnNDB\Docker\fullstack-docker-app\actions-runner\_work'
[2025-06-23 09:55:07Z INFO HostContext] Well known directory 'Temp': 'E:\học tập\01.AnNDB\Docker\fullstack-docker-app\actions-runner\_work\_temp'
[2025-06-23 09:55:07Z INFO ExecutionContext] Write event payload to E:\học tập\01.AnNDB\Docker\fullstack-docker-app\actions-runner\_work\_temp\_github_workflow\event.json
[2025-06-23 09:55:07Z INFO HostContext] Well known directory 'Bin': 'E:\học tập\01.AnNDB\Docker\fullstack-docker-app\actions-runner\bin'
[2025-06-23 09:55:07Z INFO HostContext] Well known directory 'Root': 'E:\học tập\01.AnNDB\Docker\fullstack-docker-app\actions-runner'
[2025-06-23 09:55:07Z INFO HostContext] Well known directory 'Work': 'E:\học tập\01.AnNDB\Docker\fullstack-docker-app\actions-runner\_work'
[2025-06-23 09:55:07Z INFO HostContext] Well known directory 'Temp': 'E:\học tập\01.AnNDB\Docker\fullstack-docker-app\actions-runner\_work\_temp'
[2025-06-23 09:55:07Z INFO ExtensionManager] Getting extensions for interface: 'GitHub.Runner.Worker.IFileCommandExtension'
[2025-06-23 09:55:07Z INFO ExtensionManager] Creating instance: GitHub.Runner.Worker.AddPathFileCommand, Runner.Worker
[2025-06-23 09:55:07Z INFO ExtensionManager] Creating instance: GitHub.Runner.Worker.SetEnvFileCommand, Runner.Worker
[2025-06-23 09:55:07Z INFO ExtensionManager] Creating instance: GitHub.Runner.Worker.CreateStepSummaryCommand, Runner.Worker
[2025-06-23 09:55:07Z INFO ExtensionManager] Creating instance: GitHub.Runner.Worker.SaveStateFileCommand, Runner.Worker
[2025-06-23 09:55:07Z INFO ExtensionManager] Creating instance: GitHub.Runner.Worker.SetOutputFileCommand, Runner.Worker
[2025-06-23 09:55:07Z INFO ExtensionManager] Getting extensions for interface: 'GitHub.Runner.Worker.IActionCommandExtension'
[2025-06-23 09:55:07Z INFO ExtensionManager] Creating instance: GitHub.Runner.Worker.InternalPluginSetRepoPathCommandExtension, Runner.Worker
[2025-06-23 09:55:07Z INFO ExtensionManager] Creating instance: GitHub.Runner.Worker.SetEnvCommandExtension, Runner.Worker
[2025-06-23 09:55:07Z INFO ExtensionManager] Creating instance: GitHub.Runner.Worker.SetOutputCommandExtension, Runner.Worker
[2025-06-23 09:55:07Z INFO ExtensionManager] Creating instance: GitHub.Runner.Worker.SaveStateCommandExtension, Runner.Worker
[2025-06-23 09:55:07Z INFO ExtensionManager] Creating instance: GitHub.Runner.Worker.AddPathCommandExtension, Runner.Worker
[2025-06-23 09:55:07Z INFO ExtensionManager] Creating instance: GitHub.Runner.Worker.AddMaskCommandExtension, Runner.Worker
[2025-06-23 09:55:07Z INFO ExtensionManager] Creating instance: GitHub.Runner.Worker.AddMatcherCommandExtension, Runner.Worker
[2025-06-23 09:55:07Z INFO ExtensionManager] Creating instance: GitHub.Runner.Worker.RemoveMatcherCommandExtension, Runner.Worker
[2025-06-23 09:55:07Z INFO ExtensionManager] Creating instance: GitHub.Runner.Worker.WarningCommandExtension, Runner.Worker
[2025-06-23 09:55:07Z INFO ExtensionManager] Creating instance: GitHub.Runner.Worker.ErrorCommandExtension, Runner.Worker
[2025-06-23 09:55:07Z INFO ExtensionManager] Creating instance: GitHub.Runner.Worker.NoticeCommandExtension, Runner.Worker
[2025-06-23 09:55:07Z INFO ExtensionManager] Creating instance: GitHub.Runner.Worker.DebugCommandExtension, Runner.Worker
[2025-06-23 09:55:07Z INFO ExtensionManager] Creating instance: GitHub.Runner.Worker.GroupCommandExtension, Runner.Worker
[2025-06-23 09:55:07Z INFO ExtensionManager] Creating instance: GitHub.Runner.Worker.EndGroupCommandExtension, Runner.Worker
[2025-06-23 09:55:07Z INFO ExtensionManager] Creating instance: GitHub.Runner.Worker.EchoCommandExtension, Runner.Worker
[2025-06-23 09:55:07Z INFO ActionCommandManager] Register action command extension for command internal-set-repo-path
[2025-06-23 09:55:07Z INFO ActionCommandManager] Register action command extension for command set-env
[2025-06-23 09:55:07Z INFO ActionCommandManager] Register action command extension for command set-output
[2025-06-23 09:55:07Z INFO ActionCommandManager] Register action command extension for command save-state
[2025-06-23 09:55:07Z INFO ActionCommandManager] Register action command extension for command add-path
[2025-06-23 09:55:07Z INFO ActionCommandManager] Register action command extension for command add-mask
[2025-06-23 09:55:07Z INFO ActionCommandManager] Register action command extension for command add-matcher
[2025-06-23 09:55:07Z INFO ActionCommandManager] Register action command extension for command remove-matcher
[2025-06-23 09:55:07Z INFO ActionCommandManager] Register action command extension for command warning
[2025-06-23 09:55:07Z INFO ActionCommandManager] Register action command extension for command error
[2025-06-23 09:55:07Z INFO ActionCommandManager] Register action command extension for command notice
[2025-06-23 09:55:07Z INFO ActionCommandManager] Register action command extension for command debug
[2025-06-23 09:55:07Z INFO ActionCommandManager] Register action command extension for command group
[2025-06-23 09:55:07Z INFO ActionCommandManager] Register action command extension for command endgroup
[2025-06-23 09:55:07Z INFO ActionCommandManager] Register action command extension for command echo
[2025-06-23 09:55:07Z INFO ScriptHandler] Which2: 'pwsh'
[2025-06-23 09:55:08Z INFO ScriptHandler] pwsh: command not found. Make sure 'pwsh' is installed and its location included in the 'Path' environment variable.
[2025-06-23 09:55:08Z INFO ScriptHandler] Defaulting to powershell
[2025-06-23 09:55:08Z INFO ScriptHandler] Which2: 'powershell'
[2025-06-23 09:55:08Z INFO ScriptHandler] Location: 'C:\WINDOWS\System32\WindowsPowerShell\v1.0\powershell.EXE'
[2025-06-23 09:55:08Z INFO HostContext] Well known directory 'Bin': 'E:\học tập\01.AnNDB\Docker\fullstack-docker-app\actions-runner\bin'
[2025-06-23 09:55:08Z INFO HostContext] Well known directory 'Root': 'E:\học tập\01.AnNDB\Docker\fullstack-docker-app\actions-runner'
[2025-06-23 09:55:08Z INFO HostContext] Well known directory 'Work': 'E:\học tập\01.AnNDB\Docker\fullstack-docker-app\actions-runner\_work'
[2025-06-23 09:55:08Z INFO HostContext] Well known directory 'Temp': 'E:\học tập\01.AnNDB\Docker\fullstack-docker-app\actions-runner\_work\_temp'
[2025-06-23 09:55:08Z INFO ScriptHandler] Which2: 'pwsh'
[2025-06-23 09:55:08Z INFO ScriptHandler] pwsh: command not found. Make sure 'pwsh' is installed and its location included in the 'Path' environment variable.
[2025-06-23 09:55:08Z INFO ScriptHandler] Defaulting to powershell
[2025-06-23 09:55:08Z INFO ScriptHandler] Which2: 'powershell'
[2025-06-23 09:55:08Z INFO ScriptHandler] Location: 'C:\WINDOWS\System32\WindowsPowerShell\v1.0\powershell.EXE'
[2025-06-23 09:55:08Z INFO ProcessInvokerWrapper] Starting process:
[2025-06-23 09:55:08Z INFO ProcessInvokerWrapper]   File name: 'C:\WINDOWS\System32\WindowsPowerShell\v1.0\powershell.EXE'
[2025-06-23 09:55:08Z INFO ProcessInvokerWrapper]   Arguments: '-command ". 'E:\học tập\01.AnNDB\Docker\fullstack-docker-app\actions-runner\_work\_temp\29ee92b3-6f16-4e12-97a7-a8aaa1cdfb5f.ps1'"'
[2025-06-23 09:55:08Z INFO ProcessInvokerWrapper]   Working directory: 'E:\học tập\01.AnNDB\Docker\fullstack-docker-app\actions-runner\_work\fullstack-docker-app\fullstack-docker-app'
[2025-06-23 09:55:08Z INFO ProcessInvokerWrapper]   Require exit code zero: 'False'
[2025-06-23 09:55:08Z INFO ProcessInvokerWrapper]   Encoding web name:  ; code page: ''
[2025-06-23 09:55:08Z INFO ProcessInvokerWrapper]   Force kill process on cancellation: 'False'
[2025-06-23 09:55:08Z INFO ProcessInvokerWrapper]   Redirected STDIN: 'False'
[2025-06-23 09:55:08Z INFO ProcessInvokerWrapper]   Persist current code page: 'True'
[2025-06-23 09:55:08Z INFO ProcessInvokerWrapper]   Keep redirected STDIN open: 'False'
[2025-06-23 09:55:08Z INFO ProcessInvokerWrapper]   High priority process: 'False'
[2025-06-23 09:55:08Z INFO ProcessInvokerWrapper] Process started with process id 11172, waiting for process exit.
[2025-06-23 09:55:08Z INFO ResultServer] Successfully started websocket client.
[2025-06-23 09:55:08Z INFO JobServerQueue] Try to append 1 batches web console lines for record 'c13de9eb-8a6b-4c74-ba5e-88a1733b0f38', success rate: 1/1.
[2025-06-23 09:55:08Z INFO JobServerQueue] Try to append 1 batches web console lines for record '10b09bab-5592-487e-9abb-86a0885b3a68', success rate: 1/1.
[2025-06-23 09:55:08Z INFO JobServerQueue] Got a step log file to send to results service.
[2025-06-23 09:55:08Z INFO JobServerQueue] Starting upload of step log file to results service ResultsLog, E:\học tập\01.AnNDB\Docker\fullstack-docker-app\actions-runner\_diag\blocks\091aa1c8-7012-47d6-9e38-300dc5e09c13_c13de9eb-8a6b-4c74-ba5e-88a1733b0f38.1
[2025-06-23 09:55:08Z INFO JobServerQueue] Try to upload 1 log files or attachments, success rate: 1/1.
[2025-06-23 09:55:08Z INFO ProcessInvokerWrapper] STDOUT/STDERR stream read finished.
[2025-06-23 09:55:08Z INFO ProcessInvokerWrapper] STDOUT/STDERR stream read finished.
[2025-06-23 09:55:08Z INFO ProcessInvokerWrapper] Finished process 11172 with exit code 0, and elapsed time 00:00:00.2821134.
[2025-06-23 09:55:08Z INFO CreateStepSummaryCommand] Step Summary file (E:\học tập\01.AnNDB\Docker\fullstack-docker-app\actions-runner\_work\_temp\_runner_file_commands\step_summary_ea40dcf4-38cc-49af-9159-7d6b81edd6f4) is empty; skipping attachment upload
[2025-06-23 09:55:08Z INFO StepsRunner] Step result: 
[2025-06-23 09:55:08Z INFO ExecutionContext] Publish step telemetry for current step {
  "action": "powershell",
  "type": "run",
  "stage": "Main",
  "stepId": "10b09bab-5592-487e-9abb-86a0885b3a68",
  "stepContextName": "__run",
  "result": "succeeded",
  "errorMessages": [],
  "executionTimeInSeconds": 2,
  "startTime": "2025-06-23T09:55:07.6527451Z",
  "finishTime": "2025-06-23T09:55:08.6903437Z"
}.
[2025-06-23 09:55:08Z INFO StepsRunner] No need for updating job result with current step result 'Succeeded'.
[2025-06-23 09:55:08Z INFO StepsRunner] Current state: job state = ''
[2025-06-23 09:55:08Z INFO JobRunner] Finalize job.
[2025-06-23 09:55:08Z INFO HostContext] Well known directory 'Bin': 'E:\học tập\01.AnNDB\Docker\fullstack-docker-app\actions-runner\bin'
[2025-06-23 09:55:08Z INFO HostContext] Well known directory 'Root': 'E:\học tập\01.AnNDB\Docker\fullstack-docker-app\actions-runner'
[2025-06-23 09:55:08Z INFO HostContext] Well known directory 'Diag': 'E:\học tập\01.AnNDB\Docker\fullstack-docker-app\actions-runner\_diag'
[2025-06-23 09:55:08Z INFO HostContext] Well known directory 'Bin': 'E:\học tập\01.AnNDB\Docker\fullstack-docker-app\actions-runner\bin'
[2025-06-23 09:55:08Z INFO HostContext] Well known directory 'Root': 'E:\học tập\01.AnNDB\Docker\fullstack-docker-app\actions-runner'
[2025-06-23 09:55:08Z INFO HostContext] Well known directory 'Diag': 'E:\học tập\01.AnNDB\Docker\fullstack-docker-app\actions-runner\_diag'
[2025-06-23 09:55:08Z INFO JobExtension] Initialize Env context
[2025-06-23 09:55:08Z INFO JobExtension] Initialize steps context
[2025-06-23 09:55:08Z INFO JobExtension] Total accessible running process: 216.
[2025-06-23 09:55:08Z INFO ExecutionContext] Publish step telemetry for current step {
  "action": "complete_job",
  "type": "runner",
  "stage": "Post",
  "stepId": "77b2a6ef-24de-4b08-bffb-579749e1ad5a",
  "result": "succeeded",
  "errorMessages": [],
  "executionTimeInSeconds": 1,
  "startTime": "2025-06-23T09:55:08.6949203Z",
  "finishTime": "2025-06-23T09:55:08.7010365Z"
}.
[2025-06-23 09:55:08Z INFO JobRunner] Job result after all job steps finish: Succeeded
[2025-06-23 09:55:08Z INFO JobRunner] Completing the job execution context.
[2025-06-23 09:55:08Z INFO JobRunner] Shutting down the job server queue.
[2025-06-23 09:55:08Z INFO JobServerQueue] Fire signal to shutdown all queues.
[2025-06-23 09:55:08Z INFO JobServerQueue] Job timeline record has been updated for the first time.
[2025-06-23 09:55:11Z INFO JobServerQueue] Tried to upload 1 file(s) to results, success rate: 1/1.
[2025-06-23 09:55:12Z INFO JobServerQueue] All queue process task stopped.
[2025-06-23 09:55:12Z INFO JobServerQueue] Try to append 1 batches web console lines for record '10b09bab-5592-487e-9abb-86a0885b3a68', success rate: 1/1.
[2025-06-23 09:55:12Z INFO JobServerQueue] Try to append 1 batches web console lines for record '77b2a6ef-24de-4b08-bffb-579749e1ad5a', success rate: 1/1.
[2025-06-23 09:55:12Z INFO JobServerQueue] Web console line queue drained.
[2025-06-23 09:55:12Z INFO JobServerQueue] Uploading 3 files in one shot.
[2025-06-23 09:55:12Z INFO JobServerQueue] Try to upload 3 log files or attachments, success rate: 3/3.
[2025-06-23 09:55:12Z INFO JobServerQueue] File upload queue drained.
[2025-06-23 09:55:12Z INFO JobServerQueue] Starting results-based upload queue...
[2025-06-23 09:55:12Z INFO JobServerQueue] Uploading 3 file(s) in one shot through results service.
[2025-06-23 09:55:12Z INFO JobServerQueue] Got a step log file to send to results service.
[2025-06-23 09:55:12Z INFO JobServerQueue] Starting upload of step log file to results service ResultsLog, E:\học tập\01.AnNDB\Docker\fullstack-docker-app\actions-runner\_diag\blocks\091aa1c8-7012-47d6-9e38-300dc5e09c13_10b09bab-5592-487e-9abb-86a0885b3a68.1
[2025-06-23 09:55:12Z INFO JobServerQueue] Got a step log file to send to results service.
[2025-06-23 09:55:12Z INFO JobServerQueue] Starting upload of step log file to results service ResultsLog, E:\học tập\01.AnNDB\Docker\fullstack-docker-app\actions-runner\_diag\blocks\091aa1c8-7012-47d6-9e38-300dc5e09c13_77b2a6ef-24de-4b08-bffb-579749e1ad5a.1
[2025-06-23 09:55:13Z INFO JobServerQueue] Got a job log file to send to results service.
[2025-06-23 09:55:13Z INFO JobServerQueue] Starting upload of job log file to results service ResultsLog, E:\học tập\01.AnNDB\Docker\fullstack-docker-app\actions-runner\_diag\blocks\091aa1c8-7012-47d6-9e38-300dc5e09c13_7d4a70a5-599f-536f-b0c4-526baabb02cb.1
[2025-06-23 09:55:14Z INFO JobServerQueue] Tried to upload 3 file(s) to results, success rate: 3/3.
[2025-06-23 09:55:14Z INFO JobServerQueue] Results upload queue drained.
[2025-06-23 09:55:14Z INFO JobServerQueue] Timeline update queue drained.
[2025-06-23 09:55:14Z INFO JobServerQueue] Disposing job server ...
[2025-06-23 09:55:14Z INFO JobServerQueue] Disposing results server ...
[2025-06-23 09:55:14Z INFO JobServerQueue] All queue process tasks have been stopped, and all queues are drained.
[2025-06-23 09:55:14Z INFO TempDirectoryManager] Cleaning runner temp folder: E:\học tập\01.AnNDB\Docker\fullstack-docker-app\actions-runner\_work\_temp
[2025-06-23 09:55:14Z INFO HostContext] Well known directory 'Bin': 'E:\học tập\01.AnNDB\Docker\fullstack-docker-app\actions-runner\bin'
[2025-06-23 09:55:14Z INFO HostContext] Well known directory 'Root': 'E:\học tập\01.AnNDB\Docker\fullstack-docker-app\actions-runner'
[2025-06-23 09:55:14Z INFO HostContext] Well known directory 'Diag': 'E:\học tập\01.AnNDB\Docker\fullstack-docker-app\actions-runner\_diag'
[2025-06-23 09:55:14Z INFO HostContext] Well known config file 'Telemetry': 'E:\học tập\01.AnNDB\Docker\fullstack-docker-app\actions-runner\_diag\.telemetry'
[2025-06-23 09:55:14Z INFO JobRunner] Raising job completed against run service
[2025-06-23 09:55:15Z INFO Worker] Job completed.
